<?xml version="1.0" encoding="UTF-8"?>
<testsuite xmlns:xsi="http://www.w3.org/2001/XMLSchema-instance" xsi:noNamespaceSchemaLocation="https://maven.apache.org/surefire/maven-surefire-plugin/xsd/surefire-test-report-3.0.xsd" version="3.0" name="com.decisionhub.security.AuthenticationIntegrationTest" time="18.191" tests="9" errors="0" skipped="0" failures="0">
  <properties>
[...]
</properties>
  <testcase name="testSuccessfulRegistrationAndLogin" classname="com.decisionhub.security.AuthenticationIntegrationTest" time="2.061">
    <system-out><![CDATA[2026-07-05T11:41:26.039+05:30  INFO 13012 --- [decisionhub-backend] [           main] t.c.s.AnnotationConfigContextLoaderUtils : Could not detect default configuration classes for test class [com.decisionhub.security.AuthenticationIntegrationTest]: AuthenticationIntegrationTest does not declare any static, non-private, non-final, nested classes annotated with @Configuration.
2026-07-05T11:41:26.067+05:30  INFO 13012 --- [decisionhub-backend] [           main] .b.t.c.SpringBootTestContextBootstrapper : Found @SpringBootConfiguration com.decisionhub.DecisionHubApplication for test class com.decisionhub.security.AuthenticationIntegrationTest
2026-07-05T11:41:26.085+05:30  INFO 13012 --- [decisionhub-backend] [           main] o.s.b.d.r.RestartApplicationListener     : Restart disabled due to context in which it is running

  .   ____          _            __ _ _
 /\\ / ___'_ __ _ _(_)_ __  __ _ \ \ \ \
( ( )\___ | '_ | '_| | '_ \/ _` | \ \ \ \
 \\/  ___)| |_)| | | | | || (_| |  ) ) ) )
  '  |____| .__|_| |_|_| |_\__, | / / / /
 =========|_|==============|___/=/_/_/_/

 :: Spring Boot ::                (v3.3.1)

2026-07-05T11:41:26.119+05:30  WARN 13012 --- [decisionhub-backend] [           main] ory$DuplicateJsonObjectContextCustomizer : 

Found multiple occurrences of org.json.JSONObject on the class path:

	jar:file:/C:/Users/sreeram/.m2/repository/org/json/json/20231013/json-20231013.jar!/org/json/JSONObject.class
	jar:file:/C:/Users/sreeram/.m2/repository/com/vaadin/external/google/android-json/0.0.20131108.vaadin1/android-json-0.0.20131108.vaadin1.jar!/org/json/JSONObject.class

You may wish to exclude one of them to ensure predictable runtime behavior

2026-07-05T11:41:26.121+05:30  INFO 13012 --- [decisionhub-backend] [           main] c.d.s.AuthenticationIntegrationTest      : Starting AuthenticationIntegrationTest using Java 24.0.1 with PID 13012 (started by sreeram in C:\Users\sreeram\OneDrive\Desktop\sweets)
2026-07-05T11:41:26.122+05:30 DEBUG 13012 --- [decisionhub-backend] [           main] c.d.s.AuthenticationIntegrationTest      : Running with Spring Boot v3.3.1, Spring v6.1.10
2026-07-05T11:41:26.122+05:30  INFO 13012 --- [decisionhub-backend] [           main] c.d.s.AuthenticationIntegrationTest      : The following 1 profile is active: "test"
2026-07-05T11:41:30.681+05:30  WARN 13012 --- [decisionhub-backend] [           main] org.hibernate.orm.deprecation            : HHH90000025: PostgreSQLDialect does not need to be specified explicitly using 'hibernate.dialect' (remove the property setting and it will be selected by default)
2026-07-05T11:41:32.592+05:30 DEBUG 13012 --- [decisionhub-backend] [           main] org.hibernate.SQL                        : alter table if exists ai_recommendations alter column cons set data type TEXT
Hibernate: alter table if exists ai_recommendations alter column cons set data type TEXT
2026-07-05T11:41:32.595+05:30 DEBUG 13012 --- [decisionhub-backend] [           main] org.hibernate.SQL                        : alter table if exists ai_recommendations alter column pros set data type TEXT
Hibernate: alter table if exists ai_recommendations alter column pros set data type TEXT
2026-07-05T11:41:32.596+05:30 DEBUG 13012 --- [decisionhub-backend] [           main] org.hibernate.SQL                        : alter table if exists ai_recommendations alter column reasoning set data type TEXT
Hibernate: alter table if exists ai_recommendations alter column reasoning set data type TEXT
2026-07-05T11:41:32.596+05:30 DEBUG 13012 --- [decisionhub-backend] [           main] org.hibernate.SQL                        : alter table if exists ai_recommendations alter column recommendation set data type TEXT
Hibernate: alter table if exists ai_recommendations alter column recommendation set data type TEXT
2026-07-05T11:41:32.597+05:30 DEBUG 13012 --- [decisionhub-backend] [           main] org.hibernate.SQL                        : alter table if exists ai_recommendations alter column risks set data type TEXT
Hibernate: alter table if exists ai_recommendations alter column risks set data type TEXT
2026-07-05T11:41:32.598+05:30 DEBUG 13012 --- [decisionhub-backend] [           main] org.hibernate.SQL                        : alter table if exists ai_recommendations alter column suggestions set data type TEXT
Hibernate: alter table if exists ai_recommendations alter column suggestions set data type TEXT
2026-07-05T11:41:32.599+05:30 DEBUG 13012 --- [decisionhub-backend] [           main] org.hibernate.SQL                        : alter table if exists categories alter column description set data type TEXT
Hibernate: alter table if exists categories alter column description set data type TEXT
2026-07-05T11:41:32.602+05:30 DEBUG 13012 --- [decisionhub-backend] [           main] org.hibernate.SQL                        : alter table if exists comments alter column content set data type TEXT
Hibernate: alter table if exists comments alter column content set data type TEXT
2026-07-05T11:41:32.609+05:30 DEBUG 13012 --- [decisionhub-backend] [           main] org.hibernate.SQL                        : alter table if exists communities alter column description set data type TEXT
Hibernate: alter table if exists communities alter column description set data type TEXT
2026-07-05T11:41:32.615+05:30 DEBUG 13012 --- [decisionhub-backend] [           main] org.hibernate.SQL                        : alter table if exists decision_boards alter column description set data type TEXT
Hibernate: alter table if exists decision_boards alter column description set data type TEXT
2026-07-05T11:41:32.619+05:30 DEBUG 13012 --- [decisionhub-backend] [           main] org.hibernate.SQL                        : alter table if exists decision_options alter column description set data type TEXT
Hibernate: alter table if exists decision_options alter column description set data type TEXT
2026-07-05T11:41:32.621+05:30 DEBUG 13012 --- [decisionhub-backend] [           main] org.hibernate.SQL                        : alter table if exists events alter column error_message set data type TEXT
Hibernate: alter table if exists events alter column error_message set data type TEXT
2026-07-05T11:41:32.622+05:30 DEBUG 13012 --- [decisionhub-backend] [           main] org.hibernate.SQL                        : alter table if exists option_criteria alter column remarks set data type TEXT
Hibernate: alter table if exists option_criteria alter column remarks set data type TEXT
2026-07-05T11:41:34.171+05:30  INFO 13012 --- [decisionhub-backend] [           main] r$InitializeUserDetailsManagerConfigurer : Global AuthenticationManager configured with UserDetailsService bean with name customUserDetailsService
2026-07-05T11:41:36.512+05:30  WARN 13012 --- [decisionhub-backend] [           main] JpaBaseConfiguration$JpaWebConfiguration : spring.jpa.open-in-view is enabled by default. Therefore, database queries may be performed during view rendering. Explicitly configure spring.jpa.open-in-view to disable this warning
2026-07-05T11:41:37.525+05:30 DEBUG 13012 --- [decisionhub-backend] [           main] c.d.security.JwtAuthenticationFilter     : Filter 'jwtAuthenticationFilter' configured for use
2026-07-05T11:41:37.644+05:30  INFO 13012 --- [decisionhub-backend] [           main] c.d.s.AuthenticationIntegrationTest      : Started AuthenticationIntegrationTest in 11.56 seconds (process running for 20.73)
2026-07-05T11:41:37.907+05:30 DEBUG 13012 --- [decisionhub-backend] [           main] org.hibernate.SQL                        : select prt1_0.id,prt1_0.created_at,prt1_0.expires_at,prt1_0.token,prt1_0.user_id,prt1_0.version from password_reset_tokens prt1_0
Hibernate: select prt1_0.id,prt1_0.created_at,prt1_0.expires_at,prt1_0.token,prt1_0.user_id,prt1_0.version from password_reset_tokens prt1_0
2026-07-05T11:41:37.918+05:30 DEBUG 13012 --- [decisionhub-backend] [           main] org.hibernate.SQL                        : select rt1_0.id,rt1_0.created_at,rt1_0.created_by,rt1_0.deleted_at,rt1_0.expires_at,rt1_0.revoked,rt1_0.token,rt1_0.updated_at,rt1_0.updated_by,rt1_0.user_id,rt1_0.version from refresh_tokens rt1_0
Hibernate: select rt1_0.id,rt1_0.created_at,rt1_0.created_by,rt1_0.deleted_at,rt1_0.expires_at,rt1_0.revoked,rt1_0.token,rt1_0.updated_at,rt1_0.updated_by,rt1_0.user_id,rt1_0.version from refresh_tokens rt1_0
2026-07-05T11:41:37.975+05:30 DEBUG 13012 --- [decisionhub-backend] [           main] org.hibernate.SQL                        : delete from refresh_tokens where id=? and version=?
Hibernate: delete from refresh_tokens where id=? and version=?
2026-07-05T11:41:37.976+05:30 TRACE 13012 --- [decisionhub-backend] [           main] org.hibernate.orm.jdbc.bind              : binding parameter (1:UUID) <- [a4e5e4ed-6cde-4fc3-ae9a-79eef618265c]
2026-07-05T11:41:37.976+05:30 TRACE 13012 --- [decisionhub-backend] [           main] org.hibernate.orm.jdbc.bind              : binding parameter (2:BIGINT) <- [0]
2026-07-05T11:41:37.979+05:30 DEBUG 13012 --- [decisionhub-backend] [           main] org.hibernate.SQL                        : delete from refresh_tokens where id=? and version=?
Hibernate: delete from refresh_tokens where id=? and version=?
2026-07-05T11:41:37.980+05:30 TRACE 13012 --- [decisionhub-backend] [           main] org.hibernate.orm.jdbc.bind              : binding parameter (1:UUID) <- [d00e0c34-245f-4574-864f-dcf37d69cfd8]
2026-07-05T11:41:37.980+05:30 TRACE 13012 --- [decisionhub-backend] [           main] org.hibernate.orm.jdbc.bind              : binding parameter (2:BIGINT) <- [0]
2026-07-05T11:41:37.980+05:30 DEBUG 13012 --- [decisionhub-backend] [           main] org.hibernate.SQL                        : delete from refresh_tokens where id=? and version=?
Hibernate: delete from refresh_tokens where id=? and version=?
2026-07-05T11:41:37.980+05:30 TRACE 13012 --- [decisionhub-backend] [           main] org.hibernate.orm.jdbc.bind              : binding parameter (1:UUID) <- [3bf5e4c9-04c9-440e-9175-ede64a1e20f1]
2026-07-05T11:41:37.980+05:30 TRACE 13012 --- [decisionhub-backend] [           main] org.hibernate.orm.jdbc.bind              : binding parameter (2:BIGINT) <- [0]
2026-07-05T11:41:37.980+05:30 DEBUG 13012 --- [decisionhub-backend] [           main] org.hibernate.SQL                        : delete from refresh_tokens where id=? and version=?
Hibernate: delete from refresh_tokens where id=? and version=?
2026-07-05T11:41:37.980+05:30 TRACE 13012 --- [decisionhub-backend] [           main] org.hibernate.orm.jdbc.bind              : binding parameter (1:UUID) <- [b655c7cf-b20b-448c-9d88-fcdbeb055ebc]
2026-07-05T11:41:37.981+05:30 TRACE 13012 --- [decisionhub-backend] [           main] org.hibernate.orm.jdbc.bind              : binding parameter (2:BIGINT) <- [0]
2026-07-05T11:41:37.981+05:30 DEBUG 13012 --- [decisionhub-backend] [           main] org.hibernate.SQL                        : delete from refresh_tokens where id=? and version=?
Hibernate: delete from refresh_tokens where id=? and version=?
2026-07-05T11:41:37.981+05:30 TRACE 13012 --- [decisionhub-backend] [           main] org.hibernate.orm.jdbc.bind              : binding parameter (1:UUID) <- [16fd26c8-2ae9-4a33-a521-fad6729b2cd7]
2026-07-05T11:41:37.981+05:30 TRACE 13012 --- [decisionhub-backend] [           main] org.hibernate.orm.jdbc.bind              : binding parameter (2:BIGINT) <- [0]
2026-07-05T11:41:37.981+05:30 DEBUG 13012 --- [decisionhub-backend] [           main] org.hibernate.SQL                        : delete from refresh_tokens where id=? and version=?
Hibernate: delete from refresh_tokens where id=? and version=?
2026-07-05T11:41:37.981+05:30 TRACE 13012 --- [decisionhub-backend] [           main] org.hibernate.orm.jdbc.bind              : binding parameter (1:UUID) <- [37026b92-ed70-400d-b767-bb21881d163c]
2026-07-05T11:41:37.981+05:30 TRACE 13012 --- [decisionhub-backend] [           main] org.hibernate.orm.jdbc.bind              : binding parameter (2:BIGINT) <- [0]
2026-07-05T11:41:37.983+05:30 DEBUG 13012 --- [decisionhub-backend] [           main] org.hibernate.SQL                        : delete from refresh_tokens where id=? and version=?
Hibernate: delete from refresh_tokens where id=? and version=?
2026-07-05T11:41:37.984+05:30 TRACE 13012 --- [decisionhub-backend] [           main] org.hibernate.orm.jdbc.bind              : binding parameter (1:UUID) <- [ac85b45f-0023-4e6d-9507-0d70091234d9]
2026-07-05T11:41:37.984+05:30 TRACE 13012 --- [decisionhub-backend] [           main] org.hibernate.orm.jdbc.bind              : binding parameter (2:BIGINT) <- [0]
2026-07-05T11:41:37.985+05:30 DEBUG 13012 --- [decisionhub-backend] [           main] org.hibernate.SQL                        : delete from refresh_tokens where id=? and version=?
Hibernate: delete from refresh_tokens where id=? and version=?
2026-07-05T11:41:37.985+05:30 TRACE 13012 --- [decisionhub-backend] [           main] org.hibernate.orm.jdbc.bind              : binding parameter (1:UUID) <- [1990263b-7c93-4de0-a844-084690de78aa]
2026-07-05T11:41:37.985+05:30 TRACE 13012 --- [decisionhub-backend] [           main] org.hibernate.orm.jdbc.bind              : binding parameter (2:BIGINT) <- [0]
2026-07-05T11:41:37.986+05:30 DEBUG 13012 --- [decisionhub-backend] [           main] org.hibernate.SQL                        : delete from refresh_tokens where id=? and version=?
Hibernate: delete from refresh_tokens where id=? and version=?
2026-07-05T11:41:37.986+05:30 TRACE 13012 --- [decisionhub-backend] [           main] org.hibernate.orm.jdbc.bind              : binding parameter (1:UUID) <- [77dceec3-9be1-417e-92c9-9d3e20bf5fe8]
2026-07-05T11:41:37.986+05:30 TRACE 13012 --- [decisionhub-backend] [           main] org.hibernate.orm.jdbc.bind              : binding parameter (2:BIGINT) <- [0]
2026-07-05T11:41:37.987+05:30 DEBUG 13012 --- [decisionhub-backend] [           main] org.hibernate.SQL                        : delete from refresh_tokens where id=? and version=?
Hibernate: delete from refresh_tokens where id=? and version=?
2026-07-05T11:41:37.987+05:30 TRACE 13012 --- [decisionhub-backend] [           main] org.hibernate.orm.jdbc.bind              : binding parameter (1:UUID) <- [d6c1fa1f-653e-43cf-9a01-3b9a6476649d]
2026-07-05T11:41:37.987+05:30 TRACE 13012 --- [decisionhub-backend] [           main] org.hibernate.orm.jdbc.bind              : binding parameter (2:BIGINT) <- [0]
2026-07-05T11:41:37.987+05:30 DEBUG 13012 --- [decisionhub-backend] [           main] org.hibernate.SQL                        : delete from refresh_tokens where id=? and version=?
Hibernate: delete from refresh_tokens where id=? and version=?
2026-07-05T11:41:37.988+05:30 TRACE 13012 --- [decisionhub-backend] [           main] org.hibernate.orm.jdbc.bind              : binding parameter (1:UUID) <- [8800ffcf-18ed-46b0-a029-76901498eb71]
2026-07-05T11:41:37.988+05:30 TRACE 13012 --- [decisionhub-backend] [           main] org.hibernate.orm.jdbc.bind              : binding parameter (2:BIGINT) <- [0]
2026-07-05T11:41:37.988+05:30 DEBUG 13012 --- [decisionhub-backend] [           main] org.hibernate.SQL                        : delete from refresh_tokens where id=? and version=?
Hibernate: delete from refresh_tokens where id=? and version=?
2026-07-05T11:41:37.988+05:30 TRACE 13012 --- [decisionhub-backend] [           main] org.hibernate.orm.jdbc.bind              : binding parameter (1:UUID) <- [97ea4fea-9eba-4bd5-b973-b183af27e71c]
2026-07-05T11:41:37.989+05:30 TRACE 13012 --- [decisionhub-backend] [           main] org.hibernate.orm.jdbc.bind              : binding parameter (2:BIGINT) <- [0]
2026-07-05T11:41:37.990+05:30 DEBUG 13012 --- [decisionhub-backend] [           main] org.hibernate.SQL                        : delete from refresh_tokens where id=? and version=?
Hibernate: delete from refresh_tokens where id=? and version=?
2026-07-05T11:41:37.990+05:30 TRACE 13012 --- [decisionhub-backend] [           main] org.hibernate.orm.jdbc.bind              : binding parameter (1:UUID) <- [dac6a35f-b242-484c-812d-e29130522bc5]
2026-07-05T11:41:37.990+05:30 TRACE 13012 --- [decisionhub-backend] [           main] org.hibernate.orm.jdbc.bind              : binding parameter (2:BIGINT) <- [0]
2026-07-05T11:41:37.991+05:30 DEBUG 13012 --- [decisionhub-backend] [           main] org.hibernate.SQL                        : delete from refresh_tokens where id=? and version=?
Hibernate: delete from refresh_tokens where id=? and version=?
2026-07-05T11:41:37.991+05:30 TRACE 13012 --- [decisionhub-backend] [           main] org.hibernate.orm.jdbc.bind              : binding parameter (1:UUID) <- [bb746aee-f2b9-4e82-9d1e-41ab5b830638]
2026-07-05T11:41:37.991+05:30 TRACE 13012 --- [decisionhub-backend] [           main] org.hibernate.orm.jdbc.bind              : binding parameter (2:BIGINT) <- [0]
2026-07-05T11:41:37.992+05:30 DEBUG 13012 --- [decisionhub-backend] [           main] org.hibernate.SQL                        : delete from refresh_tokens where id=? and version=?
Hibernate: delete from refresh_tokens where id=? and version=?
2026-07-05T11:41:37.992+05:30 TRACE 13012 --- [decisionhub-backend] [           main] org.hibernate.orm.jdbc.bind              : binding parameter (1:UUID) <- [88ec8053-379c-4f24-b6a6-f17ede71a5d8]
2026-07-05T11:41:37.992+05:30 TRACE 13012 --- [decisionhub-backend] [           main] org.hibernate.orm.jdbc.bind              : binding parameter (2:BIGINT) <- [0]
2026-07-05T11:41:37.992+05:30 DEBUG 13012 --- [decisionhub-backend] [           main] org.hibernate.SQL                        : delete from refresh_tokens where id=? and version=?
Hibernate: delete from refresh_tokens where id=? and version=?
2026-07-05T11:41:37.992+05:30 TRACE 13012 --- [decisionhub-backend] [           main] org.hibernate.orm.jdbc.bind              : binding parameter (1:UUID) <- [b7fa0009-0625-4418-a12c-68f39ede4174]
2026-07-05T11:41:37.992+05:30 TRACE 13012 --- [decisionhub-backend] [           main] org.hibernate.orm.jdbc.bind              : binding parameter (2:BIGINT) <- [0]
2026-07-05T11:41:37.998+05:30 DEBUG 13012 --- [decisionhub-backend] [           main] org.hibernate.SQL                        : select u1_0.id,u1_0.avatar_url,u1_0.created_at,u1_0.created_by,u1_0.deleted_at,u1_0.email,u1_0.first_name,u1_0.last_name,u1_0.password_hash,u1_0.role_id,u1_0.status,u1_0.updated_at,u1_0.updated_by,u1_0.username,u1_0.version from users u1_0 where (u1_0.deleted_at IS NULL)
Hibernate: select u1_0.id,u1_0.avatar_url,u1_0.created_at,u1_0.created_by,u1_0.deleted_at,u1_0.email,u1_0.first_name,u1_0.last_name,u1_0.password_hash,u1_0.role_id,u1_0.status,u1_0.updated_at,u1_0.updated_by,u1_0.username,u1_0.version from users u1_0 where (u1_0.deleted_at IS NULL)
2026-07-05T11:41:38.002+05:30 DEBUG 13012 --- [decisionhub-backend] [           main] org.hibernate.SQL                        : UPDATE users SET deleted_at = CURRENT_TIMESTAMP(6) WHERE id = ? AND version = ?
Hibernate: UPDATE users SET deleted_at = CURRENT_TIMESTAMP(6) WHERE id = ? AND version = ?
2026-07-05T11:41:38.002+05:30 TRACE 13012 --- [decisionhub-backend] [           main] org.hibernate.orm.jdbc.bind              : binding parameter (1:UUID) <- [b4167f55-56e5-48f1-8a73-e51e28d1a95d]
2026-07-05T11:41:38.002+05:30 TRACE 13012 --- [decisionhub-backend] [           main] org.hibernate.orm.jdbc.bind              : binding parameter (2:BIGINT) <- [0]
2026-07-05T11:41:38.012+05:30 DEBUG 13012 --- [decisionhub-backend] [           main] org.hibernate.SQL                        : UPDATE users SET deleted_at = CURRENT_TIMESTAMP(6) WHERE id = ? AND version = ?
Hibernate: UPDATE users SET deleted_at = CURRENT_TIMESTAMP(6) WHERE id = ? AND version = ?
2026-07-05T11:41:38.012+05:30 TRACE 13012 --- [decisionhub-backend] [           main] org.hibernate.orm.jdbc.bind              : binding parameter (1:UUID) <- [505de859-1086-4f35-adee-42f10b80c731]
2026-07-05T11:41:38.012+05:30 TRACE 13012 --- [decisionhub-backend] [           main] org.hibernate.orm.jdbc.bind              : binding parameter (2:BIGINT) <- [0]
2026-07-05T11:41:38.058+05:30  INFO 13012 --- [decisionhub-backend] [           main] c.decisionhub.controller.AuthController  : Request received: Register user: integrationuser
2026-07-05T11:41:38.060+05:30  INFO 13012 --- [decisionhub-backend] [           main] c.d.s.impl.AuthenticationServiceImpl     : Attempting registration for username: integrationuser and email: integration@test.com
2026-07-05T11:41:38.079+05:30 DEBUG 13012 --- [decisionhub-backend] [           main] org.hibernate.SQL                        : select u1_0.id from users u1_0 where (u1_0.deleted_at IS NULL) and u1_0.username=? fetch first ? rows only
Hibernate: select u1_0.id from users u1_0 where (u1_0.deleted_at IS NULL) and u1_0.username=? fetch first ? rows only
2026-07-05T11:41:38.079+05:30 TRACE 13012 --- [decisionhub-backend] [           main] org.hibernate.orm.jdbc.bind              : binding parameter (1:VARCHAR) <- [integrationuser]
2026-07-05T11:41:38.080+05:30 TRACE 13012 --- [decisionhub-backend] [           main] org.hibernate.orm.jdbc.bind              : binding parameter (2:INTEGER) <- [1]
2026-07-05T11:41:38.087+05:30 DEBUG 13012 --- [decisionhub-backend] [           main] org.hibernate.SQL                        : select u1_0.id from users u1_0 where (u1_0.deleted_at IS NULL) and u1_0.email=? fetch first ? rows only
Hibernate: select u1_0.id from users u1_0 where (u1_0.deleted_at IS NULL) and u1_0.email=? fetch first ? rows only
2026-07-05T11:41:38.088+05:30 TRACE 13012 --- [decisionhub-backend] [           main] org.hibernate.orm.jdbc.bind              : binding parameter (1:VARCHAR) <- [integration@test.com]
2026-07-05T11:41:38.088+05:30 TRACE 13012 --- [decisionhub-backend] [           main] org.hibernate.orm.jdbc.bind              : binding parameter (2:INTEGER) <- [1]
2026-07-05T11:41:38.092+05:30 DEBUG 13012 --- [decisionhub-backend] [           main] org.hibernate.SQL                        : select r1_0.id,r1_0.created_at,r1_0.created_by,r1_0.deleted_at,r1_0.description,r1_0.name,r1_0.updated_at,r1_0.updated_by,r1_0.version from platform_roles r1_0 where r1_0.name=?
Hibernate: select r1_0.id,r1_0.created_at,r1_0.created_by,r1_0.deleted_at,r1_0.description,r1_0.name,r1_0.updated_at,r1_0.updated_by,r1_0.version from platform_roles r1_0 where r1_0.name=?
2026-07-05T11:41:38.092+05:30 TRACE 13012 --- [decisionhub-backend] [           main] org.hibernate.orm.jdbc.bind              : binding parameter (1:VARCHAR) <- [ROLE_USER]
2026-07-05T11:41:38.512+05:30  INFO 13012 --- [decisionhub-backend] [           main] c.d.s.impl.AuthenticationServiceImpl     : User registered successfully with ID: 548fa28e-9574-4af3-9409-0f472bab75a9
2026-07-05T11:41:38.529+05:30 DEBUG 13012 --- [decisionhub-backend] [           main] org.hibernate.SQL                        : insert into users (avatar_url,created_at,created_by,deleted_at,email,first_name,last_name,password_hash,role_id,status,updated_at,updated_by,username,version,id) values (?,?,?,?,?,?,?,?,?,?,?,?,?,?,?)
Hibernate: insert into users (avatar_url,created_at,created_by,deleted_at,email,first_name,last_name,password_hash,role_id,status,updated_at,updated_by,username,version,id) values (?,?,?,?,?,?,?,?,?,?,?,?,?,?,?)
2026-07-05T11:41:38.529+05:30 TRACE 13012 --- [decisionhub-backend] [           main] org.hibernate.orm.jdbc.bind              : binding parameter (1:VARCHAR) <- [null]
2026-07-05T11:41:38.529+05:30 TRACE 13012 --- [decisionhub-backend] [           main] org.hibernate.orm.jdbc.bind              : binding parameter (2:TIMESTAMP_UTC) <- [2026-07-05T06:11:38.495399800Z]
2026-07-05T11:41:38.530+05:30 TRACE 13012 --- [decisionhub-backend] [           main] org.hibernate.orm.jdbc.bind              : binding parameter (3:VARCHAR) <- [null]
2026-07-05T11:41:38.530+05:30 TRACE 13012 --- [decisionhub-backend] [           main] org.hibernate.orm.jdbc.bind              : binding parameter (4:TIMESTAMP_UTC) <- [null]
2026-07-05T11:41:38.530+05:30 TRACE 13012 --- [decisionhub-backend] [           main] org.hibernate.orm.jdbc.bind              : binding parameter (5:VARCHAR) <- [integration@test.com]
2026-07-05T11:41:38.530+05:30 TRACE 13012 --- [decisionhub-backend] [           main] org.hibernate.orm.jdbc.bind              : binding parameter (6:VARCHAR) <- [First]
2026-07-05T11:41:38.531+05:30 TRACE 13012 --- [decisionhub-backend] [           main] org.hibernate.orm.jdbc.bind              : binding parameter (7:VARCHAR) <- [Last]
2026-07-05T11:41:38.531+05:30 TRACE 13012 --- [decisionhub-backend] [           main] org.hibernate.orm.jdbc.bind              : binding parameter (8:VARCHAR) <- [$2a$12$VToI1urIzjDJlGake4jv3.LB8ngy.2M.142X.9mhaNkgE86soyOrm]
2026-07-05T11:41:38.531+05:30 TRACE 13012 --- [decisionhub-backend] [           main] org.hibernate.orm.jdbc.bind              : binding parameter (9:UUID) <- [208d2932-67f0-4c91-b6e1-f56fc9a66219]
2026-07-05T11:41:38.531+05:30 TRACE 13012 --- [decisionhub-backend] [           main] org.hibernate.orm.jdbc.bind              : binding parameter (10:VARCHAR) <- [ACTIVE]
2026-07-05T11:41:38.531+05:30 TRACE 13012 --- [decisionhub-backend] [           main] org.hibernate.orm.jdbc.bind              : binding parameter (11:TIMESTAMP_UTC) <- [2026-07-05T06:11:38.495399800Z]
2026-07-05T11:41:38.531+05:30 TRACE 13012 --- [decisionhub-backend] [           main] org.hibernate.orm.jdbc.bind              : binding parameter (12:VARCHAR) <- [null]
2026-07-05T11:41:38.531+05:30 TRACE 13012 --- [decisionhub-backend] [           main] org.hibernate.orm.jdbc.bind              : binding parameter (13:VARCHAR) <- [integrationuser]
2026-07-05T11:41:38.531+05:30 TRACE 13012 --- [decisionhub-backend] [           main] org.hibernate.orm.jdbc.bind              : binding parameter (14:BIGINT) <- [0]
2026-07-05T11:41:38.531+05:30 TRACE 13012 --- [decisionhub-backend] [           main] org.hibernate.orm.jdbc.bind              : binding parameter (15:UUID) <- [548fa28e-9574-4af3-9409-0f472bab75a9]
2026-07-05T11:41:38.578+05:30 DEBUG 13012 --- [decisionhub-backend] [           main] org.hibernate.SQL                        : insert into audit_logs (action,created_at,ip_address,new_value,old_value,request_id,target_id,target_table,user_id,user_agent,id) values (?,?,?,?,?,?,?,?,?,?,?)
Hibernate: insert into audit_logs (action,created_at,ip_address,new_value,old_value,request_id,target_id,target_table,user_id,user_agent,id) values (?,?,?,?,?,?,?,?,?,?,?)
2026-07-05T11:41:38.579+05:30 TRACE 13012 --- [decisionhub-backend] [           main] org.hibernate.orm.jdbc.bind              : binding parameter (1:VARCHAR) <- [REGISTER]
2026-07-05T11:41:38.579+05:30 TRACE 13012 --- [decisionhub-backend] [           main] org.hibernate.orm.jdbc.bind              : binding parameter (2:TIMESTAMP_UTC) <- [2026-07-05T06:11:38.515599900Z]
2026-07-05T11:41:38.579+05:30 TRACE 13012 --- [decisionhub-backend] [           main] org.hibernate.orm.jdbc.bind              : binding parameter (3:VARCHAR) <- [127.0.0.1]
2026-07-05T11:41:38.579+05:30 TRACE 13012 --- [decisionhub-backend] [           main] org.hibernate.orm.jdbc.bind              : binding parameter (4:JSON) <- [null]
2026-07-05T11:41:38.579+05:30 TRACE 13012 --- [decisionhub-backend] [           main] org.hibernate.orm.jdbc.bind              : binding parameter (5:JSON) <- [null]
2026-07-05T11:41:38.579+05:30 TRACE 13012 --- [decisionhub-backend] [           main] org.hibernate.orm.jdbc.bind              : binding parameter (6:VARCHAR) <- [null]
2026-07-05T11:41:38.579+05:30 TRACE 13012 --- [decisionhub-backend] [           main] org.hibernate.orm.jdbc.bind              : binding parameter (7:UUID) <- [548fa28e-9574-4af3-9409-0f472bab75a9]
2026-07-05T11:41:38.579+05:30 TRACE 13012 --- [decisionhub-backend] [           main] org.hibernate.orm.jdbc.bind              : binding parameter (8:VARCHAR) <- [users]
2026-07-05T11:41:38.579+05:30 TRACE 13012 --- [decisionhub-backend] [           main] org.hibernate.orm.jdbc.bind              : binding parameter (9:UUID) <- [548fa28e-9574-4af3-9409-0f472bab75a9]
2026-07-05T11:41:38.579+05:30 TRACE 13012 --- [decisionhub-backend] [           main] org.hibernate.orm.jdbc.bind              : binding parameter (10:VARCHAR) <- [null]
2026-07-05T11:41:38.579+05:30 TRACE 13012 --- [decisionhub-backend] [           main] org.hibernate.orm.jdbc.bind              : binding parameter (11:UUID) <- [a379e18f-39ae-46f5-963e-39e245214fc4]
2026-07-05T11:41:38.653+05:30 DEBUG 13012 --- [decisionhub-backend] [           main] org.hibernate.SQL                        : select u1_0.id,u1_0.avatar_url,u1_0.created_at,u1_0.created_by,u1_0.deleted_at,u1_0.email,u1_0.first_name,u1_0.last_name,u1_0.password_hash,u1_0.role_id,r1_0.id,r1_0.created_at,r1_0.created_by,r1_0.deleted_at,r1_0.description,r1_0.name,p1_0.role_id,p1_1.id,p1_1.created_at,p1_1.created_by,p1_1.deleted_at,p1_1.description,p1_1.name,p1_1.updated_at,p1_1.updated_by,p1_1.version,r1_0.updated_at,r1_0.updated_by,r1_0.version,u1_0.status,u1_0.updated_at,u1_0.updated_by,u1_0.username,u1_0.version from users u1_0 join platform_roles r1_0 on r1_0.id=u1_0.role_id left join role_permissions p1_0 on r1_0.id=p1_0.role_id left join permissions p1_1 on p1_1.id=p1_0.permission_id where (u1_0.deleted_at IS NULL) and u1_0.username=?
Hibernate: select u1_0.id,u1_0.avatar_url,u1_0.created_at,u1_0.created_by,u1_0.deleted_at,u1_0.email,u1_0.first_name,u1_0.last_name,u1_0.password_hash,u1_0.role_id,r1_0.id,r1_0.created_at,r1_0.created_by,r1_0.deleted_at,r1_0.description,r1_0.name,p1_0.role_id,p1_1.id,p1_1.created_at,p1_1.created_by,p1_1.deleted_at,p1_1.description,p1_1.name,p1_1.updated_at,p1_1.updated_by,p1_1.version,r1_0.updated_at,r1_0.updated_by,r1_0.version,u1_0.status,u1_0.updated_at,u1_0.updated_by,u1_0.username,u1_0.version from users u1_0 join platform_roles r1_0 on r1_0.id=u1_0.role_id left join role_permissions p1_0 on r1_0.id=p1_0.role_id left join permissions p1_1 on p1_1.id=p1_0.permission_id where (u1_0.deleted_at IS NULL) and u1_0.username=?
2026-07-05T11:41:38.653+05:30 TRACE 13012 --- [decisionhub-backend] [           main] org.hibernate.orm.jdbc.bind              : binding parameter (1:VARCHAR) <- [integrationuser]
2026-07-05T11:41:39.047+05:30  INFO 13012 --- [decisionhub-backend] [           main] c.decisionhub.controller.AuthController  : Request received: Login user: integrationuser
2026-07-05T11:41:39.049+05:30  INFO 13012 --- [decisionhub-backend] [           main] c.d.s.impl.AuthenticationServiceImpl     : Authenticating user: integrationuser
2026-07-05T11:41:39.399+05:30 DEBUG 13012 --- [decisionhub-backend] [           main] org.hibernate.SQL                        : select u1_0.id,u1_0.avatar_url,u1_0.created_at,u1_0.created_by,u1_0.deleted_at,u1_0.email,u1_0.first_name,u1_0.last_name,u1_0.password_hash,u1_0.role_id,r1_0.id,r1_0.created_at,r1_0.created_by,r1_0.deleted_at,r1_0.description,r1_0.name,p1_0.role_id,p1_1.id,p1_1.created_at,p1_1.created_by,p1_1.deleted_at,p1_1.description,p1_1.name,p1_1.updated_at,p1_1.updated_by,p1_1.version,r1_0.updated_at,r1_0.updated_by,r1_0.version,u1_0.status,u1_0.updated_at,u1_0.updated_by,u1_0.username,u1_0.version from users u1_0 join platform_roles r1_0 on r1_0.id=u1_0.role_id left join role_permissions p1_0 on r1_0.id=p1_0.role_id left join permissions p1_1 on p1_1.id=p1_0.permission_id where (u1_0.deleted_at IS NULL) and u1_0.username=?
Hibernate: select u1_0.id,u1_0.avatar_url,u1_0.created_at,u1_0.created_by,u1_0.deleted_at,u1_0.email,u1_0.first_name,u1_0.last_name,u1_0.password_hash,u1_0.role_id,r1_0.id,r1_0.created_at,r1_0.created_by,r1_0.deleted_at,r1_0.description,r1_0.name,p1_0.role_id,p1_1.id,p1_1.created_at,p1_1.created_by,p1_1.deleted_at,p1_1.description,p1_1.name,p1_1.updated_at,p1_1.updated_by,p1_1.version,r1_0.updated_at,r1_0.updated_by,r1_0.version,u1_0.status,u1_0.updated_at,u1_0.updated_by,u1_0.username,u1_0.version from users u1_0 join platform_roles r1_0 on r1_0.id=u1_0.role_id left join role_permissions p1_0 on r1_0.id=p1_0.role_id left join permissions p1_1 on p1_1.id=p1_0.permission_id where (u1_0.deleted_at IS NULL) and u1_0.username=?
2026-07-05T11:41:39.399+05:30 TRACE 13012 --- [decisionhub-backend] [           main] org.hibernate.orm.jdbc.bind              : binding parameter (1:VARCHAR) <- [integrationuser]
2026-07-05T11:41:39.793+05:30 DEBUG 13012 --- [decisionhub-backend] [           main] org.hibernate.SQL                        : select rt1_0.id,rt1_0.created_at,rt1_0.created_by,rt1_0.deleted_at,rt1_0.expires_at,rt1_0.revoked,rt1_0.token,rt1_0.updated_at,rt1_0.updated_by,rt1_0.user_id,rt1_0.version from refresh_tokens rt1_0 where rt1_0.user_id=?
Hibernate: select rt1_0.id,rt1_0.created_at,rt1_0.created_by,rt1_0.deleted_at,rt1_0.expires_at,rt1_0.revoked,rt1_0.token,rt1_0.updated_at,rt1_0.updated_by,rt1_0.user_id,rt1_0.version from refresh_tokens rt1_0 where rt1_0.user_id=?
2026-07-05T11:41:39.793+05:30 TRACE 13012 --- [decisionhub-backend] [           main] org.hibernate.orm.jdbc.bind              : binding parameter (1:UUID) <- [548fa28e-9574-4af3-9409-0f472bab75a9]
2026-07-05T11:41:39.802+05:30  INFO 13012 --- [decisionhub-backend] [           main] c.d.s.impl.AuthenticationServiceImpl     : User integrationuser authenticated successfully
2026-07-05T11:41:39.804+05:30 DEBUG 13012 --- [decisionhub-backend] [           main] org.hibernate.SQL                        : insert into refresh_tokens (created_at,created_by,deleted_at,expires_at,revoked,token,updated_at,updated_by,user_id,version,id) values (?,?,?,?,?,?,?,?,?,?,?)
Hibernate: insert into refresh_tokens (created_at,created_by,deleted_at,expires_at,revoked,token,updated_at,updated_by,user_id,version,id) values (?,?,?,?,?,?,?,?,?,?,?)
2026-07-05T11:41:39.805+05:30 TRACE 13012 --- [decisionhub-backend] [           main] org.hibernate.orm.jdbc.bind              : binding parameter (1:TIMESTAMP_UTC) <- [2026-07-05T06:11:39.798920Z]
2026-07-05T11:41:39.806+05:30 TRACE 13012 --- [decisionhub-backend] [           main] org.hibernate.orm.jdbc.bind              : binding parameter (2:VARCHAR) <- [null]
2026-07-05T11:41:39.806+05:30 TRACE 13012 --- [decisionhub-backend] [           main] org.hibernate.orm.jdbc.bind              : binding parameter (3:TIMESTAMP_UTC) <- [null]
2026-07-05T11:41:39.806+05:30 TRACE 13012 --- [decisionhub-backend] [           main] org.hibernate.orm.jdbc.bind              : binding parameter (4:TIMESTAMP_UTC) <- [2026-07-05T06:21:39.795917600Z]
2026-07-05T11:41:39.806+05:30 TRACE 13012 --- [decisionhub-backend] [           main] org.hibernate.orm.jdbc.bind              : binding parameter (5:BOOLEAN) <- [false]
2026-07-05T11:41:39.806+05:30 TRACE 13012 --- [decisionhub-backend] [           main] org.hibernate.orm.jdbc.bind              : binding parameter (6:VARCHAR) <- [9291fc70-98aa-48dd-81ee-5922674f90d2]
2026-07-05T11:41:39.806+05:30 TRACE 13012 --- [decisionhub-backend] [           main] org.hibernate.orm.jdbc.bind              : binding parameter (7:TIMESTAMP_UTC) <- [2026-07-05T06:11:39.798920Z]
2026-07-05T11:41:39.806+05:30 TRACE 13012 --- [decisionhub-backend] [           main] org.hibernate.orm.jdbc.bind              : binding parameter (8:VARCHAR) <- [null]
2026-07-05T11:41:39.806+05:30 TRACE 13012 --- [decisionhub-backend] [           main] org.hibernate.orm.jdbc.bind              : binding parameter (9:UUID) <- [548fa28e-9574-4af3-9409-0f472bab75a9]
2026-07-05T11:41:39.806+05:30 TRACE 13012 --- [decisionhub-backend] [           main] org.hibernate.orm.jdbc.bind              : binding parameter (10:BIGINT) <- [0]
2026-07-05T11:41:39.806+05:30 TRACE 13012 --- [decisionhub-backend] [           main] org.hibernate.orm.jdbc.bind              : binding parameter (11:UUID) <- [a1530f2e-4847-4766-882d-884989d2901e]
2026-07-05T11:41:39.808+05:30 DEBUG 13012 --- [decisionhub-backend] [           main] org.hibernate.SQL                        : insert into audit_logs (action,created_at,ip_address,new_value,old_value,request_id,target_id,target_table,user_id,user_agent,id) values (?,?,?,?,?,?,?,?,?,?,?)
Hibernate: insert into audit_logs (action,created_at,ip_address,new_value,old_value,request_id,target_id,target_table,user_id,user_agent,id) values (?,?,?,?,?,?,?,?,?,?,?)
2026-07-05T11:41:39.809+05:30 TRACE 13012 --- [decisionhub-backend] [           main] org.hibernate.orm.jdbc.bind              : binding parameter (1:VARCHAR) <- [LOGIN]
2026-07-05T11:41:39.809+05:30 TRACE 13012 --- [decisionhub-backend] [           main] org.hibernate.orm.jdbc.bind              : binding parameter (2:TIMESTAMP_UTC) <- [2026-07-05T06:11:39.802020100Z]
2026-07-05T11:41:39.809+05:30 TRACE 13012 --- [decisionhub-backend] [           main] org.hibernate.orm.jdbc.bind              : binding parameter (3:VARCHAR) <- [127.0.0.1]
2026-07-05T11:41:39.809+05:30 TRACE 13012 --- [decisionhub-backend] [           main] org.hibernate.orm.jdbc.bind              : binding parameter (4:JSON) <- [null]
2026-07-05T11:41:39.809+05:30 TRACE 13012 --- [decisionhub-backend] [           main] org.hibernate.orm.jdbc.bind              : binding parameter (5:JSON) <- [null]
2026-07-05T11:41:39.810+05:30 TRACE 13012 --- [decisionhub-backend] [           main] org.hibernate.orm.jdbc.bind              : binding parameter (6:VARCHAR) <- [null]
2026-07-05T11:41:39.810+05:30 TRACE 13012 --- [decisionhub-backend] [           main] org.hibernate.orm.jdbc.bind              : binding parameter (7:UUID) <- [548fa28e-9574-4af3-9409-0f472bab75a9]
2026-07-05T11:41:39.810+05:30 TRACE 13012 --- [decisionhub-backend] [           main] org.hibernate.orm.jdbc.bind              : binding parameter (8:VARCHAR) <- [users]
2026-07-05T11:41:39.810+05:30 TRACE 13012 --- [decisionhub-backend] [           main] org.hibernate.orm.jdbc.bind              : binding parameter (9:UUID) <- [548fa28e-9574-4af3-9409-0f472bab75a9]
2026-07-05T11:41:39.810+05:30 TRACE 13012 --- [decisionhub-backend] [           main] org.hibernate.orm.jdbc.bind              : binding parameter (10:VARCHAR) <- [null]
2026-07-05T11:41:39.810+05:30 TRACE 13012 --- [decisionhub-backend] [           main] org.hibernate.orm.jdbc.bind              : binding parameter (11:UUID) <- [b698a11e-5736-4b3b-875d-bbfda6837196]
]]></system-out>
  </testcase>
  <testcase name="testJwtAccessControlScenarios" classname="com.decisionhub.security.AuthenticationIntegrationTest" time="0.063">
    <system-out><![CDATA[2026-07-05T11:41:39.826+05:30 DEBUG 13012 --- [decisionhub-backend] [           main] org.hibernate.SQL                        : select prt1_0.id,prt1_0.created_at,prt1_0.expires_at,prt1_0.token,prt1_0.user_id,prt1_0.version from password_reset_tokens prt1_0
Hibernate: select prt1_0.id,prt1_0.created_at,prt1_0.expires_at,prt1_0.token,prt1_0.user_id,prt1_0.version from password_reset_tokens prt1_0
2026-07-05T11:41:39.828+05:30 DEBUG 13012 --- [decisionhub-backend] [           main] org.hibernate.SQL                        : select rt1_0.id,rt1_0.created_at,rt1_0.created_by,rt1_0.deleted_at,rt1_0.expires_at,rt1_0.revoked,rt1_0.token,rt1_0.updated_at,rt1_0.updated_by,rt1_0.user_id,rt1_0.version from refresh_tokens rt1_0
Hibernate: select rt1_0.id,rt1_0.created_at,rt1_0.created_by,rt1_0.deleted_at,rt1_0.expires_at,rt1_0.revoked,rt1_0.token,rt1_0.updated_at,rt1_0.updated_by,rt1_0.user_id,rt1_0.version from refresh_tokens rt1_0
2026-07-05T11:41:39.830+05:30 DEBUG 13012 --- [decisionhub-backend] [           main] org.hibernate.SQL                        : delete from refresh_tokens where id=? and version=?
Hibernate: delete from refresh_tokens where id=? and version=?
2026-07-05T11:41:39.830+05:30 TRACE 13012 --- [decisionhub-backend] [           main] org.hibernate.orm.jdbc.bind              : binding parameter (1:UUID) <- [a1530f2e-4847-4766-882d-884989d2901e]
2026-07-05T11:41:39.830+05:30 TRACE 13012 --- [decisionhub-backend] [           main] org.hibernate.orm.jdbc.bind              : binding parameter (2:BIGINT) <- [0]
2026-07-05T11:41:39.832+05:30 DEBUG 13012 --- [decisionhub-backend] [           main] org.hibernate.SQL                        : select u1_0.id,u1_0.avatar_url,u1_0.created_at,u1_0.created_by,u1_0.deleted_at,u1_0.email,u1_0.first_name,u1_0.last_name,u1_0.password_hash,u1_0.role_id,u1_0.status,u1_0.updated_at,u1_0.updated_by,u1_0.username,u1_0.version from users u1_0 where (u1_0.deleted_at IS NULL)
Hibernate: select u1_0.id,u1_0.avatar_url,u1_0.created_at,u1_0.created_by,u1_0.deleted_at,u1_0.email,u1_0.first_name,u1_0.last_name,u1_0.password_hash,u1_0.role_id,u1_0.status,u1_0.updated_at,u1_0.updated_by,u1_0.username,u1_0.version from users u1_0 where (u1_0.deleted_at IS NULL)
2026-07-05T11:41:39.836+05:30 DEBUG 13012 --- [decisionhub-backend] [           main] org.hibernate.SQL                        : UPDATE users SET deleted_at = CURRENT_TIMESTAMP(6) WHERE id = ? AND version = ?
Hibernate: UPDATE users SET deleted_at = CURRENT_TIMESTAMP(6) WHERE id = ? AND version = ?
2026-07-05T11:41:39.836+05:30 TRACE 13012 --- [decisionhub-backend] [           main] org.hibernate.orm.jdbc.bind              : binding parameter (1:UUID) <- [548fa28e-9574-4af3-9409-0f472bab75a9]
2026-07-05T11:41:39.836+05:30 TRACE 13012 --- [decisionhub-backend] [           main] org.hibernate.orm.jdbc.bind              : binding parameter (2:BIGINT) <- [0]
2026-07-05T11:41:39.842+05:30  WARN 13012 --- [decisionhub-backend] [           main] c.d.s.JwtAuthenticationEntryPoint        : Unauthorized access attempt: Full authentication is required to access this resource to /decisions
2026-07-05T11:41:39.877+05:30  WARN 13012 --- [decisionhub-backend] [           main] c.d.security.JwtAuthenticationFilter     : JWT Authentication failed: JWT signature does not match locally computed signature. JWT validity cannot be asserted and should not be trusted.
2026-07-05T11:41:39.878+05:30  WARN 13012 --- [decisionhub-backend] [           main] c.d.s.JwtAuthenticationEntryPoint        : Unauthorized access attempt: Full authentication is required to access this resource to /decisions
2026-07-05T11:41:39.881+05:30  WARN 13012 --- [decisionhub-backend] [           main] c.d.s.JwtAuthenticationEntryPoint        : Unauthorized access attempt: Full authentication is required to access this resource to /decisions
]]></system-out>
  </testcase>
  <testcase name="testRefreshTokenRotationAndReuseDetection" classname="com.decisionhub.security.AuthenticationIntegrationTest" time="0.791">
    <system-out><![CDATA[2026-07-05T11:41:39.890+05:30 DEBUG 13012 --- [decisionhub-backend] [           main] org.hibernate.SQL                        : select prt1_0.id,prt1_0.created_at,prt1_0.expires_at,prt1_0.token,prt1_0.user_id,prt1_0.version from password_reset_tokens prt1_0
Hibernate: select prt1_0.id,prt1_0.created_at,prt1_0.expires_at,prt1_0.token,prt1_0.user_id,prt1_0.version from password_reset_tokens prt1_0
2026-07-05T11:41:39.892+05:30 DEBUG 13012 --- [decisionhub-backend] [           main] org.hibernate.SQL                        : select rt1_0.id,rt1_0.created_at,rt1_0.created_by,rt1_0.deleted_at,rt1_0.expires_at,rt1_0.revoked,rt1_0.token,rt1_0.updated_at,rt1_0.updated_by,rt1_0.user_id,rt1_0.version from refresh_tokens rt1_0
Hibernate: select rt1_0.id,rt1_0.created_at,rt1_0.created_by,rt1_0.deleted_at,rt1_0.expires_at,rt1_0.revoked,rt1_0.token,rt1_0.updated_at,rt1_0.updated_by,rt1_0.user_id,rt1_0.version from refresh_tokens rt1_0
2026-07-05T11:41:39.895+05:30 DEBUG 13012 --- [decisionhub-backend] [           main] org.hibernate.SQL                        : select u1_0.id,u1_0.avatar_url,u1_0.created_at,u1_0.created_by,u1_0.deleted_at,u1_0.email,u1_0.first_name,u1_0.last_name,u1_0.password_hash,u1_0.role_id,u1_0.status,u1_0.updated_at,u1_0.updated_by,u1_0.username,u1_0.version from users u1_0 where (u1_0.deleted_at IS NULL)
Hibernate: select u1_0.id,u1_0.avatar_url,u1_0.created_at,u1_0.created_by,u1_0.deleted_at,u1_0.email,u1_0.first_name,u1_0.last_name,u1_0.password_hash,u1_0.role_id,u1_0.status,u1_0.updated_at,u1_0.updated_by,u1_0.username,u1_0.version from users u1_0 where (u1_0.deleted_at IS NULL)
2026-07-05T11:41:39.899+05:30  INFO 13012 --- [decisionhub-backend] [           main] c.decisionhub.controller.AuthController  : Request received: Register user: refreshuser
2026-07-05T11:41:39.899+05:30  INFO 13012 --- [decisionhub-backend] [           main] c.d.s.impl.AuthenticationServiceImpl     : Attempting registration for username: refreshuser and email: refresh@test.com
2026-07-05T11:41:39.901+05:30 DEBUG 13012 --- [decisionhub-backend] [           main] org.hibernate.SQL                        : select u1_0.id from users u1_0 where (u1_0.deleted_at IS NULL) and u1_0.username=? fetch first ? rows only
Hibernate: select u1_0.id from users u1_0 where (u1_0.deleted_at IS NULL) and u1_0.username=? fetch first ? rows only
2026-07-05T11:41:39.901+05:30 TRACE 13012 --- [decisionhub-backend] [           main] org.hibernate.orm.jdbc.bind              : binding parameter (1:VARCHAR) <- [refreshuser]
2026-07-05T11:41:39.901+05:30 TRACE 13012 --- [decisionhub-backend] [           main] org.hibernate.orm.jdbc.bind              : binding parameter (2:INTEGER) <- [1]
2026-07-05T11:41:39.903+05:30 DEBUG 13012 --- [decisionhub-backend] [           main] org.hibernate.SQL                        : select u1_0.id from users u1_0 where (u1_0.deleted_at IS NULL) and u1_0.email=? fetch first ? rows only
Hibernate: select u1_0.id from users u1_0 where (u1_0.deleted_at IS NULL) and u1_0.email=? fetch first ? rows only
2026-07-05T11:41:39.903+05:30 TRACE 13012 --- [decisionhub-backend] [           main] org.hibernate.orm.jdbc.bind              : binding parameter (1:VARCHAR) <- [refresh@test.com]
2026-07-05T11:41:39.903+05:30 TRACE 13012 --- [decisionhub-backend] [           main] org.hibernate.orm.jdbc.bind              : binding parameter (2:INTEGER) <- [1]
2026-07-05T11:41:39.905+05:30 DEBUG 13012 --- [decisionhub-backend] [           main] org.hibernate.SQL                        : select r1_0.id,r1_0.created_at,r1_0.created_by,r1_0.deleted_at,r1_0.description,r1_0.name,r1_0.updated_at,r1_0.updated_by,r1_0.version from platform_roles r1_0 where r1_0.name=?
Hibernate: select r1_0.id,r1_0.created_at,r1_0.created_by,r1_0.deleted_at,r1_0.description,r1_0.name,r1_0.updated_at,r1_0.updated_by,r1_0.version from platform_roles r1_0 where r1_0.name=?
2026-07-05T11:41:39.905+05:30 TRACE 13012 --- [decisionhub-backend] [           main] org.hibernate.orm.jdbc.bind              : binding parameter (1:VARCHAR) <- [ROLE_USER]
2026-07-05T11:41:40.232+05:30  INFO 13012 --- [decisionhub-backend] [           main] c.d.s.impl.AuthenticationServiceImpl     : User registered successfully with ID: 520a7cbe-6dfb-4e63-b486-0d0b95a45447
2026-07-05T11:41:40.237+05:30 DEBUG 13012 --- [decisionhub-backend] [           main] org.hibernate.SQL                        : insert into users (avatar_url,created_at,created_by,deleted_at,email,first_name,last_name,password_hash,role_id,status,updated_at,updated_by,username,version,id) values (?,?,?,?,?,?,?,?,?,?,?,?,?,?,?)
Hibernate: insert into users (avatar_url,created_at,created_by,deleted_at,email,first_name,last_name,password_hash,role_id,status,updated_at,updated_by,username,version,id) values (?,?,?,?,?,?,?,?,?,?,?,?,?,?,?)
2026-07-05T11:41:40.238+05:30 TRACE 13012 --- [decisionhub-backend] [           main] org.hibernate.orm.jdbc.bind              : binding parameter (1:VARCHAR) <- [null]
2026-07-05T11:41:40.238+05:30 TRACE 13012 --- [decisionhub-backend] [           main] org.hibernate.orm.jdbc.bind              : binding parameter (2:TIMESTAMP_UTC) <- [2026-07-05T06:11:40.232116900Z]
2026-07-05T11:41:40.238+05:30 TRACE 13012 --- [decisionhub-backend] [           main] org.hibernate.orm.jdbc.bind              : binding parameter (3:VARCHAR) <- [null]
2026-07-05T11:41:40.238+05:30 TRACE 13012 --- [decisionhub-backend] [           main] org.hibernate.orm.jdbc.bind              : binding parameter (4:TIMESTAMP_UTC) <- [null]
2026-07-05T11:41:40.238+05:30 TRACE 13012 --- [decisionhub-backend] [           main] org.hibernate.orm.jdbc.bind              : binding parameter (5:VARCHAR) <- [refresh@test.com]
2026-07-05T11:41:40.238+05:30 TRACE 13012 --- [decisionhub-backend] [           main] org.hibernate.orm.jdbc.bind              : binding parameter (6:VARCHAR) <- [First]
2026-07-05T11:41:40.238+05:30 TRACE 13012 --- [decisionhub-backend] [           main] org.hibernate.orm.jdbc.bind              : binding parameter (7:VARCHAR) <- [Last]
2026-07-05T11:41:40.239+05:30 TRACE 13012 --- [decisionhub-backend] [           main] org.hibernate.orm.jdbc.bind              : binding parameter (8:VARCHAR) <- [$2a$12$4wvPSMdPKhsKp5tCzzsh.eyAs3UO.nb7CAjB9AtaG1VjoU0C9TZL6]
2026-07-05T11:41:40.239+05:30 TRACE 13012 --- [decisionhub-backend] [           main] org.hibernate.orm.jdbc.bind              : binding parameter (9:UUID) <- [208d2932-67f0-4c91-b6e1-f56fc9a66219]
2026-07-05T11:41:40.242+05:30 TRACE 13012 --- [decisionhub-backend] [           main] org.hibernate.orm.jdbc.bind              : binding parameter (10:VARCHAR) <- [ACTIVE]
2026-07-05T11:41:40.242+05:30 TRACE 13012 --- [decisionhub-backend] [           main] org.hibernate.orm.jdbc.bind              : binding parameter (11:TIMESTAMP_UTC) <- [2026-07-05T06:11:40.232116900Z]
2026-07-05T11:41:40.242+05:30 TRACE 13012 --- [decisionhub-backend] [           main] org.hibernate.orm.jdbc.bind              : binding parameter (12:VARCHAR) <- [null]
2026-07-05T11:41:40.244+05:30 TRACE 13012 --- [decisionhub-backend] [           main] org.hibernate.orm.jdbc.bind              : binding parameter (13:VARCHAR) <- [refreshuser]
2026-07-05T11:41:40.244+05:30 TRACE 13012 --- [decisionhub-backend] [           main] org.hibernate.orm.jdbc.bind              : binding parameter (14:BIGINT) <- [0]
2026-07-05T11:41:40.244+05:30 TRACE 13012 --- [decisionhub-backend] [           main] org.hibernate.orm.jdbc.bind              : binding parameter (15:UUID) <- [520a7cbe-6dfb-4e63-b486-0d0b95a45447]
2026-07-05T11:41:40.245+05:30 DEBUG 13012 --- [decisionhub-backend] [           main] org.hibernate.SQL                        : insert into audit_logs (action,created_at,ip_address,new_value,old_value,request_id,target_id,target_table,user_id,user_agent,id) values (?,?,?,?,?,?,?,?,?,?,?)
Hibernate: insert into audit_logs (action,created_at,ip_address,new_value,old_value,request_id,target_id,target_table,user_id,user_agent,id) values (?,?,?,?,?,?,?,?,?,?,?)
2026-07-05T11:41:40.245+05:30 TRACE 13012 --- [decisionhub-backend] [           main] org.hibernate.orm.jdbc.bind              : binding parameter (1:VARCHAR) <- [REGISTER]
2026-07-05T11:41:40.245+05:30 TRACE 13012 --- [decisionhub-backend] [           main] org.hibernate.orm.jdbc.bind              : binding parameter (2:TIMESTAMP_UTC) <- [2026-07-05T06:11:40.232116900Z]
2026-07-05T11:41:40.245+05:30 TRACE 13012 --- [decisionhub-backend] [           main] org.hibernate.orm.jdbc.bind              : binding parameter (3:VARCHAR) <- [127.0.0.1]
2026-07-05T11:41:40.245+05:30 TRACE 13012 --- [decisionhub-backend] [           main] org.hibernate.orm.jdbc.bind              : binding parameter (4:JSON) <- [null]
2026-07-05T11:41:40.245+05:30 TRACE 13012 --- [decisionhub-backend] [           main] org.hibernate.orm.jdbc.bind              : binding parameter (5:JSON) <- [null]
2026-07-05T11:41:40.245+05:30 TRACE 13012 --- [decisionhub-backend] [           main] org.hibernate.orm.jdbc.bind              : binding parameter (6:VARCHAR) <- [null]
2026-07-05T11:41:40.245+05:30 TRACE 13012 --- [decisionhub-backend] [           main] org.hibernate.orm.jdbc.bind              : binding parameter (7:UUID) <- [520a7cbe-6dfb-4e63-b486-0d0b95a45447]
2026-07-05T11:41:40.245+05:30 TRACE 13012 --- [decisionhub-backend] [           main] org.hibernate.orm.jdbc.bind              : binding parameter (8:VARCHAR) <- [users]
2026-07-05T11:41:40.245+05:30 TRACE 13012 --- [decisionhub-backend] [           main] org.hibernate.orm.jdbc.bind              : binding parameter (9:UUID) <- [520a7cbe-6dfb-4e63-b486-0d0b95a45447]
2026-07-05T11:41:40.245+05:30 TRACE 13012 --- [decisionhub-backend] [           main] org.hibernate.orm.jdbc.bind              : binding parameter (10:VARCHAR) <- [null]
2026-07-05T11:41:40.245+05:30 TRACE 13012 --- [decisionhub-backend] [           main] org.hibernate.orm.jdbc.bind              : binding parameter (11:UUID) <- [511eb104-c9a7-452b-937f-4a6e81a367a9]
2026-07-05T11:41:40.254+05:30  INFO 13012 --- [decisionhub-backend] [           main] c.decisionhub.controller.AuthController  : Request received: Login user: refreshuser
2026-07-05T11:41:40.254+05:30  INFO 13012 --- [decisionhub-backend] [           main] c.d.s.impl.AuthenticationServiceImpl     : Authenticating user: refreshuser
2026-07-05T11:41:40.256+05:30 DEBUG 13012 --- [decisionhub-backend] [           main] org.hibernate.SQL                        : select u1_0.id,u1_0.avatar_url,u1_0.created_at,u1_0.created_by,u1_0.deleted_at,u1_0.email,u1_0.first_name,u1_0.last_name,u1_0.password_hash,u1_0.role_id,r1_0.id,r1_0.created_at,r1_0.created_by,r1_0.deleted_at,r1_0.description,r1_0.name,p1_0.role_id,p1_1.id,p1_1.created_at,p1_1.created_by,p1_1.deleted_at,p1_1.description,p1_1.name,p1_1.updated_at,p1_1.updated_by,p1_1.version,r1_0.updated_at,r1_0.updated_by,r1_0.version,u1_0.status,u1_0.updated_at,u1_0.updated_by,u1_0.username,u1_0.version from users u1_0 join platform_roles r1_0 on r1_0.id=u1_0.role_id left join role_permissions p1_0 on r1_0.id=p1_0.role_id left join permissions p1_1 on p1_1.id=p1_0.permission_id where (u1_0.deleted_at IS NULL) and u1_0.username=?
Hibernate: select u1_0.id,u1_0.avatar_url,u1_0.created_at,u1_0.created_by,u1_0.deleted_at,u1_0.email,u1_0.first_name,u1_0.last_name,u1_0.password_hash,u1_0.role_id,r1_0.id,r1_0.created_at,r1_0.created_by,r1_0.deleted_at,r1_0.description,r1_0.name,p1_0.role_id,p1_1.id,p1_1.created_at,p1_1.created_by,p1_1.deleted_at,p1_1.description,p1_1.name,p1_1.updated_at,p1_1.updated_by,p1_1.version,r1_0.updated_at,r1_0.updated_by,r1_0.version,u1_0.status,u1_0.updated_at,u1_0.updated_by,u1_0.username,u1_0.version from users u1_0 join platform_roles r1_0 on r1_0.id=u1_0.role_id left join role_permissions p1_0 on r1_0.id=p1_0.role_id left join permissions p1_1 on p1_1.id=p1_0.permission_id where (u1_0.deleted_at IS NULL) and u1_0.username=?
2026-07-05T11:41:40.257+05:30 TRACE 13012 --- [decisionhub-backend] [           main] org.hibernate.orm.jdbc.bind              : binding parameter (1:VARCHAR) <- [refreshuser]
2026-07-05T11:41:40.593+05:30 DEBUG 13012 --- [decisionhub-backend] [           main] org.hibernate.SQL                        : select rt1_0.id,rt1_0.created_at,rt1_0.created_by,rt1_0.deleted_at,rt1_0.expires_at,rt1_0.revoked,rt1_0.token,rt1_0.updated_at,rt1_0.updated_by,rt1_0.user_id,rt1_0.version from refresh_tokens rt1_0 where rt1_0.user_id=?
Hibernate: select rt1_0.id,rt1_0.created_at,rt1_0.created_by,rt1_0.deleted_at,rt1_0.expires_at,rt1_0.revoked,rt1_0.token,rt1_0.updated_at,rt1_0.updated_by,rt1_0.user_id,rt1_0.version from refresh_tokens rt1_0 where rt1_0.user_id=?
2026-07-05T11:41:40.593+05:30 TRACE 13012 --- [decisionhub-backend] [           main] org.hibernate.orm.jdbc.bind              : binding parameter (1:UUID) <- [520a7cbe-6dfb-4e63-b486-0d0b95a45447]
2026-07-05T11:41:40.595+05:30  INFO 13012 --- [decisionhub-backend] [           main] c.d.s.impl.AuthenticationServiceImpl     : User refreshuser authenticated successfully
2026-07-05T11:41:40.597+05:30 DEBUG 13012 --- [decisionhub-backend] [           main] org.hibernate.SQL                        : insert into refresh_tokens (created_at,created_by,deleted_at,expires_at,revoked,token,updated_at,updated_by,user_id,version,id) values (?,?,?,?,?,?,?,?,?,?,?)
Hibernate: insert into refresh_tokens (created_at,created_by,deleted_at,expires_at,revoked,token,updated_at,updated_by,user_id,version,id) values (?,?,?,?,?,?,?,?,?,?,?)
2026-07-05T11:41:40.597+05:30 TRACE 13012 --- [decisionhub-backend] [           main] org.hibernate.orm.jdbc.bind              : binding parameter (1:TIMESTAMP_UTC) <- [2026-07-05T06:11:40.595619600Z]
2026-07-05T11:41:40.598+05:30 TRACE 13012 --- [decisionhub-backend] [           main] org.hibernate.orm.jdbc.bind              : binding parameter (2:VARCHAR) <- [null]
2026-07-05T11:41:40.598+05:30 TRACE 13012 --- [decisionhub-backend] [           main] org.hibernate.orm.jdbc.bind              : binding parameter (3:TIMESTAMP_UTC) <- [null]
2026-07-05T11:41:40.598+05:30 TRACE 13012 --- [decisionhub-backend] [           main] org.hibernate.orm.jdbc.bind              : binding parameter (4:TIMESTAMP_UTC) <- [2026-07-05T06:21:40.594628600Z]
2026-07-05T11:41:40.598+05:30 TRACE 13012 --- [decisionhub-backend] [           main] org.hibernate.orm.jdbc.bind              : binding parameter (5:BOOLEAN) <- [false]
2026-07-05T11:41:40.598+05:30 TRACE 13012 --- [decisionhub-backend] [           main] org.hibernate.orm.jdbc.bind              : binding parameter (6:VARCHAR) <- [885fbc75-6fe7-4b27-a754-9e6ab01bb0e9]
2026-07-05T11:41:40.598+05:30 TRACE 13012 --- [decisionhub-backend] [           main] org.hibernate.orm.jdbc.bind              : binding parameter (7:TIMESTAMP_UTC) <- [2026-07-05T06:11:40.595619600Z]
2026-07-05T11:41:40.598+05:30 TRACE 13012 --- [decisionhub-backend] [           main] org.hibernate.orm.jdbc.bind              : binding parameter (8:VARCHAR) <- [null]
2026-07-05T11:41:40.598+05:30 TRACE 13012 --- [decisionhub-backend] [           main] org.hibernate.orm.jdbc.bind              : binding parameter (9:UUID) <- [520a7cbe-6dfb-4e63-b486-0d0b95a45447]
2026-07-05T11:41:40.598+05:30 TRACE 13012 --- [decisionhub-backend] [           main] org.hibernate.orm.jdbc.bind              : binding parameter (10:BIGINT) <- [0]
2026-07-05T11:41:40.598+05:30 TRACE 13012 --- [decisionhub-backend] [           main] org.hibernate.orm.jdbc.bind              : binding parameter (11:UUID) <- [937bb5b8-9fe9-4f22-ae9f-d0357614509e]
2026-07-05T11:41:40.599+05:30 DEBUG 13012 --- [decisionhub-backend] [           main] org.hibernate.SQL                        : insert into audit_logs (action,created_at,ip_address,new_value,old_value,request_id,target_id,target_table,user_id,user_agent,id) values (?,?,?,?,?,?,?,?,?,?,?)
Hibernate: insert into audit_logs (action,created_at,ip_address,new_value,old_value,request_id,target_id,target_table,user_id,user_agent,id) values (?,?,?,?,?,?,?,?,?,?,?)
2026-07-05T11:41:40.603+05:30 TRACE 13012 --- [decisionhub-backend] [           main] org.hibernate.orm.jdbc.bind              : binding parameter (1:VARCHAR) <- [LOGIN]
2026-07-05T11:41:40.604+05:30 TRACE 13012 --- [decisionhub-backend] [           main] org.hibernate.orm.jdbc.bind              : binding parameter (2:TIMESTAMP_UTC) <- [2026-07-05T06:11:40.596623Z]
2026-07-05T11:41:40.604+05:30 TRACE 13012 --- [decisionhub-backend] [           main] org.hibernate.orm.jdbc.bind              : binding parameter (3:VARCHAR) <- [127.0.0.1]
2026-07-05T11:41:40.604+05:30 TRACE 13012 --- [decisionhub-backend] [           main] org.hibernate.orm.jdbc.bind              : binding parameter (4:JSON) <- [null]
2026-07-05T11:41:40.604+05:30 TRACE 13012 --- [decisionhub-backend] [           main] org.hibernate.orm.jdbc.bind              : binding parameter (5:JSON) <- [null]
2026-07-05T11:41:40.604+05:30 TRACE 13012 --- [decisionhub-backend] [           main] org.hibernate.orm.jdbc.bind              : binding parameter (6:VARCHAR) <- [null]
2026-07-05T11:41:40.604+05:30 TRACE 13012 --- [decisionhub-backend] [           main] org.hibernate.orm.jdbc.bind              : binding parameter (7:UUID) <- [520a7cbe-6dfb-4e63-b486-0d0b95a45447]
2026-07-05T11:41:40.604+05:30 TRACE 13012 --- [decisionhub-backend] [           main] org.hibernate.orm.jdbc.bind              : binding parameter (8:VARCHAR) <- [users]
2026-07-05T11:41:40.604+05:30 TRACE 13012 --- [decisionhub-backend] [           main] org.hibernate.orm.jdbc.bind              : binding parameter (9:UUID) <- [520a7cbe-6dfb-4e63-b486-0d0b95a45447]
2026-07-05T11:41:40.604+05:30 TRACE 13012 --- [decisionhub-backend] [           main] org.hibernate.orm.jdbc.bind              : binding parameter (10:VARCHAR) <- [null]
2026-07-05T11:41:40.604+05:30 TRACE 13012 --- [decisionhub-backend] [           main] org.hibernate.orm.jdbc.bind              : binding parameter (11:UUID) <- [c7e6ead6-1ade-46a0-9e2a-c6db562fa62a]
2026-07-05T11:41:40.620+05:30  INFO 13012 --- [decisionhub-backend] [           main] c.decisionhub.controller.AuthController  : Request received: Refresh token
2026-07-05T11:41:40.620+05:30  INFO 13012 --- [decisionhub-backend] [           main] c.d.s.impl.AuthenticationServiceImpl     : Processing token refresh request
2026-07-05T11:41:40.624+05:30 DEBUG 13012 --- [decisionhub-backend] [           main] org.hibernate.SQL                        : select rt1_0.id,rt1_0.created_at,rt1_0.created_by,rt1_0.deleted_at,rt1_0.expires_at,rt1_0.revoked,rt1_0.token,rt1_0.updated_at,rt1_0.updated_by,rt1_0.user_id,rt1_0.version from refresh_tokens rt1_0 where rt1_0.token=?
Hibernate: select rt1_0.id,rt1_0.created_at,rt1_0.created_by,rt1_0.deleted_at,rt1_0.expires_at,rt1_0.revoked,rt1_0.token,rt1_0.updated_at,rt1_0.updated_by,rt1_0.user_id,rt1_0.version from refresh_tokens rt1_0 where rt1_0.token=?
2026-07-05T11:41:40.624+05:30 TRACE 13012 --- [decisionhub-backend] [           main] org.hibernate.orm.jdbc.bind              : binding parameter (1:VARCHAR) <- [885fbc75-6fe7-4b27-a754-9e6ab01bb0e9]
2026-07-05T11:41:40.630+05:30 DEBUG 13012 --- [decisionhub-backend] [           main] org.hibernate.SQL                        : select u1_0.id,u1_0.avatar_url,u1_0.created_at,u1_0.created_by,u1_0.deleted_at,u1_0.email,u1_0.first_name,u1_0.last_name,u1_0.password_hash,u1_0.role_id,u1_0.status,u1_0.updated_at,u1_0.updated_by,u1_0.username,u1_0.version from users u1_0 where u1_0.id=? and (u1_0.deleted_at IS NULL)
Hibernate: select u1_0.id,u1_0.avatar_url,u1_0.created_at,u1_0.created_by,u1_0.deleted_at,u1_0.email,u1_0.first_name,u1_0.last_name,u1_0.password_hash,u1_0.role_id,u1_0.status,u1_0.updated_at,u1_0.updated_by,u1_0.username,u1_0.version from users u1_0 where u1_0.id=? and (u1_0.deleted_at IS NULL)
2026-07-05T11:41:40.630+05:30 TRACE 13012 --- [decisionhub-backend] [           main] org.hibernate.orm.jdbc.bind              : binding parameter (1:UUID) <- [520a7cbe-6dfb-4e63-b486-0d0b95a45447]
2026-07-05T11:41:40.633+05:30  INFO 13012 --- [decisionhub-backend] [           main] c.d.s.impl.AuthenticationServiceImpl     : Tokens rotated successfully for user refreshuser
2026-07-05T11:41:40.636+05:30 DEBUG 13012 --- [decisionhub-backend] [           main] org.hibernate.SQL                        : insert into refresh_tokens (created_at,created_by,deleted_at,expires_at,revoked,token,updated_at,updated_by,user_id,version,id) values (?,?,?,?,?,?,?,?,?,?,?)
Hibernate: insert into refresh_tokens (created_at,created_by,deleted_at,expires_at,revoked,token,updated_at,updated_by,user_id,version,id) values (?,?,?,?,?,?,?,?,?,?,?)
2026-07-05T11:41:40.636+05:30 TRACE 13012 --- [decisionhub-backend] [           main] org.hibernate.orm.jdbc.bind              : binding parameter (1:TIMESTAMP_UTC) <- [2026-07-05T06:11:40.628381600Z]
2026-07-05T11:41:40.637+05:30 TRACE 13012 --- [decisionhub-backend] [           main] org.hibernate.orm.jdbc.bind              : binding parameter (2:VARCHAR) <- [null]
2026-07-05T11:41:40.637+05:30 TRACE 13012 --- [decisionhub-backend] [           main] org.hibernate.orm.jdbc.bind              : binding parameter (3:TIMESTAMP_UTC) <- [null]
2026-07-05T11:41:40.637+05:30 TRACE 13012 --- [decisionhub-backend] [           main] org.hibernate.orm.jdbc.bind              : binding parameter (4:TIMESTAMP_UTC) <- [2026-07-05T06:21:40.627385Z]
2026-07-05T11:41:40.637+05:30 TRACE 13012 --- [decisionhub-backend] [           main] org.hibernate.orm.jdbc.bind              : binding parameter (5:BOOLEAN) <- [false]
2026-07-05T11:41:40.637+05:30 TRACE 13012 --- [decisionhub-backend] [           main] org.hibernate.orm.jdbc.bind              : binding parameter (6:VARCHAR) <- [5a9345ca-ca34-4a22-a478-19671e15b41f]
2026-07-05T11:41:40.637+05:30 TRACE 13012 --- [decisionhub-backend] [           main] org.hibernate.orm.jdbc.bind              : binding parameter (7:TIMESTAMP_UTC) <- [2026-07-05T06:11:40.628381600Z]
2026-07-05T11:41:40.637+05:30 TRACE 13012 --- [decisionhub-backend] [           main] org.hibernate.orm.jdbc.bind              : binding parameter (8:VARCHAR) <- [null]
2026-07-05T11:41:40.637+05:30 TRACE 13012 --- [decisionhub-backend] [           main] org.hibernate.orm.jdbc.bind              : binding parameter (9:UUID) <- [520a7cbe-6dfb-4e63-b486-0d0b95a45447]
2026-07-05T11:41:40.637+05:30 TRACE 13012 --- [decisionhub-backend] [           main] org.hibernate.orm.jdbc.bind              : binding parameter (10:BIGINT) <- [0]
2026-07-05T11:41:40.637+05:30 TRACE 13012 --- [decisionhub-backend] [           main] org.hibernate.orm.jdbc.bind              : binding parameter (11:UUID) <- [a33f8f70-e52c-4003-a050-7df310a0dffe]
2026-07-05T11:41:40.642+05:30 DEBUG 13012 --- [decisionhub-backend] [           main] org.hibernate.SQL                        : update refresh_tokens set deleted_at=?,expires_at=?,revoked=?,token=?,updated_at=?,updated_by=?,user_id=?,version=? where id=? and version=?
Hibernate: update refresh_tokens set deleted_at=?,expires_at=?,revoked=?,token=?,updated_at=?,updated_by=?,user_id=?,version=? where id=? and version=?
2026-07-05T11:41:40.642+05:30 TRACE 13012 --- [decisionhub-backend] [           main] org.hibernate.orm.jdbc.bind              : binding parameter (1:TIMESTAMP_UTC) <- [null]
2026-07-05T11:41:40.642+05:30 TRACE 13012 --- [decisionhub-backend] [           main] org.hibernate.orm.jdbc.bind              : binding parameter (2:TIMESTAMP_UTC) <- [2026-07-05T06:21:40.594629Z]
2026-07-05T11:41:40.642+05:30 TRACE 13012 --- [decisionhub-backend] [           main] org.hibernate.orm.jdbc.bind              : binding parameter (3:BOOLEAN) <- [true]
2026-07-05T11:41:40.642+05:30 TRACE 13012 --- [decisionhub-backend] [           main] org.hibernate.orm.jdbc.bind              : binding parameter (4:VARCHAR) <- [885fbc75-6fe7-4b27-a754-9e6ab01bb0e9]
2026-07-05T11:41:40.643+05:30 TRACE 13012 --- [decisionhub-backend] [           main] org.hibernate.orm.jdbc.bind              : binding parameter (5:TIMESTAMP_UTC) <- [2026-07-05T06:11:40.634425Z]
2026-07-05T11:41:40.643+05:30 TRACE 13012 --- [decisionhub-backend] [           main] org.hibernate.orm.jdbc.bind              : binding parameter (6:VARCHAR) <- [null]
2026-07-05T11:41:40.643+05:30 TRACE 13012 --- [decisionhub-backend] [           main] org.hibernate.orm.jdbc.bind              : binding parameter (7:UUID) <- [520a7cbe-6dfb-4e63-b486-0d0b95a45447]
2026-07-05T11:41:40.643+05:30 TRACE 13012 --- [decisionhub-backend] [           main] org.hibernate.orm.jdbc.bind              : binding parameter (8:BIGINT) <- [1]
2026-07-05T11:41:40.643+05:30 TRACE 13012 --- [decisionhub-backend] [           main] org.hibernate.orm.jdbc.bind              : binding parameter (9:UUID) <- [937bb5b8-9fe9-4f22-ae9f-d0357614509e]
2026-07-05T11:41:40.643+05:30 TRACE 13012 --- [decisionhub-backend] [           main] org.hibernate.orm.jdbc.bind              : binding parameter (10:BIGINT) <- [0]
2026-07-05T11:41:40.651+05:30  INFO 13012 --- [decisionhub-backend] [           main] c.decisionhub.controller.AuthController  : Request received: Refresh token
2026-07-05T11:41:40.651+05:30  INFO 13012 --- [decisionhub-backend] [           main] c.d.s.impl.AuthenticationServiceImpl     : Processing token refresh request
2026-07-05T11:41:40.653+05:30 DEBUG 13012 --- [decisionhub-backend] [           main] org.hibernate.SQL                        : select rt1_0.id,rt1_0.created_at,rt1_0.created_by,rt1_0.deleted_at,rt1_0.expires_at,rt1_0.revoked,rt1_0.token,rt1_0.updated_at,rt1_0.updated_by,rt1_0.user_id,rt1_0.version from refresh_tokens rt1_0 where rt1_0.token=?
Hibernate: select rt1_0.id,rt1_0.created_at,rt1_0.created_by,rt1_0.deleted_at,rt1_0.expires_at,rt1_0.revoked,rt1_0.token,rt1_0.updated_at,rt1_0.updated_by,rt1_0.user_id,rt1_0.version from refresh_tokens rt1_0 where rt1_0.token=?
2026-07-05T11:41:40.653+05:30 TRACE 13012 --- [decisionhub-backend] [           main] org.hibernate.orm.jdbc.bind              : binding parameter (1:VARCHAR) <- [885fbc75-6fe7-4b27-a754-9e6ab01bb0e9]
2026-07-05T11:41:40.656+05:30 DEBUG 13012 --- [decisionhub-backend] [           main] org.hibernate.SQL                        : select rt1_0.id,rt1_0.created_at,rt1_0.created_by,rt1_0.deleted_at,rt1_0.expires_at,rt1_0.revoked,rt1_0.token,rt1_0.updated_at,rt1_0.updated_by,rt1_0.user_id,rt1_0.version from refresh_tokens rt1_0 where rt1_0.user_id=?
Hibernate: select rt1_0.id,rt1_0.created_at,rt1_0.created_by,rt1_0.deleted_at,rt1_0.expires_at,rt1_0.revoked,rt1_0.token,rt1_0.updated_at,rt1_0.updated_by,rt1_0.user_id,rt1_0.version from refresh_tokens rt1_0 where rt1_0.user_id=?
2026-07-05T11:41:40.656+05:30 TRACE 13012 --- [decisionhub-backend] [           main] org.hibernate.orm.jdbc.bind              : binding parameter (1:UUID) <- [520a7cbe-6dfb-4e63-b486-0d0b95a45447]
2026-07-05T11:41:40.658+05:30 DEBUG 13012 --- [decisionhub-backend] [           main] org.hibernate.SQL                        : select u1_0.id,u1_0.avatar_url,u1_0.created_at,u1_0.created_by,u1_0.deleted_at,u1_0.email,u1_0.first_name,u1_0.last_name,u1_0.password_hash,u1_0.role_id,u1_0.status,u1_0.updated_at,u1_0.updated_by,u1_0.username,u1_0.version from users u1_0 where u1_0.id=? and (u1_0.deleted_at IS NULL)
Hibernate: select u1_0.id,u1_0.avatar_url,u1_0.created_at,u1_0.created_by,u1_0.deleted_at,u1_0.email,u1_0.first_name,u1_0.last_name,u1_0.password_hash,u1_0.role_id,u1_0.status,u1_0.updated_at,u1_0.updated_by,u1_0.username,u1_0.version from users u1_0 where u1_0.id=? and (u1_0.deleted_at IS NULL)
2026-07-05T11:41:40.658+05:30 TRACE 13012 --- [decisionhub-backend] [           main] org.hibernate.orm.jdbc.bind              : binding parameter (1:UUID) <- [520a7cbe-6dfb-4e63-b486-0d0b95a45447]
2026-07-05T11:41:40.659+05:30  WARN 13012 --- [decisionhub-backend] [           main] c.d.s.impl.AuthenticationServiceImpl     : Revoked refresh token reuse detected for user refreshuser. All user sessions revoked.
2026-07-05T11:41:40.660+05:30 DEBUG 13012 --- [decisionhub-backend] [           main] org.hibernate.SQL                        : delete from refresh_tokens where id=? and version=?
Hibernate: delete from refresh_tokens where id=? and version=?
2026-07-05T11:41:40.660+05:30 TRACE 13012 --- [decisionhub-backend] [           main] org.hibernate.orm.jdbc.bind              : binding parameter (1:UUID) <- [a33f8f70-e52c-4003-a050-7df310a0dffe]
2026-07-05T11:41:40.661+05:30 TRACE 13012 --- [decisionhub-backend] [           main] org.hibernate.orm.jdbc.bind              : binding parameter (2:BIGINT) <- [0]
2026-07-05T11:41:40.661+05:30 DEBUG 13012 --- [decisionhub-backend] [           main] org.hibernate.SQL                        : delete from refresh_tokens where id=? and version=?
Hibernate: delete from refresh_tokens where id=? and version=?
2026-07-05T11:41:40.661+05:30 TRACE 13012 --- [decisionhub-backend] [           main] org.hibernate.orm.jdbc.bind              : binding parameter (1:UUID) <- [937bb5b8-9fe9-4f22-ae9f-d0357614509e]
2026-07-05T11:41:40.661+05:30 TRACE 13012 --- [decisionhub-backend] [           main] org.hibernate.orm.jdbc.bind              : binding parameter (2:BIGINT) <- [1]
2026-07-05T11:41:40.663+05:30  WARN 13012 --- [decisionhub-backend] [           main] c.d.exception.GlobalExceptionHandler     : Business rule violation: Refresh token is revoked on path /auth/refresh
2026-07-05T11:41:40.669+05:30  INFO 13012 --- [decisionhub-backend] [           main] c.decisionhub.controller.AuthController  : Request received: Refresh token
2026-07-05T11:41:40.669+05:30  INFO 13012 --- [decisionhub-backend] [           main] c.d.s.impl.AuthenticationServiceImpl     : Processing token refresh request
2026-07-05T11:41:40.671+05:30 DEBUG 13012 --- [decisionhub-backend] [           main] org.hibernate.SQL                        : select rt1_0.id,rt1_0.created_at,rt1_0.created_by,rt1_0.deleted_at,rt1_0.expires_at,rt1_0.revoked,rt1_0.token,rt1_0.updated_at,rt1_0.updated_by,rt1_0.user_id,rt1_0.version from refresh_tokens rt1_0 where rt1_0.token=?
Hibernate: select rt1_0.id,rt1_0.created_at,rt1_0.created_by,rt1_0.deleted_at,rt1_0.expires_at,rt1_0.revoked,rt1_0.token,rt1_0.updated_at,rt1_0.updated_by,rt1_0.user_id,rt1_0.version from refresh_tokens rt1_0 where rt1_0.token=?
2026-07-05T11:41:40.671+05:30 TRACE 13012 --- [decisionhub-backend] [           main] org.hibernate.orm.jdbc.bind              : binding parameter (1:VARCHAR) <- [5a9345ca-ca34-4a22-a478-19671e15b41f]
2026-07-05T11:41:40.673+05:30  WARN 13012 --- [decisionhub-backend] [           main] c.d.exception.GlobalExceptionHandler     : Business rule violation: Invalid refresh token on path /auth/refresh
]]></system-out>
  </testcase>
  <testcase name="testLogoutInvalidation" classname="com.decisionhub.security.AuthenticationIntegrationTest" time="0.717">
    <system-out><![CDATA[2026-07-05T11:41:40.685+05:30 DEBUG 13012 --- [decisionhub-backend] [           main] org.hibernate.SQL                        : select prt1_0.id,prt1_0.created_at,prt1_0.expires_at,prt1_0.token,prt1_0.user_id,prt1_0.version from password_reset_tokens prt1_0
Hibernate: select prt1_0.id,prt1_0.created_at,prt1_0.expires_at,prt1_0.token,prt1_0.user_id,prt1_0.version from password_reset_tokens prt1_0
2026-07-05T11:41:40.687+05:30 DEBUG 13012 --- [decisionhub-backend] [           main] org.hibernate.SQL                        : select rt1_0.id,rt1_0.created_at,rt1_0.created_by,rt1_0.deleted_at,rt1_0.expires_at,rt1_0.revoked,rt1_0.token,rt1_0.updated_at,rt1_0.updated_by,rt1_0.user_id,rt1_0.version from refresh_tokens rt1_0
Hibernate: select rt1_0.id,rt1_0.created_at,rt1_0.created_by,rt1_0.deleted_at,rt1_0.expires_at,rt1_0.revoked,rt1_0.token,rt1_0.updated_at,rt1_0.updated_by,rt1_0.user_id,rt1_0.version from refresh_tokens rt1_0
2026-07-05T11:41:40.689+05:30 DEBUG 13012 --- [decisionhub-backend] [           main] org.hibernate.SQL                        : select u1_0.id,u1_0.avatar_url,u1_0.created_at,u1_0.created_by,u1_0.deleted_at,u1_0.email,u1_0.first_name,u1_0.last_name,u1_0.password_hash,u1_0.role_id,u1_0.status,u1_0.updated_at,u1_0.updated_by,u1_0.username,u1_0.version from users u1_0 where (u1_0.deleted_at IS NULL)
Hibernate: select u1_0.id,u1_0.avatar_url,u1_0.created_at,u1_0.created_by,u1_0.deleted_at,u1_0.email,u1_0.first_name,u1_0.last_name,u1_0.password_hash,u1_0.role_id,u1_0.status,u1_0.updated_at,u1_0.updated_by,u1_0.username,u1_0.version from users u1_0 where (u1_0.deleted_at IS NULL)
2026-07-05T11:41:40.692+05:30  INFO 13012 --- [decisionhub-backend] [           main] c.decisionhub.controller.AuthController  : Request received: Register user: logoutuser
2026-07-05T11:41:40.692+05:30  INFO 13012 --- [decisionhub-backend] [           main] c.d.s.impl.AuthenticationServiceImpl     : Attempting registration for username: logoutuser and email: logout@test.com
2026-07-05T11:41:40.693+05:30 DEBUG 13012 --- [decisionhub-backend] [           main] org.hibernate.SQL                        : UPDATE users SET deleted_at = CURRENT_TIMESTAMP(6) WHERE id = ? AND version = ?
Hibernate: UPDATE users SET deleted_at = CURRENT_TIMESTAMP(6) WHERE id = ? AND version = ?
2026-07-05T11:41:40.693+05:30 TRACE 13012 --- [decisionhub-backend] [           main] org.hibernate.orm.jdbc.bind              : binding parameter (1:UUID) <- [520a7cbe-6dfb-4e63-b486-0d0b95a45447]
2026-07-05T11:41:40.693+05:30 TRACE 13012 --- [decisionhub-backend] [           main] org.hibernate.orm.jdbc.bind              : binding parameter (2:BIGINT) <- [0]
2026-07-05T11:41:40.694+05:30 DEBUG 13012 --- [decisionhub-backend] [           main] org.hibernate.SQL                        : select u1_0.id from users u1_0 where (u1_0.deleted_at IS NULL) and u1_0.username=? fetch first ? rows only
Hibernate: select u1_0.id from users u1_0 where (u1_0.deleted_at IS NULL) and u1_0.username=? fetch first ? rows only
2026-07-05T11:41:40.694+05:30 TRACE 13012 --- [decisionhub-backend] [           main] org.hibernate.orm.jdbc.bind              : binding parameter (1:VARCHAR) <- [logoutuser]
2026-07-05T11:41:40.694+05:30 TRACE 13012 --- [decisionhub-backend] [           main] org.hibernate.orm.jdbc.bind              : binding parameter (2:INTEGER) <- [1]
2026-07-05T11:41:40.695+05:30 DEBUG 13012 --- [decisionhub-backend] [           main] org.hibernate.SQL                        : select u1_0.id from users u1_0 where (u1_0.deleted_at IS NULL) and u1_0.email=? fetch first ? rows only
Hibernate: select u1_0.id from users u1_0 where (u1_0.deleted_at IS NULL) and u1_0.email=? fetch first ? rows only
2026-07-05T11:41:40.696+05:30 TRACE 13012 --- [decisionhub-backend] [           main] org.hibernate.orm.jdbc.bind              : binding parameter (1:VARCHAR) <- [logout@test.com]
2026-07-05T11:41:40.696+05:30 TRACE 13012 --- [decisionhub-backend] [           main] org.hibernate.orm.jdbc.bind              : binding parameter (2:INTEGER) <- [1]
2026-07-05T11:41:40.697+05:30 DEBUG 13012 --- [decisionhub-backend] [           main] org.hibernate.SQL                        : select r1_0.id,r1_0.created_at,r1_0.created_by,r1_0.deleted_at,r1_0.description,r1_0.name,r1_0.updated_at,r1_0.updated_by,r1_0.version from platform_roles r1_0 where r1_0.name=?
Hibernate: select r1_0.id,r1_0.created_at,r1_0.created_by,r1_0.deleted_at,r1_0.description,r1_0.name,r1_0.updated_at,r1_0.updated_by,r1_0.version from platform_roles r1_0 where r1_0.name=?
2026-07-05T11:41:40.697+05:30 TRACE 13012 --- [decisionhub-backend] [           main] org.hibernate.orm.jdbc.bind              : binding parameter (1:VARCHAR) <- [ROLE_USER]
2026-07-05T11:41:41.022+05:30  INFO 13012 --- [decisionhub-backend] [           main] c.d.s.impl.AuthenticationServiceImpl     : User registered successfully with ID: e639dd88-72a6-4ad4-9804-50b61ee89e63
2026-07-05T11:41:41.027+05:30  INFO 13012 --- [decisionhub-backend] [           main] c.decisionhub.controller.AuthController  : Request received: Login user: logoutuser
2026-07-05T11:41:41.027+05:30  INFO 13012 --- [decisionhub-backend] [           main] c.d.s.impl.AuthenticationServiceImpl     : Authenticating user: logoutuser
2026-07-05T11:41:41.030+05:30 DEBUG 13012 --- [decisionhub-backend] [           main] org.hibernate.SQL                        : insert into users (avatar_url,created_at,created_by,deleted_at,email,first_name,last_name,password_hash,role_id,status,updated_at,updated_by,username,version,id) values (?,?,?,?,?,?,?,?,?,?,?,?,?,?,?)
[...]
2026-07-05T11:41:43.184+05:30 DEBUG 13012 --- [decisionhub-backend] [           main] org.hibernate.SQL                        : update users set avatar_url=?,deleted_at=?,email=?,first_name=?,last_name=?,password_hash=?,role_id=?,status=?,updated_at=?,updated_by=?,username=?,version=? where id=? and version=?
Hibernate: update users set avatar_url=?,deleted_at=?,email=?,first_name=?,last_name=?,password_hash=?,role_id=?,status=?,updated_at=?,updated_by=?,username=?,version=? where id=? and version=?
2026-07-05T11:41:43.184+05:30 TRACE 13012 --- [decisionhub-backend] [           main] org.hibernate.orm.jdbc.bind              : binding parameter (1:VARCHAR) <- [null]
2026-07-05T11:41:43.184+05:30 TRACE 13012 --- [decisionhub-backend] [           main] org.hibernate.orm.jdbc.bind              : binding parameter (2:TIMESTAMP_UTC) <- [null]
2026-07-05T11:41:43.184+05:30 TRACE 13012 --- [decisionhub-backend] [           main] org.hibernate.orm.jdbc.bind              : binding parameter (3:VARCHAR) <- [recover@test.com]
2026-07-05T11:41:43.184+05:30 TRACE 13012 --- [decisionhub-backend] [           main] org.hibernate.orm.jdbc.bind              : binding parameter (4:VARCHAR) <- [First]
2026-07-05T11:41:43.184+05:30 TRACE 13012 --- [decisionhub-backend] [           main] org.hibernate.orm.jdbc.bind              : binding parameter (5:VARCHAR) <- [Last]
2026-07-05T11:41:43.184+05:30 TRACE 13012 --- [decisionhub-backend] [           main] org.hibernate.orm.jdbc.bind              : binding parameter (6:VARCHAR) <- [$2a$12$9bPER.3TdaV6TYIjNsy7UecQ.stCv2Wgp1syVAIb.D0P05AiHxdam]
2026-07-05T11:41:43.184+05:30 TRACE 13012 --- [decisionhub-backend] [           main] org.hibernate.orm.jdbc.bind              : binding parameter (7:UUID) <- [208d2932-67f0-4c91-b6e1-f56fc9a66219]
2026-07-05T11:41:43.184+05:30 TRACE 13012 --- [decisionhub-backend] [           main] org.hibernate.orm.jdbc.bind              : binding parameter (8:VARCHAR) <- [ACTIVE]
2026-07-05T11:41:43.184+05:30 TRACE 13012 --- [decisionhub-backend] [           main] org.hibernate.orm.jdbc.bind              : binding parameter (9:TIMESTAMP_UTC) <- [2026-07-05T06:11:43.182390Z]
2026-07-05T11:41:43.184+05:30 TRACE 13012 --- [decisionhub-backend] [           main] org.hibernate.orm.jdbc.bind              : binding parameter (10:VARCHAR) <- [null]
2026-07-05T11:41:43.184+05:30 TRACE 13012 --- [decisionhub-backend] [           main] org.hibernate.orm.jdbc.bind              : binding parameter (11:VARCHAR) <- [recoveruser]
2026-07-05T11:41:43.184+05:30 TRACE 13012 --- [decisionhub-backend] [           main] org.hibernate.orm.jdbc.bind              : binding parameter (12:BIGINT) <- [1]
2026-07-05T11:41:43.184+05:30 TRACE 13012 --- [decisionhub-backend] [           main] org.hibernate.orm.jdbc.bind              : binding parameter (13:UUID) <- [b1c4dfc1-ca1b-40e2-8b80-40c703dc379c]
2026-07-05T11:41:43.184+05:30 TRACE 13012 --- [decisionhub-backend] [           main] org.hibernate.orm.jdbc.bind              : binding parameter (14:BIGINT) <- [0]
2026-07-05T11:41:43.185+05:30 DEBUG 13012 --- [decisionhub-backend] [           main] org.hibernate.SQL                        : delete from password_reset_tokens where id=? and version=?
Hibernate: delete from password_reset_tokens where id=? and version=?
2026-07-05T11:41:43.185+05:30 TRACE 13012 --- [decisionhub-backend] [           main] org.hibernate.orm.jdbc.bind              : binding parameter (1:UUID) <- [fe497d2d-103c-49ee-973b-fe594fb77e2d]
2026-07-05T11:41:43.185+05:30 TRACE 13012 --- [decisionhub-backend] [           main] org.hibernate.orm.jdbc.bind              : binding parameter (2:BIGINT) <- [0]
2026-07-05T11:41:43.192+05:30 DEBUG 13012 --- [decisionhub-backend] [           main] org.hibernate.SQL                        : select u1_0.id,u1_0.avatar_url,u1_0.created_at,u1_0.created_by,u1_0.deleted_at,u1_0.email,u1_0.first_name,u1_0.last_name,u1_0.password_hash,u1_0.role_id,r1_0.id,r1_0.created_at,r1_0.created_by,r1_0.deleted_at,r1_0.description,r1_0.name,p1_0.role_id,p1_1.id,p1_1.created_at,p1_1.created_by,p1_1.deleted_at,p1_1.description,p1_1.name,p1_1.updated_at,p1_1.updated_by,p1_1.version,r1_0.updated_at,r1_0.updated_by,r1_0.version,u1_0.status,u1_0.updated_at,u1_0.updated_by,u1_0.username,u1_0.version from users u1_0 join platform_roles r1_0 on r1_0.id=u1_0.role_id left join role_permissions p1_0 on r1_0.id=p1_0.role_id left join permissions p1_1 on p1_1.id=p1_0.permission_id where (u1_0.deleted_at IS NULL) and u1_0.username=?
Hibernate: select u1_0.id,u1_0.avatar_url,u1_0.created_at,u1_0.created_by,u1_0.deleted_at,u1_0.email,u1_0.first_name,u1_0.last_name,u1_0.password_hash,u1_0.role_id,r1_0.id,r1_0.created_at,r1_0.created_by,r1_0.deleted_at,r1_0.description,r1_0.name,p1_0.role_id,p1_1.id,p1_1.created_at,p1_1.created_by,p1_1.deleted_at,p1_1.description,p1_1.name,p1_1.updated_at,p1_1.updated_by,p1_1.version,r1_0.updated_at,r1_0.updated_by,r1_0.version,u1_0.status,u1_0.updated_at,u1_0.updated_by,u1_0.username,u1_0.version from users u1_0 join platform_roles r1_0 on r1_0.id=u1_0.role_id left join role_permissions p1_0 on r1_0.id=p1_0.role_id left join permissions p1_1 on p1_1.id=p1_0.permission_id where (u1_0.deleted_at IS NULL) and u1_0.username=?
2026-07-05T11:41:43.192+05:30 TRACE 13012 --- [decisionhub-backend] [           main] org.hibernate.orm.jdbc.bind              : binding parameter (1:VARCHAR) <- [recoveruser]
2026-07-05T11:41:43.526+05:30  INFO 13012 --- [decisionhub-backend] [           main] c.decisionhub.controller.AuthController  : Request received: Reset password
2026-07-05T11:41:43.526+05:30  INFO 13012 --- [decisionhub-backend] [           main] c.d.s.impl.AuthenticationServiceImpl     : Processing reset password request
2026-07-05T11:41:43.528+05:30 DEBUG 13012 --- [decisionhub-backend] [           main] org.hibernate.SQL                        : select prt1_0.id,prt1_0.created_at,prt1_0.expires_at,prt1_0.token,prt1_0.user_id,prt1_0.version from password_reset_tokens prt1_0 where prt1_0.token=?
Hibernate: select prt1_0.id,prt1_0.created_at,prt1_0.expires_at,prt1_0.token,prt1_0.user_id,prt1_0.version from password_reset_tokens prt1_0 where prt1_0.token=?
2026-07-05T11:41:43.528+05:30 TRACE 13012 --- [decisionhub-backend] [           main] org.hibernate.orm.jdbc.bind              : binding parameter (1:VARCHAR) <- [bb6ffbcf-4763-408b-a8c1-f0759f2edcb1]
2026-07-05T11:41:43.530+05:30  WARN 13012 --- [decisionhub-backend] [           main] c.d.exception.GlobalExceptionHandler     : Business rule violation: Invalid or expired password reset token on path /auth/reset-password
]]></system-out>
  </testcase>
  <testcase name="testLoginWithInvalidCredentials" classname="com.decisionhub.security.AuthenticationIntegrationTest" time="0.693">
    <system-out><![CDATA[2026-07-05T11:41:43.539+05:30 DEBUG 13012 --- [decisionhub-backend] [           main] org.hibernate.SQL                        : select prt1_0.id,prt1_0.created_at,prt1_0.expires_at,prt1_0.token,prt1_0.user_id,prt1_0.version from password_reset_tokens prt1_0
Hibernate: select prt1_0.id,prt1_0.created_at,prt1_0.expires_at,prt1_0.token,prt1_0.user_id,prt1_0.version from password_reset_tokens prt1_0
2026-07-05T11:41:43.541+05:30 DEBUG 13012 --- [decisionhub-backend] [           main] org.hibernate.SQL                        : select rt1_0.id,rt1_0.created_at,rt1_0.created_by,rt1_0.deleted_at,rt1_0.expires_at,rt1_0.revoked,rt1_0.token,rt1_0.updated_at,rt1_0.updated_by,rt1_0.user_id,rt1_0.version from refresh_tokens rt1_0
Hibernate: select rt1_0.id,rt1_0.created_at,rt1_0.created_by,rt1_0.deleted_at,rt1_0.expires_at,rt1_0.revoked,rt1_0.token,rt1_0.updated_at,rt1_0.updated_by,rt1_0.user_id,rt1_0.version from refresh_tokens rt1_0
2026-07-05T11:41:43.545+05:30 DEBUG 13012 --- [decisionhub-backend] [           main] org.hibernate.SQL                        : select u1_0.id,u1_0.avatar_url,u1_0.created_at,u1_0.created_by,u1_0.deleted_at,u1_0.email,u1_0.first_name,u1_0.last_name,u1_0.password_hash,u1_0.role_id,u1_0.status,u1_0.updated_at,u1_0.updated_by,u1_0.username,u1_0.version from users u1_0 where (u1_0.deleted_at IS NULL)
Hibernate: select u1_0.id,u1_0.avatar_url,u1_0.created_at,u1_0.created_by,u1_0.deleted_at,u1_0.email,u1_0.first_name,u1_0.last_name,u1_0.password_hash,u1_0.role_id,u1_0.status,u1_0.updated_at,u1_0.updated_by,u1_0.username,u1_0.version from users u1_0 where (u1_0.deleted_at IS NULL)
2026-07-05T11:41:43.547+05:30 DEBUG 13012 --- [decisionhub-backend] [           main] org.hibernate.SQL                        : UPDATE users SET deleted_at = CURRENT_TIMESTAMP(6) WHERE id = ? AND version = ?
Hibernate: UPDATE users SET deleted_at = CURRENT_TIMESTAMP(6) WHERE id = ? AND version = ?
2026-07-05T11:41:43.547+05:30 TRACE 13012 --- [decisionhub-backend] [           main] org.hibernate.orm.jdbc.bind              : binding parameter (1:UUID) <- [b1c4dfc1-ca1b-40e2-8b80-40c703dc379c]
2026-07-05T11:41:43.547+05:30 TRACE 13012 --- [decisionhub-backend] [           main] org.hibernate.orm.jdbc.bind              : binding parameter (2:BIGINT) <- [1]
2026-07-05T11:41:43.554+05:30  INFO 13012 --- [decisionhub-backend] [           main] c.decisionhub.controller.AuthController  : Request received: Register user: wrongcreduser
2026-07-05T11:41:43.554+05:30  INFO 13012 --- [decisionhub-backend] [           main] c.d.s.impl.AuthenticationServiceImpl     : Attempting registration for username: wrongcreduser and email: wrong@test.com
2026-07-05T11:41:43.555+05:30 DEBUG 13012 --- [decisionhub-backend] [           main] org.hibernate.SQL                        : select u1_0.id from users u1_0 where (u1_0.deleted_at IS NULL) and u1_0.username=? fetch first ? rows only
Hibernate: select u1_0.id from users u1_0 where (u1_0.deleted_at IS NULL) and u1_0.username=? fetch first ? rows only
2026-07-05T11:41:43.555+05:30 TRACE 13012 --- [decisionhub-backend] [           main] org.hibernate.orm.jdbc.bind              : binding parameter (1:VARCHAR) <- [wrongcreduser]
2026-07-05T11:41:43.555+05:30 TRACE 13012 --- [decisionhub-backend] [           main] org.hibernate.orm.jdbc.bind              : binding parameter (2:INTEGER) <- [1]
2026-07-05T11:41:43.557+05:30 DEBUG 13012 --- [decisionhub-backend] [           main] org.hibernate.SQL                        : select u1_0.id from users u1_0 where (u1_0.deleted_at IS NULL) and u1_0.email=? fetch first ? rows only
Hibernate: select u1_0.id from users u1_0 where (u1_0.deleted_at IS NULL) and u1_0.email=? fetch first ? rows only
2026-07-05T11:41:43.557+05:30 TRACE 13012 --- [decisionhub-backend] [           main] org.hibernate.orm.jdbc.bind              : binding parameter (1:VARCHAR) <- [wrong@test.com]
2026-07-05T11:41:43.557+05:30 TRACE 13012 --- [decisionhub-backend] [           main] org.hibernate.orm.jdbc.bind              : binding parameter (2:INTEGER) <- [1]
2026-07-05T11:41:43.559+05:30 DEBUG 13012 --- [decisionhub-backend] [           main] org.hibernate.SQL                        : select r1_0.id,r1_0.created_at,r1_0.created_by,r1_0.deleted_at,r1_0.description,r1_0.name,r1_0.updated_at,r1_0.updated_by,r1_0.version from platform_roles r1_0 where r1_0.name=?
Hibernate: select r1_0.id,r1_0.created_at,r1_0.created_by,r1_0.deleted_at,r1_0.description,r1_0.name,r1_0.updated_at,r1_0.updated_by,r1_0.version from platform_roles r1_0 where r1_0.name=?
2026-07-05T11:41:43.559+05:30 TRACE 13012 --- [decisionhub-backend] [           main] org.hibernate.orm.jdbc.bind              : binding parameter (1:VARCHAR) <- [ROLE_USER]
2026-07-05T11:41:43.875+05:30  INFO 13012 --- [decisionhub-backend] [           main] c.d.s.impl.AuthenticationServiceImpl     : User registered successfully with ID: 7e117d01-4738-491c-bc2c-39978bdb818e
2026-07-05T11:41:43.876+05:30 DEBUG 13012 --- [decisionhub-backend] [           main] org.hibernate.SQL                        : insert into users (avatar_url,created_at,created_by,deleted_at,email,first_name,last_name,password_hash,role_id,status,updated_at,updated_by,username,version,id) values (?,?,?,?,?,?,?,?,?,?,?,?,?,?,?)
Hibernate: insert into users (avatar_url,created_at,created_by,deleted_at,email,first_name,last_name,password_hash,role_id,status,updated_at,updated_by,username,version,id) values (?,?,?,?,?,?,?,?,?,?,?,?,?,?,?)
2026-07-05T11:41:43.877+05:30 TRACE 13012 --- [decisionhub-backend] [           main] org.hibernate.orm.jdbc.bind              : binding parameter (1:VARCHAR) <- [null]
2026-07-05T11:41:43.877+05:30 TRACE 13012 --- [decisionhub-backend] [           main] org.hibernate.orm.jdbc.bind              : binding parameter (2:TIMESTAMP_UTC) <- [2026-07-05T06:11:43.874080700Z]
2026-07-05T11:41:43.877+05:30 TRACE 13012 --- [decisionhub-backend] [           main] org.hibernate.orm.jdbc.bind              : binding parameter (3:VARCHAR) <- [null]
2026-07-05T11:41:43.877+05:30 TRACE 13012 --- [decisionhub-backend] [           main] org.hibernate.orm.jdbc.bind              : binding parameter (4:TIMESTAMP_UTC) <- [null]
2026-07-05T11:41:43.877+05:30 TRACE 13012 --- [decisionhub-backend] [           main] org.hibernate.orm.jdbc.bind              : binding parameter (5:VARCHAR) <- [wrong@test.com]
2026-07-05T11:41:43.877+05:30 TRACE 13012 --- [decisionhub-backend] [           main] org.hibernate.orm.jdbc.bind              : binding parameter (6:VARCHAR) <- [First]
2026-07-05T11:41:43.877+05:30 TRACE 13012 --- [decisionhub-backend] [           main] org.hibernate.orm.jdbc.bind              : binding parameter (7:VARCHAR) <- [Last]
2026-07-05T11:41:43.877+05:30 TRACE 13012 --- [decisionhub-backend] [           main] org.hibernate.orm.jdbc.bind              : binding parameter (8:VARCHAR) <- [$2a$12$Oib..TeLoZMhRGfQ.elC6ejC3It.a0coPL.qVIuRskmTA3jIy5EyG]
2026-07-05T11:41:43.877+05:30 TRACE 13012 --- [decisionhub-backend] [           main] org.hibernate.orm.jdbc.bind              : binding parameter (9:UUID) <- [208d2932-67f0-4c91-b6e1-f56fc9a66219]
2026-07-05T11:41:43.877+05:30 TRACE 13012 --- [decisionhub-backend] [           main] org.hibernate.orm.jdbc.bind              : binding parameter (10:VARCHAR) <- [ACTIVE]
2026-07-05T11:41:43.877+05:30 TRACE 13012 --- [decisionhub-backend] [           main] org.hibernate.orm.jdbc.bind              : binding parameter (11:TIMESTAMP_UTC) <- [2026-07-05T06:11:43.874080700Z]
2026-07-05T11:41:43.877+05:30 TRACE 13012 --- [decisionhub-backend] [           main] org.hibernate.orm.jdbc.bind              : binding parameter (12:VARCHAR) <- [null]
2026-07-05T11:41:43.877+05:30 TRACE 13012 --- [decisionhub-backend] [           main] org.hibernate.orm.jdbc.bind              : binding parameter (13:VARCHAR) <- [wrongcreduser]
2026-07-05T11:41:43.877+05:30 TRACE 13012 --- [decisionhub-backend] [           main] org.hibernate.orm.jdbc.bind              : binding parameter (14:BIGINT) <- [0]
2026-07-05T11:41:43.877+05:30 TRACE 13012 --- [decisionhub-backend] [           main] org.hibernate.orm.jdbc.bind              : binding parameter (15:UUID) <- [7e117d01-4738-491c-bc2c-39978bdb818e]
2026-07-05T11:41:43.878+05:30 DEBUG 13012 --- [decisionhub-backend] [           main] org.hibernate.SQL                        : insert into audit_logs (action,created_at,ip_address,new_value,old_value,request_id,target_id,target_table,user_id,user_agent,id) values (?,?,?,?,?,?,?,?,?,?,?)
Hibernate: insert into audit_logs (action,created_at,ip_address,new_value,old_value,request_id,target_id,target_table,user_id,user_agent,id) values (?,?,?,?,?,?,?,?,?,?,?)
2026-07-05T11:41:43.878+05:30 TRACE 13012 --- [decisionhub-backend] [           main] org.hibernate.orm.jdbc.bind              : binding parameter (1:VARCHAR) <- [REGISTER]
2026-07-05T11:41:43.878+05:30 TRACE 13012 --- [decisionhub-backend] [           main] org.hibernate.orm.jdbc.bind              : binding parameter (2:TIMESTAMP_UTC) <- [2026-07-05T06:11:43.875087700Z]
2026-07-05T11:41:43.879+05:30 TRACE 13012 --- [decisionhub-backend] [           main] org.hibernate.orm.jdbc.bind              : binding parameter (3:VARCHAR) <- [127.0.0.1]
2026-07-05T11:41:43.879+05:30 TRACE 13012 --- [decisionhub-backend] [           main] org.hibernate.orm.jdbc.bind              : binding parameter (4:JSON) <- [null]
2026-07-05T11:41:43.879+05:30 TRACE 13012 --- [decisionhub-backend] [           main] org.hibernate.orm.jdbc.bind              : binding parameter (5:JSON) <- [null]
2026-07-05T11:41:43.879+05:30 TRACE 13012 --- [decisionhub-backend] [           main] org.hibernate.orm.jdbc.bind              : binding parameter (6:VARCHAR) <- [null]
2026-07-05T11:41:43.879+05:30 TRACE 13012 --- [decisionhub-backend] [           main] org.hibernate.orm.jdbc.bind              : binding parameter (7:UUID) <- [7e117d01-4738-491c-bc2c-39978bdb818e]
2026-07-05T11:41:43.879+05:30 TRACE 13012 --- [decisionhub-backend] [           main] org.hibernate.orm.jdbc.bind              : binding parameter (8:VARCHAR) <- [users]
2026-07-05T11:41:43.879+05:30 TRACE 13012 --- [decisionhub-backend] [           main] org.hibernate.orm.jdbc.bind              : binding parameter (9:UUID) <- [7e117d01-4738-491c-bc2c-39978bdb818e]
2026-07-05T11:41:43.879+05:30 TRACE 13012 --- [decisionhub-backend] [           main] org.hibernate.orm.jdbc.bind              : binding parameter (10:VARCHAR) <- [null]
2026-07-05T11:41:43.879+05:30 TRACE 13012 --- [decisionhub-backend] [           main] org.hibernate.orm.jdbc.bind              : binding parameter (11:UUID) <- [8a43f3e7-68e9-4cc5-b559-96d2b9ef1f60]
2026-07-05T11:41:43.884+05:30  INFO 13012 --- [decisionhub-backend] [           main] c.decisionhub.controller.AuthController  : Request received: Login user: wrongcreduser
2026-07-05T11:41:43.885+05:30  INFO 13012 --- [decisionhub-backend] [           main] c.d.s.impl.AuthenticationServiceImpl     : Authenticating user: wrongcreduser
2026-07-05T11:41:43.887+05:30 DEBUG 13012 --- [decisionhub-backend] [           main] org.hibernate.SQL                        : select u1_0.id,u1_0.avatar_url,u1_0.created_at,u1_0.created_by,u1_0.deleted_at,u1_0.email,u1_0.first_name,u1_0.last_name,u1_0.password_hash,u1_0.role_id,r1_0.id,r1_0.created_at,r1_0.created_by,r1_0.deleted_at,r1_0.description,r1_0.name,p1_0.role_id,p1_1.id,p1_1.created_at,p1_1.created_by,p1_1.deleted_at,p1_1.description,p1_1.name,p1_1.updated_at,p1_1.updated_by,p1_1.version,r1_0.updated_at,r1_0.updated_by,r1_0.version,u1_0.status,u1_0.updated_at,u1_0.updated_by,u1_0.username,u1_0.version from users u1_0 join platform_roles r1_0 on r1_0.id=u1_0.role_id left join role_permissions p1_0 on r1_0.id=p1_0.role_id left join permissions p1_1 on p1_1.id=p1_0.permission_id where (u1_0.deleted_at IS NULL) and u1_0.username=?
Hibernate: select u1_0.id,u1_0.avatar_url,u1_0.created_at,u1_0.created_by,u1_0.deleted_at,u1_0.email,u1_0.first_name,u1_0.last_name,u1_0.password_hash,u1_0.role_id,r1_0.id,r1_0.created_at,r1_0.created_by,r1_0.deleted_at,r1_0.description,r1_0.name,p1_0.role_id,p1_1.id,p1_1.created_at,p1_1.created_by,p1_1.deleted_at,p1_1.description,p1_1.name,p1_1.updated_at,p1_1.updated_by,p1_1.version,r1_0.updated_at,r1_0.updated_by,r1_0.version,u1_0.status,u1_0.updated_at,u1_0.updated_by,u1_0.username,u1_0.version from users u1_0 join platform_roles r1_0 on r1_0.id=u1_0.role_id left join role_permissions p1_0 on r1_0.id=p1_0.role_id left join permissions p1_1 on p1_1.id=p1_0.permission_id where (u1_0.deleted_at IS NULL) and u1_0.username=?
2026-07-05T11:41:43.887+05:30 TRACE 13012 --- [decisionhub-backend] [           main] org.hibernate.orm.jdbc.bind              : binding parameter (1:VARCHAR) <- [wrongcreduser]
2026-07-05T11:41:44.226+05:30  WARN 13012 --- [decisionhub-backend] [           main] c.d.exception.GlobalExceptionHandler     : Authentication failure: Bad credentials on path /auth/login
]]></system-out>
  </testcase>
</testsuite>