<?xml version="1.0" encoding="UTF-8"?>
<testsuite xmlns:xsi="http://www.w3.org/2001/XMLSchema-instance" xsi:noNamespaceSchemaLocation="https://maven.apache.org/surefire/maven-surefire-plugin/xsd/surefire-test-report-3.0.xsd" version="3.0" name="com.decisionhub.controller.AuthControllerTest" time="6.341" tests="11" errors="0" skipped="0" failures="0">
  <properties>
[...]
</properties>
  <testcase name="refresh_withBlankToken_returnsBadRequest" classname="com.decisionhub.controller.AuthControllerTest" time="0.34">
    <system-out><![CDATA[11:41:18.187 [main] INFO org.springframework.test.context.support.AnnotationConfigContextLoaderUtils -- Could not detect default configuration classes for test class [com.decisionhub.controller.AuthControllerTest]: AuthControllerTest does not declare any static, non-private, non-final, nested classes annotated with @Configuration.
11:41:18.484 [main] INFO org.springframework.boot.test.context.SpringBootTestContextBootstrapper -- Found @SpringBootConfiguration com.decisionhub.DecisionHubApplication for test class com.decisionhub.controller.AuthControllerTest
11:41:18.608 [main] INFO org.springframework.boot.devtools.restart.RestartApplicationListener -- Restart disabled due to context in which it is running

  .   ____          _            __ _ _
 /\\ / ___'_ __ _ _(_)_ __  __ _ \ \ \ \
( ( )\___ | '_ | '_| | '_ \/ _` | \ \ \ \
 \\/  ___)| |_)| | | | | || (_| |  ) ) ) )
  '  |____| .__|_| |_|_| |_\__, | / / / /
 =========|_|==============|___/=/_/_/_/

 :: Spring Boot ::                (v3.3.1)

2026-07-05T11:41:19.192+05:30  WARN 13012 --- [decisionhub-backend] [           main] ory$DuplicateJsonObjectContextCustomizer : 

Found multiple occurrences of org.json.JSONObject on the class path:

	jar:file:/C:/Users/sreeram/.m2/repository/org/json/json/20231013/json-20231013.jar!/org/json/JSONObject.class
	jar:file:/C:/Users/sreeram/.m2/repository/com/vaadin/external/google/android-json/0.0.20131108.vaadin1/android-json-0.0.20131108.vaadin1.jar!/org/json/JSONObject.class

You may wish to exclude one of them to ensure predictable runtime behavior

2026-07-05T11:41:19.222+05:30  INFO 13012 --- [decisionhub-backend] [           main] c.d.controller.AuthControllerTest        : Starting AuthControllerTest using Java 24.0.1 with PID 13012 (started by sreeram in C:\Users\sreeram\OneDrive\Desktop\sweets)
2026-07-05T11:41:19.222+05:30 DEBUG 13012 --- [decisionhub-backend] [           main] c.d.controller.AuthControllerTest        : Running with Spring Boot v3.3.1, Spring v6.1.10
2026-07-05T11:41:19.223+05:30  INFO 13012 --- [decisionhub-backend] [           main] c.d.controller.AuthControllerTest        : The following 1 profile is active: "dev"
2026-07-05T11:41:23.633+05:30  INFO 13012 --- [decisionhub-backend] [           main] o.s.b.t.m.w.SpringBootMockServletContext : Initializing Spring TestDispatcherServlet ''
2026-07-05T11:41:23.635+05:30  INFO 13012 --- [decisionhub-backend] [           main] o.s.t.web.servlet.TestDispatcherServlet  : Initializing Servlet ''
2026-07-05T11:41:23.638+05:30  INFO 13012 --- [decisionhub-backend] [           main] o.s.t.web.servlet.TestDispatcherServlet  : Completed initialization in 2 ms
2026-07-05T11:41:23.678+05:30  INFO 13012 --- [decisionhub-backend] [           main] c.d.controller.AuthControllerTest        : Started AuthControllerTest in 5.087 seconds (process running for 6.764)
2026-07-05T11:41:23.987+05:30  WARN 13012 --- [decisionhub-backend] [           main] c.d.exception.GlobalExceptionHandler     : Validation failure: Validation failed for argument [0] in public org.springframework.http.ResponseEntity<com.decisionhub.dto.AuthTokenResponse> com.decisionhub.controller.AuthController.refresh(com.decisionhub.dto.TokenRefreshRequest): [Field error in object 'tokenRefreshRequest' on field 'refreshToken': rejected value []; codes [NotBlank.tokenRefreshRequest.refreshToken,NotBlank.refreshToken,NotBlank.java.lang.String,NotBlank]; arguments [org.springframework.context.support.DefaultMessageSourceResolvable: codes [tokenRefreshRequest.refreshToken,refreshToken]; arguments []; default message [refreshToken]]; default message [Refresh token is required]]  on path /auth/refresh
]]></system-out>
    <system-err><![CDATA[WARNING: A Java agent has been loaded dynamically (C:\Users\sreeram\.m2\repository\net\bytebuddy\byte-buddy-agent\1.14.17\byte-buddy-agent-1.14.17.jar)
WARNING: If a serviceability tool is in use, please run with -XX:+EnableDynamicAgentLoading to hide this warning
WARNING: If a serviceability tool is not in use, please run with -Djdk.instrument.traceUsage for more information
WARNING: Dynamic loading of agents will be disallowed by default in a future release
]]></system-err>
  </testcase>
  <testcase name="resetPassword_withValidPayload_returnsOk" classname="com.decisionhub.controller.AuthControllerTest" time="0.041">
    <system-out><![CDATA[2026-07-05T11:41:24.071+05:30  INFO 13012 --- [decisionhub-backend] [           main] c.decisionhub.controller.AuthController  : Request received: Reset password
]]></system-out>
  </testcase>
  <testcase name="forgotPassword_withInvalidEmail_returnsBadRequest" classname="com.decisionhub.controller.AuthControllerTest" time="0.019">
    <system-out><![CDATA[2026-07-05T11:41:24.097+05:30  WARN 13012 --- [decisionhub-backend] [           main] c.d.exception.GlobalExceptionHandler     : Validation failure: Validation failed for argument [0] in public org.springframework.http.ResponseEntity<java.lang.Void> com.decisionhub.controller.AuthController.forgotPassword(com.decisionhub.dto.ForgotPasswordRequest): [Field error in object 'forgotPasswordRequest' on field 'email': rejected value [not-an-email]; codes [Email.forgotPasswordRequest.email,Email.email,Email.java.lang.String,Email]; arguments [org.springframework.context.support.DefaultMessageSourceResolvable: codes [forgotPasswordRequest.email,email]; arguments []; default message [email],[Ljakarta.validation.constraints.Pattern$Flag;@8f09a02,.*]; default message [Invalid email format]]  on path /auth/forgot-password
]]></system-out>
  </testcase>
  <testcase name="register_withValidPayload_returnsCreated" classname="com.decisionhub.controller.AuthControllerTest" time="0.079">
    <system-out><![CDATA[2026-07-05T11:41:24.142+05:30  INFO 13012 --- [decisionhub-backend] [           main] c.decisionhub.controller.AuthController  : Request received: Register user: testuser
]]></system-out>
  </testcase>
  <testcase name="login_withBlankUsername_returnsBadRequest" classname="com.decisionhub.controller.AuthControllerTest" time="0.015">
    <system-out><![CDATA[2026-07-05T11:41:24.198+05:30  WARN 13012 --- [decisionhub-backend] [           main] c.d.exception.GlobalExceptionHandler     : Validation failure: Validation failed for argument [0] in public org.springframework.http.ResponseEntity<com.decisionhub.dto.AuthTokenResponse> com.decisionhub.controller.AuthController.login(com.decisionhub.dto.UserLoginRequest,jakarta.servlet.http.HttpServletRequest): [Field error in object 'userLoginRequest' on field 'username': rejected value []; codes [NotBlank.userLoginRequest.username,NotBlank.username,NotBlank.java.lang.String,NotBlank]; arguments [org.springframework.context.support.DefaultMessageSourceResolvable: codes [userLoginRequest.username,username]; arguments []; default message [username]]; default message [Username is required]]  on path /auth/login
]]></system-out>
  </testcase>
  <testcase name="register_withInvalidPayload_returnsBadRequest" classname="com.decisionhub.controller.AuthControllerTest" time="0.01">
    <system-out><![CDATA[2026-07-05T11:41:24.210+05:30  WARN 13012 --- [decisionhub-backend] [           main] c.d.exception.GlobalExceptionHandler     : Validation failure: Validation failed for argument [0] in public org.springframework.http.ResponseEntity<com.decisionhub.dto.UserResponse> com.decisionhub.controller.AuthController.register(com.decisionhub.dto.UserRegisterRequest,jakarta.servlet.http.HttpServletRequest) with 4 errors: [Field error in object 'userRegisterRequest' on field 'username': rejected value [us]; codes [Size.userRegisterRequest.username,Size.username,Size.java.lang.String,Size]; arguments [org.springframework.context.support.DefaultMessageSourceResolvable: codes [userRegisterRequest.username,username]; arguments []; default message [username],50,3]; default message [Username must be between 3 and 50 characters]] [Field error in object 'userRegisterRequest' on field 'password': rejected value []; codes [Size.userRegisterRequest.password,Size.password,Size.java.lang.String,Size]; arguments [org.springframework.context.support.DefaultMessageSourceResolvable: codes [userRegisterRequest.password,password]; arguments []; default message [password],2147483647,8]; default message [Password must be at least 8 characters]] [Field error in object 'userRegisterRequest' on field 'password': rejected value []; codes [NotBlank.userRegisterRequest.password,NotBlank.password,NotBlank.java.lang.String,NotBlank]; arguments [org.springframework.context.support.DefaultMessageSourceResolvable: codes [userRegisterRequest.password,password]; arguments []; default message [password]]; default message [Password is required]] [Field error in object 'userRegisterRequest' on field 'email': rejected value [invalid-email]; codes [Email.userRegisterRequest.email,Email.email,Email.java.lang.String,Email]; arguments [org.springframework.context.support.DefaultMessageSourceResolvable: codes [userRegisterRequest.email,email]; arguments []; default message [email],[Ljakarta.validation.constraints.Pattern$Flag;@8f09a02,.*]; default message [Invalid email format]]  on path /auth/register
]]></system-out>
  </testcase>
  <testcase name="refresh_withValidToken_returnsOk" classname="com.decisionhub.controller.AuthControllerTest" time="0.009">
    <system-out><![CDATA[2026-07-05T11:41:24.224+05:30  INFO 13012 --- [decisionhub-backend] [           main] c.decisionhub.controller.AuthController  : Request received: Refresh token
]]></system-out>
  </testcase>
  <testcase name="login_withValidCredentials_returnsOk" classname="com.decisionhub.controller.AuthControllerTest" time="0.007">
    <system-out><![CDATA[2026-07-05T11:41:24.234+05:30  INFO 13012 --- [decisionhub-backend] [           main] c.decisionhub.controller.AuthController  : Request received: Login user: testuser
]]></system-out>
  </testcase>
  <testcase name="logout_withValidToken_returnsNoContent" classname="com.decisionhub.controller.AuthControllerTest" time="0.011">
    <system-out><![CDATA[2026-07-05T11:41:24.245+05:30  INFO 13012 --- [decisionhub-backend] [           main] c.decisionhub.controller.AuthController  : Request received: Logout
]]></system-out>
  </testcase>
  <testcase name="forgotPassword_withValidEmail_returnsOk" classname="com.decisionhub.controller.AuthControllerTest" time="0.033">
    <system-out><![CDATA[2026-07-05T11:41:24.282+05:30  INFO 13012 --- [decisionhub-backend] [           main] c.decisionhub.controller.AuthController  : Request received: Forgot password for email: user@example.com
]]></system-out>
  </testcase>
  <testcase name="resetPassword_withShortPassword_returnsBadRequest" classname="com.decisionhub.controller.AuthControllerTest" time="0.01">
    <system-out><![CDATA[2026-07-05T11:41:24.291+05:30  WARN 13012 --- [decisionhub-backend] [           main] c.d.exception.GlobalExceptionHandler     : Validation failure: Validation failed for argument [0] in public org.springframework.http.ResponseEntity<java.lang.Void> com.decisionhub.controller.AuthController.resetPassword(com.decisionhub.dto.ResetPasswordRequest): [Field error in object 'resetPasswordRequest' on field 'newPassword': rejected value [short]; codes [Size.resetPasswordRequest.newPassword,Size.newPassword,Size.java.lang.String,Size]; arguments [org.springframework.context.support.DefaultMessageSourceResolvable: codes [resetPasswordRequest.newPassword,newPassword]; arguments []; default message [newPassword],2147483647,8]; default message [New password must be at least 8 characters]]  on path /auth/reset-password
]]></system-out>
  </testcase>
</testsuite>