<?xml version="1.0" encoding="UTF-8"?>
<testsuite xmlns:xsi="http://www.w3.org/2001/XMLSchema-instance" xsi:noNamespaceSchemaLocation="https://maven.apache.org/surefire/maven-surefire-plugin/xsd/surefire-test-report-3.0.xsd" version="3.0" name="com.decisionhub.security.DecisionIntegrationTest" time="8.426" tests="6" errors="0" skipped="0" failures="0">
  <properties>
[...]
</properties>
  <testcase name="testVisibilityConstraints" classname="com.decisionhub.security.DecisionIntegrationTest" time="1.509">
    <system-out><![CDATA[2026-07-05T11:41:47.611+05:30 DEBUG 13012 --- [decisionhub-backend] [           main] org.hibernate.SQL                        : select do1_0.id,do1_0.created_at,do1_0.created_by,do1_0.decision_id,do1_0.deleted_at,do1_0.description,do1_0.title,do1_0.updated_at,do1_0.updated_by,do1_0.version from decision_options do1_0 where (do1_0.deleted_at IS NULL)
Hibernate: select do1_0.id,do1_0.created_at,do1_0.created_by,do1_0.decision_id,do1_0.deleted_at,do1_0.description,do1_0.title,do1_0.updated_at,do1_0.updated_by,do1_0.version from decision_options do1_0 where (do1_0.deleted_at IS NULL)
2026-07-05T11:41:47.614+05:30 DEBUG 13012 --- [decisionhub-backend] [           main] org.hibernate.SQL                        : select db1_0.id,db1_0.anonymity_type,db1_0.category_id,db1_0.community_id,db1_0.created_at,db1_0.created_by,db1_0.creator_id,db1_0.deadline,db1_0.deleted_at,db1_0.description,db1_0.is_public,db1_0.status,db1_0.title,db1_0.updated_at,db1_0.updated_by,db1_0.version,db1_0.voting_type from decision_boards db1_0 where (db1_0.deleted_at IS NULL)
Hibernate: select db1_0.id,db1_0.anonymity_type,db1_0.category_id,db1_0.community_id,db1_0.created_at,db1_0.created_by,db1_0.creator_id,db1_0.deadline,db1_0.deleted_at,db1_0.description,db1_0.is_public,db1_0.status,db1_0.title,db1_0.updated_at,db1_0.updated_by,db1_0.version,db1_0.voting_type from decision_boards db1_0 where (db1_0.deleted_at IS NULL)
2026-07-05T11:41:47.619+05:30 DEBUG 13012 --- [decisionhub-backend] [           main] org.hibernate.SQL                        : select u1_0.id,u1_0.avatar_url,u1_0.created_at,u1_0.created_by,u1_0.deleted_at,u1_0.email,u1_0.first_name,u1_0.last_name,u1_0.password_hash,u1_0.role_id,u1_0.status,u1_0.updated_at,u1_0.updated_by,u1_0.username,u1_0.version from users u1_0 where (u1_0.deleted_at IS NULL)
Hibernate: select u1_0.id,u1_0.avatar_url,u1_0.created_at,u1_0.created_by,u1_0.deleted_at,u1_0.email,u1_0.first_name,u1_0.last_name,u1_0.password_hash,u1_0.role_id,u1_0.status,u1_0.updated_at,u1_0.updated_by,u1_0.username,u1_0.version from users u1_0 where (u1_0.deleted_at IS NULL)
2026-07-05T11:41:47.620+05:30 DEBUG 13012 --- [decisionhub-backend] [           main] org.hibernate.SQL                        : UPDATE users SET deleted_at = CURRENT_TIMESTAMP(6) WHERE id = ? AND version = ?
Hibernate: UPDATE users SET deleted_at = CURRENT_TIMESTAMP(6) WHERE id = ? AND version = ?
2026-07-05T11:41:47.620+05:30 TRACE 13012 --- [decisionhub-backend] [           main] org.hibernate.orm.jdbc.bind              : binding parameter (1:UUID) <- [0a7911f6-69f2-4bb1-a91e-7ad90c93cafd]
2026-07-05T11:41:47.620+05:30 TRACE 13012 --- [decisionhub-backend] [           main] org.hibernate.orm.jdbc.bind              : binding parameter (2:BIGINT) <- [0]
2026-07-05T11:41:47.621+05:30 DEBUG 13012 --- [decisionhub-backend] [           main] org.hibernate.SQL                        : UPDATE users SET deleted_at = CURRENT_TIMESTAMP(6) WHERE id = ? AND version = ?
Hibernate: UPDATE users SET deleted_at = CURRENT_TIMESTAMP(6) WHERE id = ? AND version = ?
2026-07-05T11:41:47.621+05:30 TRACE 13012 --- [decisionhub-backend] [           main] org.hibernate.orm.jdbc.bind              : binding parameter (1:UUID) <- [39103fdd-2a52-4241-bdbe-1b165ca7d9d8]
2026-07-05T11:41:47.621+05:30 TRACE 13012 --- [decisionhub-backend] [           main] org.hibernate.orm.jdbc.bind              : binding parameter (2:BIGINT) <- [0]
2026-07-05T11:41:47.624+05:30 DEBUG 13012 --- [decisionhub-backend] [           main] org.hibernate.SQL                        : select al1_0.id,al1_0.action,al1_0.created_at,al1_0.ip_address,al1_0.new_value,al1_0.old_value,al1_0.request_id,al1_0.target_id,al1_0.target_table,al1_0.user_id,al1_0.user_agent from audit_logs al1_0
Hibernate: select al1_0.id,al1_0.action,al1_0.created_at,al1_0.ip_address,al1_0.new_value,al1_0.old_value,al1_0.request_id,al1_0.target_id,al1_0.target_table,al1_0.user_id,al1_0.user_agent from audit_logs al1_0
2026-07-05T11:41:47.627+05:30 DEBUG 13012 --- [decisionhub-backend] [           main] org.hibernate.SQL                        : delete from audit_logs where id=?
Hibernate: delete from audit_logs where id=?
2026-07-05T11:41:47.627+05:30 TRACE 13012 --- [decisionhub-backend] [           main] org.hibernate.orm.jdbc.bind              : binding parameter (1:UUID) <- [c19eabfe-f5cf-474e-9fdf-fc3a2563561b]
2026-07-05T11:41:47.627+05:30 DEBUG 13012 --- [decisionhub-backend] [           main] org.hibernate.SQL                        : delete from audit_logs where id=?
Hibernate: delete from audit_logs where id=?
2026-07-05T11:41:47.627+05:30 TRACE 13012 --- [decisionhub-backend] [           main] org.hibernate.orm.jdbc.bind              : binding parameter (1:UUID) <- [239bca08-bd64-4c04-a854-edad0cfd89b2]
2026-07-05T11:41:47.628+05:30 DEBUG 13012 --- [decisionhub-backend] [           main] org.hibernate.SQL                        : delete from audit_logs where id=?
Hibernate: delete from audit_logs where id=?
2026-07-05T11:41:47.628+05:30 TRACE 13012 --- [decisionhub-backend] [           main] org.hibernate.orm.jdbc.bind              : binding parameter (1:UUID) <- [9b92323e-6b61-4270-9348-685d437a42ba]
2026-07-05T11:41:47.628+05:30 DEBUG 13012 --- [decisionhub-backend] [           main] org.hibernate.SQL                        : delete from audit_logs where id=?
Hibernate: delete from audit_logs where id=?
2026-07-05T11:41:47.628+05:30 TRACE 13012 --- [decisionhub-backend] [           main] org.hibernate.orm.jdbc.bind              : binding parameter (1:UUID) <- [ecd9003c-2d60-41bf-9df7-ee95409d785d]
2026-07-05T11:41:47.628+05:30 DEBUG 13012 --- [decisionhub-backend] [           main] org.hibernate.SQL                        : delete from audit_logs where id=?
Hibernate: delete from audit_logs where id=?
2026-07-05T11:41:47.628+05:30 TRACE 13012 --- [decisionhub-backend] [           main] org.hibernate.orm.jdbc.bind              : binding parameter (1:UUID) <- [85508d06-71a5-450a-b8a2-0f009221d226]
2026-07-05T11:41:47.629+05:30 DEBUG 13012 --- [decisionhub-backend] [           main] org.hibernate.SQL                        : delete from audit_logs where id=?
Hibernate: delete from audit_logs where id=?
2026-07-05T11:41:47.629+05:30 TRACE 13012 --- [decisionhub-backend] [           main] org.hibernate.orm.jdbc.bind              : binding parameter (1:UUID) <- [ca254406-928e-4058-9fd9-624c0d755c8a]
2026-07-05T11:41:47.629+05:30 DEBUG 13012 --- [decisionhub-backend] [           main] org.hibernate.SQL                        : delete from audit_logs where id=?
Hibernate: delete from audit_logs where id=?
2026-07-05T11:41:47.629+05:30 TRACE 13012 --- [decisionhub-backend] [           main] org.hibernate.orm.jdbc.bind              : binding parameter (1:UUID) <- [9b4c4369-a9a1-4c65-8bbe-146df6c3e90d]
2026-07-05T11:41:47.629+05:30 DEBUG 13012 --- [decisionhub-backend] [           main] org.hibernate.SQL                        : delete from audit_logs where id=?
Hibernate: delete from audit_logs where id=?
2026-07-05T11:41:47.629+05:30 TRACE 13012 --- [decisionhub-backend] [           main] org.hibernate.orm.jdbc.bind              : binding parameter (1:UUID) <- [34682037-5f18-4d0f-a4cd-454cfa6c9bf0]
2026-07-05T11:41:47.632+05:30  INFO 13012 --- [decisionhub-backend] [           main] c.decisionhub.controller.AuthController  : Request received: Register user: creatoruser
2026-07-05T11:41:47.632+05:30  INFO 13012 --- [decisionhub-backend] [           main] c.d.s.impl.AuthenticationServiceImpl     : Attempting registration for username: creatoruser and email: creator@test.com
2026-07-05T11:41:47.633+05:30 DEBUG 13012 --- [decisionhub-backend] [           main] org.hibernate.SQL                        : select u1_0.id from users u1_0 where (u1_0.deleted_at IS NULL) and u1_0.username=? fetch first ? rows only
Hibernate: select u1_0.id from users u1_0 where (u1_0.deleted_at IS NULL) and u1_0.username=? fetch first ? rows only
2026-07-05T11:41:47.633+05:30 TRACE 13012 --- [decisionhub-backend] [           main] org.hibernate.orm.jdbc.bind              : binding parameter (1:VARCHAR) <- [creatoruser]
2026-07-05T11:41:47.633+05:30 TRACE 13012 --- [decisionhub-backend] [           main] org.hibernate.orm.jdbc.bind              : binding parameter (2:INTEGER) <- [1]
2026-07-05T11:41:47.635+05:30 DEBUG 13012 --- [decisionhub-backend] [           main] org.hibernate.SQL                        : select u1_0.id from users u1_0 where (u1_0.deleted_at IS NULL) and u1_0.email=? fetch first ? rows only
Hibernate: select u1_0.id from users u1_0 where (u1_0.deleted_at IS NULL) and u1_0.email=? fetch first ? rows only
2026-07-05T11:41:47.635+05:30 TRACE 13012 --- [decisionhub-backend] [           main] org.hibernate.orm.jdbc.bind              : binding parameter (1:VARCHAR) <- [creator@test.com]
2026-07-05T11:41:47.635+05:30 TRACE 13012 --- [decisionhub-backend] [           main] org.hibernate.orm.jdbc.bind              : binding parameter (2:INTEGER) <- [1]
2026-07-05T11:41:47.637+05:30 DEBUG 13012 --- [decisionhub-backend] [           main] org.hibernate.SQL                        : select r1_0.id,r1_0.created_at,r1_0.created_by,r1_0.deleted_at,r1_0.description,r1_0.name,r1_0.updated_at,r1_0.updated_by,r1_0.version from platform_roles r1_0 where r1_0.name=?
Hibernate: select r1_0.id,r1_0.created_at,r1_0.created_by,r1_0.deleted_at,r1_0.description,r1_0.name,r1_0.updated_at,r1_0.updated_by,r1_0.version from platform_roles r1_0 where r1_0.name=?
2026-07-05T11:41:47.637+05:30 TRACE 13012 --- [decisionhub-backend] [           main] org.hibernate.orm.jdbc.bind              : binding parameter (1:VARCHAR) <- [ROLE_USER]
2026-07-05T11:41:47.969+05:30  INFO 13012 --- [decisionhub-backend] [           main] c.d.s.impl.AuthenticationServiceImpl     : User registered successfully with ID: eebc6adc-b6ee-41bd-9ae7-a6622b9eb049
2026-07-05T11:41:47.970+05:30 DEBUG 13012 --- [decisionhub-backend] [           main] org.hibernate.SQL                        : insert into users (avatar_url,created_at,created_by,deleted_at,email,first_name,last_name,password_hash,role_id,status,updated_at,updated_by,username,version,id) values (?,?,?,?,?,?,?,?,?,?,?,?,?,?,?)
Hibernate: insert into users (avatar_url,created_at,created_by,deleted_at,email,first_name,last_name,password_hash,role_id,status,updated_at,updated_by,username,version,id) values (?,?,?,?,?,?,?,?,?,?,?,?,?,?,?)
2026-07-05T11:41:47.970+05:30 TRACE 13012 --- [decisionhub-backend] [           main] org.hibernate.orm.jdbc.bind              : binding parameter (1:VARCHAR) <- [null]
2026-07-05T11:41:47.970+05:30 TRACE 13012 --- [decisionhub-backend] [           main] org.hibernate.orm.jdbc.bind              : binding parameter (2:TIMESTAMP_UTC) <- [2026-07-05T06:11:47.968482Z]
2026-07-05T11:41:47.970+05:30 TRACE 13012 --- [decisionhub-backend] [           main] org.hibernate.orm.jdbc.bind              : binding parameter (3:VARCHAR) <- [null]
2026-07-05T11:41:47.970+05:30 TRACE 13012 --- [decisionhub-backend] [           main] org.hibernate.orm.jdbc.bind              : binding parameter (4:TIMESTAMP_UTC) <- [null]
2026-07-05T11:41:47.970+05:30 TRACE 13012 --- [decisionhub-backend] [           main] org.hibernate.orm.jdbc.bind              : binding parameter (5:VARCHAR) <- [creator@test.com]
2026-07-05T11:41:47.970+05:30 TRACE 13012 --- [decisionhub-backend] [           main] org.hibernate.orm.jdbc.bind              : binding parameter (6:VARCHAR) <- [Creator]
2026-07-05T11:41:47.970+05:30 TRACE 13012 --- [decisionhub-backend] [           main] org.hibernate.orm.jdbc.bind              : binding parameter (7:VARCHAR) <- [User]
2026-07-05T11:41:47.970+05:30 TRACE 13012 --- [decisionhub-backend] [           main] org.hibernate.orm.jdbc.bind              : binding parameter (8:VARCHAR) <- [$2a$12$yr03ug5TZGwkS5AVj3LJJeYmn.AJsy7luZ7jIKmgLpNtKm3gSBvee]
2026-07-05T11:41:47.970+05:30 TRACE 13012 --- [decisionhub-backend] [           main] org.hibernate.orm.jdbc.bind              : binding parameter (9:UUID) <- [208d2932-67f0-4c91-b6e1-f56fc9a66219]
2026-07-05T11:41:47.970+05:30 TRACE 13012 --- [decisionhub-backend] [           main] org.hibernate.orm.jdbc.bind              : binding parameter (10:VARCHAR) <- [ACTIVE]
2026-07-05T11:41:47.970+05:30 TRACE 13012 --- [decisionhub-backend] [           main] org.hibernate.orm.jdbc.bind              : binding parameter (11:TIMESTAMP_UTC) <- [2026-07-05T06:11:47.968482Z]
2026-07-05T11:41:47.970+05:30 TRACE 13012 --- [decisionhub-backend] [           main] org.hibernate.orm.jdbc.bind              : binding parameter (12:VARCHAR) <- [null]
2026-07-05T11:41:47.970+05:30 TRACE 13012 --- [decisionhub-backend] [           main] org.hibernate.orm.jdbc.bind              : binding parameter (13:VARCHAR) <- [creatoruser]
2026-07-05T11:41:47.970+05:30 TRACE 13012 --- [decisionhub-backend] [           main] org.hibernate.orm.jdbc.bind              : binding parameter (14:BIGINT) <- [0]
2026-07-05T11:41:47.970+05:30 TRACE 13012 --- [decisionhub-backend] [           main] org.hibernate.orm.jdbc.bind              : binding parameter (15:UUID) <- [eebc6adc-b6ee-41bd-9ae7-a6622b9eb049]
2026-07-05T11:41:47.971+05:30 DEBUG 13012 --- [decisionhub-backend] [           main] org.hibernate.SQL                        : insert into audit_logs (action,created_at,ip_address,new_value,old_value,request_id,target_id,target_table,user_id,user_agent,id) values (?,?,?,?,?,?,?,?,?,?,?)
Hibernate: insert into audit_logs (action,created_at,ip_address,new_value,old_value,request_id,target_id,target_table,user_id,user_agent,id) values (?,?,?,?,?,?,?,?,?,?,?)
2026-07-05T11:41:47.971+05:30 TRACE 13012 --- [decisionhub-backend] [           main] org.hibernate.orm.jdbc.bind              : binding parameter (1:VARCHAR) <- [REGISTER]
2026-07-05T11:41:47.971+05:30 TRACE 13012 --- [decisionhub-backend] [           main] org.hibernate.orm.jdbc.bind              : binding parameter (2:TIMESTAMP_UTC) <- [2026-07-05T06:11:47.969579300Z]
2026-07-05T11:41:47.971+05:30 TRACE 13012 --- [decisionhub-backend] [           main] org.hibernate.orm.jdbc.bind              : binding parameter (3:VARCHAR) <- [127.0.0.1]
2026-07-05T11:41:47.971+05:30 TRACE 13012 --- [decisionhub-backend] [           main] org.hibernate.orm.jdbc.bind              : binding parameter (4:JSON) <- [null]
2026-07-05T11:41:47.971+05:30 TRACE 13012 --- [decisionhub-backend] [           main] org.hibernate.orm.jdbc.bind              : binding parameter (5:JSON) <- [null]
2026-07-05T11:41:47.971+05:30 TRACE 13012 --- [decisionhub-backend] [           main] org.hibernate.orm.jdbc.bind              : binding parameter (6:VARCHAR) <- [null]
2026-07-05T11:41:47.971+05:30 TRACE 13012 --- [decisionhub-backend] [           main] org.hibernate.orm.jdbc.bind              : binding parameter (7:UUID) <- [eebc6adc-b6ee-41bd-9ae7-a6622b9eb049]
2026-07-05T11:41:47.971+05:30 TRACE 13012 --- [decisionhub-backend] [           main] org.hibernate.orm.jdbc.bind              : binding parameter (8:VARCHAR) <- [users]
2026-07-05T11:41:47.971+05:30 TRACE 13012 --- [decisionhub-backend] [           main] org.hibernate.orm.jdbc.bind              : binding parameter (9:UUID) <- [eebc6adc-b6ee-41bd-9ae7-a6622b9eb049]
2026-07-05T11:41:47.971+05:30 TRACE 13012 --- [decisionhub-backend] [           main] org.hibernate.orm.jdbc.bind              : binding parameter (10:VARCHAR) <- [null]
2026-07-05T11:41:47.971+05:30 TRACE 13012 --- [decisionhub-backend] [           main] org.hibernate.orm.jdbc.bind              : binding parameter (11:UUID) <- [4357cb2d-1d9f-4d29-b5cb-ea23e0aaf185]
2026-07-05T11:41:47.976+05:30  INFO 13012 --- [decisionhub-backend] [           main] c.decisionhub.controller.AuthController  : Request received: Login user: creatoruser
2026-07-05T11:41:47.977+05:30  INFO 13012 --- [decisionhub-backend] [           main] c.d.s.impl.AuthenticationServiceImpl     : Authenticating user: creatoruser
2026-07-05T11:41:47.979+05:30 DEBUG 13012 --- [decisionhub-backend] [           main] org.hibernate.SQL                        : select u1_0.id,u1_0.avatar_url,u1_0.created_at,u1_0.created_by,u1_0.deleted_at,u1_0.email,u1_0.first_name,u1_0.last_name,u1_0.password_hash,u1_0.role_id,r1_0.id,r1_0.created_at,r1_0.created_by,r1_0.deleted_at,r1_0.description,r1_0.name,p1_0.role_id,p1_1.id,p1_1.created_at,p1_1.created_by,p1_1.deleted_at,p1_1.description,p1_1.name,p1_1.updated_at,p1_1.updated_by,p1_1.version,r1_0.updated_at,r1_0.updated_by,r1_0.version,u1_0.status,u1_0.updated_at,u1_0.updated_by,u1_0.username,u1_0.version from users u1_0 join platform_roles r1_0 on r1_0.id=u1_0.role_id left join role_permissions p1_0 on r1_0.id=p1_0.role_id left join permissions p1_1 on p1_1.id=p1_0.permission_id where (u1_0.deleted_at IS NULL) and u1_0.username=?
Hibernate: select u1_0.id,u1_0.avatar_url,u1_0.created_at,u1_0.created_by,u1_0.deleted_at,u1_0.email,u1_0.first_name,u1_0.last_name,u1_0.password_hash,u1_0.role_id,r1_0.id,r1_0.created_at,r1_0.created_by,r1_0.deleted_at,r1_0.description,r1_0.name,p1_0.role_id,p1_1.id,p1_1.created_at,p1_1.created_by,p1_1.deleted_at,p1_1.description,p1_1.name,p1_1.updated_at,p1_1.updated_by,p1_1.version,r1_0.updated_at,r1_0.updated_by,r1_0.version,u1_0.status,u1_0.updated_at,u1_0.updated_by,u1_0.username,u1_0.version from users u1_0 join platform_roles r1_0 on r1_0.id=u1_0.role_id left join role_permissions p1_0 on r1_0.id=p1_0.role_id left join permissions p1_1 on p1_1.id=p1_0.permission_id where (u1_0.deleted_at IS NULL) and u1_0.username=?
2026-07-05T11:41:47.979+05:30 TRACE 13012 --- [decisionhub-backend] [           main] org.hibernate.orm.jdbc.bind              : binding parameter (1:VARCHAR) <- [creatoruser]
2026-07-05T11:41:48.291+05:30 DEBUG 13012 --- [decisionhub-backend] [           main] org.hibernate.SQL                        : select rt1_0.id,rt1_0.created_at,rt1_0.created_by,rt1_0.deleted_at,rt1_0.expires_at,rt1_0.revoked,rt1_0.token,rt1_0.updated_at,rt1_0.updated_by,rt1_0.user_id,rt1_0.version from refresh_tokens rt1_0 where rt1_0.user_id=?
Hibernate: select rt1_0.id,rt1_0.created_at,rt1_0.created_by,rt1_0.deleted_at,rt1_0.expires_at,rt1_0.revoked,rt1_0.token,rt1_0.updated_at,rt1_0.updated_by,rt1_0.user_id,rt1_0.version from refresh_tokens rt1_0 where rt1_0.user_id=?
2026-07-05T11:41:48.291+05:30 TRACE 13012 --- [decisionhub-backend] [           main] org.hibernate.orm.jdbc.bind              : binding parameter (1:UUID) <- [eebc6adc-b6ee-41bd-9ae7-a6622b9eb049]
2026-07-05T11:41:48.295+05:30  INFO 13012 --- [decisionhub-backend] [           main] c.d.s.impl.AuthenticationServiceImpl     : User creatoruser authenticated successfully
2026-07-05T11:41:48.296+05:30 DEBUG 13012 --- [decisionhub-backend] [           main] org.hibernate.SQL                        : insert into refresh_tokens (created_at,created_by,deleted_at,expires_at,revoked,token,updated_at,updated_by,user_id,version,id) values (?,?,?,?,?,?,?,?,?,?,?)
Hibernate: insert into refresh_tokens (created_at,created_by,deleted_at,expires_at,revoked,token,updated_at,updated_by,user_id,version,id) values (?,?,?,?,?,?,?,?,?,?,?)
2026-07-05T11:41:48.296+05:30 TRACE 13012 --- [decisionhub-backend] [           main] org.hibernate.orm.jdbc.bind              : binding parameter (1:TIMESTAMP_UTC) <- [2026-07-05T06:11:48.294580300Z]
2026-07-05T11:41:48.296+05:30 TRACE 13012 --- [decisionhub-backend] [           main] org.hibernate.orm.jdbc.bind              : binding parameter (2:VARCHAR) <- [null]
2026-07-05T11:41:48.296+05:30 TRACE 13012 --- [decisionhub-backend] [           main] org.hibernate.orm.jdbc.bind              : binding parameter (3:TIMESTAMP_UTC) <- [null]
2026-07-05T11:41:48.296+05:30 TRACE 13012 --- [decisionhub-backend] [           main] org.hibernate.orm.jdbc.bind              : binding parameter (4:TIMESTAMP_UTC) <- [2026-07-05T06:21:48.293573700Z]
2026-07-05T11:41:48.296+05:30 TRACE 13012 --- [decisionhub-backend] [           main] org.hibernate.orm.jdbc.bind              : binding parameter (5:BOOLEAN) <- [false]
2026-07-05T11:41:48.296+05:30 TRACE 13012 --- [decisionhub-backend] [           main] org.hibernate.orm.jdbc.bind              : binding parameter (6:VARCHAR) <- [0aa1abfe-d340-4ecd-a648-1a9f673cf97f]
2026-07-05T11:41:48.296+05:30 TRACE 13012 --- [decisionhub-backend] [           main] org.hibernate.orm.jdbc.bind              : binding parameter (7:TIMESTAMP_UTC) <- [2026-07-05T06:11:48.294580300Z]
2026-07-05T11:41:48.296+05:30 TRACE 13012 --- [decisionhub-backend] [           main] org.hibernate.orm.jdbc.bind              : binding parameter (8:VARCHAR) <- [null]
2026-07-05T11:41:48.296+05:30 TRACE 13012 --- [decisionhub-backend] [           main] org.hibernate.orm.jdbc.bind              : binding parameter (9:UUID) <- [eebc6adc-b6ee-41bd-9ae7-a6622b9eb049]
2026-07-05T11:41:48.296+05:30 TRACE 13012 --- [decisionhub-backend] [           main] org.hibernate.orm.jdbc.bind              : binding parameter (10:BIGINT) <- [0]
2026-07-05T11:41:48.296+05:30 TRACE 13012 --- [decisionhub-backend] [           main] org.hibernate.orm.jdbc.bind              : binding parameter (11:UUID) <- [9c752258-3651-488f-8bd0-518d368a0aea]
2026-07-05T11:41:48.297+05:30 DEBUG 13012 --- [decisionhub-backend] [           main] org.hibernate.SQL                        : insert into audit_logs (action,created_at,ip_address,new_value,old_value,request_id,target_id,target_table,user_id,user_agent,id) values (?,?,?,?,?,?,?,?,?,?,?)
Hibernate: insert into audit_logs (action,created_at,ip_address,new_value,old_value,request_id,target_id,target_table,user_id,user_agent,id) values (?,?,?,?,?,?,?,?,?,?,?)
2026-07-05T11:41:48.297+05:30 TRACE 13012 --- [decisionhub-backend] [           main] org.hibernate.orm.jdbc.bind              : binding parameter (1:VARCHAR) <- [LOGIN]
2026-07-05T11:41:48.297+05:30 TRACE 13012 --- [decisionhub-backend] [           main] org.hibernate.orm.jdbc.bind              : binding parameter (2:TIMESTAMP_UTC) <- [2026-07-05T06:11:48.295584500Z]
2026-07-05T11:41:48.297+05:30 TRACE 13012 --- [decisionhub-backend] [           main] org.hibernate.orm.jdbc.bind              : binding parameter (3:VARCHAR) <- [127.0.0.1]
2026-07-05T11:41:48.297+05:30 TRACE 13012 --- [decisionhub-backend] [           main] org.hibernate.orm.jdbc.bind              : binding parameter (4:JSON) <- [null]
2026-07-05T11:41:48.297+05:30 TRACE 13012 --- [decisionhub-backend] [           main] org.hibernate.orm.jdbc.bind              : binding parameter (5:JSON) <- [null]
2026-07-05T11:41:48.297+05:30 TRACE 13012 --- [decisionhub-backend] [           main] org.hibernate.orm.jdbc.bind              : binding parameter (6:VARCHAR) <- [null]
2026-07-05T11:41:48.297+05:30 TRACE 13012 --- [decisionhub-backend] [           main] org.hibernate.orm.jdbc.bind              : binding parameter (7:UUID) <- [eebc6adc-b6ee-41bd-9ae7-a6622b9eb049]
2026-07-05T11:41:48.297+05:30 TRACE 13012 --- [decisionhub-backend] [           main] org.hibernate.orm.jdbc.bind              : binding parameter (8:VARCHAR) <- [users]
2026-07-05T11:41:48.297+05:30 TRACE 13012 --- [decisionhub-backend] [           main] org.hibernate.orm.jdbc.bind              : binding parameter (9:UUID) <- [eebc6adc-b6ee-41bd-9ae7-a6622b9eb049]
2026-07-05T11:41:48.297+05:30 TRACE 13012 --- [decisionhub-backend] [           main] org.hibernate.orm.jdbc.bind              : binding parameter (10:VARCHAR) <- [null]
2026-07-05T11:41:48.297+05:30 TRACE 13012 --- [decisionhub-backend] [           main] org.hibernate.orm.jdbc.bind              : binding parameter (11:UUID) <- [2a2e7025-90ce-4c08-bcbb-fa1e2ac24597]
2026-07-05T11:41:48.301+05:30 DEBUG 13012 --- [decisionhub-backend] [           main] org.hibernate.SQL                        : select u1_0.id,u1_0.avatar_url,u1_0.created_at,u1_0.created_by,u1_0.deleted_at,u1_0.email,u1_0.first_name,u1_0.last_name,u1_0.password_hash,u1_0.role_id,r1_0.id,r1_0.created_at,r1_0.created_by,r1_0.deleted_at,r1_0.description,r1_0.name,p1_0.role_id,p1_1.id,p1_1.created_at,p1_1.created_by,p1_1.deleted_at,p1_1.description,p1_1.name,p1_1.updated_at,p1_1.updated_by,p1_1.version,r1_0.updated_at,r1_0.updated_by,r1_0.version,u1_0.status,u1_0.updated_at,u1_0.updated_by,u1_0.username,u1_0.version from users u1_0 join platform_roles r1_0 on r1_0.id=u1_0.role_id left join role_permissions p1_0 on r1_0.id=p1_0.role_id left join permissions p1_1 on p1_1.id=p1_0.permission_id where (u1_0.deleted_at IS NULL) and u1_0.username=?
Hibernate: select u1_0.id,u1_0.avatar_url,u1_0.created_at,u1_0.created_by,u1_0.deleted_at,u1_0.email,u1_0.first_name,u1_0.last_name,u1_0.password_hash,u1_0.role_id,r1_0.id,r1_0.created_at,r1_0.created_by,r1_0.deleted_at,r1_0.description,r1_0.name,p1_0.role_id,p1_1.id,p1_1.created_at,p1_1.created_by,p1_1.deleted_at,p1_1.description,p1_1.name,p1_1.updated_at,p1_1.updated_by,p1_1.version,r1_0.updated_at,r1_0.updated_by,r1_0.version,u1_0.status,u1_0.updated_at,u1_0.updated_by,u1_0.username,u1_0.version from users u1_0 join platform_roles r1_0 on r1_0.id=u1_0.role_id left join role_permissions p1_0 on r1_0.id=p1_0.role_id left join permissions p1_1 on p1_1.id=p1_0.permission_id where (u1_0.deleted_at IS NULL) and u1_0.username=?
2026-07-05T11:41:48.301+05:30 TRACE 13012 --- [decisionhub-backend] [           main] org.hibernate.orm.jdbc.bind              : binding parameter (1:VARCHAR) <- [creatoruser]
2026-07-05T11:41:48.304+05:30  INFO 13012 --- [decisionhub-backend] [           main] c.decisionhub.controller.AuthController  : Request received: Register user: otheruser
2026-07-05T11:41:48.304+05:30  INFO 13012 --- [decisionhub-backend] [           main] c.d.s.impl.AuthenticationServiceImpl     : Attempting registration for username: otheruser and email: other@test.com
2026-07-05T11:41:48.305+05:30 DEBUG 13012 --- [decisionhub-backend] [           main] org.hibernate.SQL                        : select u1_0.id from users u1_0 where (u1_0.deleted_at IS NULL) and u1_0.username=? fetch first ? rows only
Hibernate: select u1_0.id from users u1_0 where (u1_0.deleted_at IS NULL) and u1_0.username=? fetch first ? rows only
2026-07-05T11:41:48.306+05:30 TRACE 13012 --- [decisionhub-backend] [           main] org.hibernate.orm.jdbc.bind              : binding parameter (1:VARCHAR) <- [otheruser]
2026-07-05T11:41:48.306+05:30 TRACE 13012 --- [decisionhub-backend] [           main] org.hibernate.orm.jdbc.bind              : binding parameter (2:INTEGER) <- [1]
2026-07-05T11:41:48.307+05:30 DEBUG 13012 --- [decisionhub-backend] [           main] org.hibernate.SQL                        : select u1_0.id from users u1_0 where (u1_0.deleted_at IS NULL) and u1_0.email=? fetch first ? rows only
Hibernate: select u1_0.id from users u1_0 where (u1_0.deleted_at IS NULL) and u1_0.email=? fetch first ? rows only
2026-07-05T11:41:48.307+05:30 TRACE 13012 --- [decisionhub-backend] [           main] org.hibernate.orm.jdbc.bind              : binding parameter (1:VARCHAR) <- [other@test.com]
2026-07-05T11:41:48.307+05:30 TRACE 13012 --- [decisionhub-backend] [           main] org.hibernate.orm.jdbc.bind              : binding parameter (2:INTEGER) <- [1]
2026-07-05T11:41:48.308+05:30 DEBUG 13012 --- [decisionhub-backend] [           main] org.hibernate.SQL                        : select r1_0.id,r1_0.created_at,r1_0.created_by,r1_0.deleted_at,r1_0.description,r1_0.name,r1_0.updated_at,r1_0.updated_by,r1_0.version from platform_roles r1_0 where r1_0.name=?
Hibernate: select r1_0.id,r1_0.created_at,r1_0.created_by,r1_0.deleted_at,r1_0.description,r1_0.name,r1_0.updated_at,r1_0.updated_by,r1_0.version from platform_roles r1_0 where r1_0.name=?
2026-07-05T11:41:48.308+05:30 TRACE 13012 --- [decisionhub-backend] [           main] org.hibernate.orm.jdbc.bind              : binding parameter (1:VARCHAR) <- [ROLE_USER]
2026-07-05T11:41:48.630+05:30  INFO 13012 --- [decisionhub-backend] [           main] c.d.s.impl.AuthenticationServiceImpl     : User registered successfully with ID: deee7f8e-f643-4e04-9c0a-bb5c33df4571
2026-07-05T11:41:48.631+05:30 DEBUG 13012 --- [decisionhub-backend] [           main] org.hibernate.SQL                        : insert into users (avatar_url,created_at,created_by,deleted_at,email,first_name,last_name,password_hash,role_id,status,updated_at,updated_by,username,version,id) values (?,?,?,?,?,?,?,?,?,?,?,?,?,?,?)
Hibernate: insert into users (avatar_url,created_at,created_by,deleted_at,email,first_name,last_name,password_hash,role_id,status,updated_at,updated_by,username,version,id) values (?,?,?,?,?,?,?,?,?,?,?,?,?,?,?)
2026-07-05T11:41:48.632+05:30 TRACE 13012 --- [decisionhub-backend] [           main] org.hibernate.orm.jdbc.bind              : binding parameter (1:VARCHAR) <- [null]
2026-07-05T11:41:48.632+05:30 TRACE 13012 --- [decisionhub-backend] [           main] org.hibernate.orm.jdbc.bind              : binding parameter (2:TIMESTAMP_UTC) <- [2026-07-05T06:11:48.630348800Z]
2026-07-05T11:41:48.632+05:30 TRACE 13012 --- [decisionhub-backend] [           main] org.hibernate.orm.jdbc.bind              : binding parameter (3:VARCHAR) <- [null]
2026-07-05T11:41:48.632+05:30 TRACE 13012 --- [decisionhub-backend] [           main] org.hibernate.orm.jdbc.bind              : binding parameter (4:TIMESTAMP_UTC) <- [null]
2026-07-05T11:41:48.632+05:30 TRACE 13012 --- [decisionhub-backend] [           main] org.hibernate.orm.jdbc.bind              : binding parameter (5:VARCHAR) <- [other@test.com]
2026-07-05T11:41:48.632+05:30 TRACE 13012 --- [decisionhub-backend] [           main] org.hibernate.orm.jdbc.bind              : binding parameter (6:VARCHAR) <- [Other]
2026-07-05T11:41:48.632+05:30 TRACE 13012 --- [decisionhub-backend] [           main] org.hibernate.orm.jdbc.bind              : binding parameter (7:VARCHAR) <- [User]
2026-07-05T11:41:48.632+05:30 TRACE 13012 --- [decisionhub-backend] [           main] org.hibernate.orm.jdbc.bind              : binding parameter (8:VARCHAR) <- [$2a$12$8YoocSGCHAxhaNsqJbxxIOrKVwaJ3o9JaKYnxkJ.FxKfoOkfBiMx2]
2026-07-05T11:41:48.632+05:30 TRACE 13012 --- [decisionhub-backend] [           main] org.hibernate.orm.jdbc.bind              : binding parameter (9:UUID) <- [208d2932-67f0-4c91-b6e1-f56fc9a66219]
2026-07-05T11:41:48.632+05:30 TRACE 13012 --- [decisionhub-backend] [           main] org.hibernate.orm.jdbc.bind              : binding parameter (10:VARCHAR) <- [ACTIVE]
2026-07-05T11:41:48.632+05:30 TRACE 13012 --- [decisionhub-backend] [           main] org.hibernate.orm.jdbc.bind              : binding parameter (11:TIMESTAMP_UTC) <- [2026-07-05T06:11:48.630348800Z]
2026-07-05T11:41:48.632+05:30 TRACE 13012 --- [decisionhub-backend] [           main] org.hibernate.orm.jdbc.bind              : binding parameter (12:VARCHAR) <- [null]
2026-07-05T11:41:48.632+05:30 TRACE 13012 --- [decisionhub-backend] [           main] org.hibernate.orm.jdbc.bind              : binding parameter (13:VARCHAR) <- [otheruser]
2026-07-05T11:41:48.632+05:30 TRACE 13012 --- [decisionhub-backend] [           main] org.hibernate.orm.jdbc.bind              : binding parameter (14:BIGINT) <- [0]
2026-07-05T11:41:48.632+05:30 TRACE 13012 --- [decisionhub-backend] [           main] org.hibernate.orm.jdbc.bind              : binding parameter (15:UUID) <- [deee7f8e-f643-4e04-9c0a-bb5c33df4571]
2026-07-05T11:41:48.633+05:30 DEBUG 13012 --- [decisionhub-backend] [           main] org.hibernate.SQL                        : insert into audit_logs (action,created_at,ip_address,new_value,old_value,request_id,target_id,target_table,user_id,user_agent,id) values (?,?,?,?,?,?,?,?,?,?,?)
Hibernate: insert into audit_logs (action,created_at,ip_address,new_value,old_value,request_id,target_id,target_table,user_id,user_agent,id) values (?,?,?,?,?,?,?,?,?,?,?)
2026-07-05T11:41:48.633+05:30 TRACE 13012 --- [decisionhub-backend] [           main] org.hibernate.orm.jdbc.bind              : binding parameter (1:VARCHAR) <- [REGISTER]
2026-07-05T11:41:48.633+05:30 TRACE 13012 --- [decisionhub-backend] [           main] org.hibernate.orm.jdbc.bind              : binding parameter (2:TIMESTAMP_UTC) <- [2026-07-05T06:11:48.631348800Z]
2026-07-05T11:41:48.633+05:30 TRACE 13012 --- [decisionhub-backend] [           main] org.hibernate.orm.jdbc.bind              : binding parameter (3:VARCHAR) <- [127.0.0.1]
2026-07-05T11:41:48.633+05:30 TRACE 13012 --- [decisionhub-backend] [           main] org.hibernate.orm.jdbc.bind              : binding parameter (4:JSON) <- [null]
2026-07-05T11:41:48.633+05:30 TRACE 13012 --- [decisionhub-backend] [           main] org.hibernate.orm.jdbc.bind              : binding parameter (5:JSON) <- [null]
2026-07-05T11:41:48.633+05:30 TRACE 13012 --- [decisionhub-backend] [           main] org.hibernate.orm.jdbc.bind              : binding parameter (6:VARCHAR) <- [null]
2026-07-05T11:41:48.633+05:30 TRACE 13012 --- [decisionhub-backend] [           main] org.hibernate.orm.jdbc.bind              : binding parameter (7:UUID) <- [deee7f8e-f643-4e04-9c0a-bb5c33df4571]
2026-07-05T11:41:48.633+05:30 TRACE 13012 --- [decisionhub-backend] [           main] org.hibernate.orm.jdbc.bind              : binding parameter (8:VARCHAR) <- [users]
2026-07-05T11:41:48.633+05:30 TRACE 13012 --- [decisionhub-backend] [           main] org.hibernate.orm.jdbc.bind              : binding parameter (9:UUID) <- [deee7f8e-f643-4e04-9c0a-bb5c33df4571]
2026-07-05T11:41:48.633+05:30 TRACE 13012 --- [decisionhub-backend] [           main] org.hibernate.orm.jdbc.bind              : binding parameter (10:VARCHAR) <- [null]
2026-07-05T11:41:48.633+05:30 TRACE 13012 --- [decisionhub-backend] [           main] org.hibernate.orm.jdbc.bind              : binding parameter (11:UUID) <- [246c8c10-0da0-435b-8948-edff99ce898f]
2026-07-05T11:41:48.639+05:30  INFO 13012 --- [decisionhub-backend] [           main] c.decisionhub.controller.AuthController  : Request received: Login user: otheruser
2026-07-05T11:41:48.640+05:30  INFO 13012 --- [decisionhub-backend] [           main] c.d.s.impl.AuthenticationServiceImpl     : Authenticating user: otheruser
2026-07-05T11:41:48.642+05:30 DEBUG 13012 --- [decisionhub-backend] [           main] org.hibernate.SQL                        : select u1_0.id,u1_0.avatar_url,u1_0.created_at,u1_0.created_by,u1_0.deleted_at,u1_0.email,u1_0.first_name,u1_0.last_name,u1_0.password_hash,u1_0.role_id,r1_0.id,r1_0.created_at,r1_0.created_by,r1_0.deleted_at,r1_0.description,r1_0.name,p1_0.role_id,p1_1.id,p1_1.created_at,p1_1.created_by,p1_1.deleted_at,p1_1.description,p1_1.name,p1_1.updated_at,p1_1.updated_by,p1_1.version,r1_0.updated_at,r1_0.updated_by,r1_0.version,u1_0.status,u1_0.updated_at,u1_0.updated_by,u1_0.username,u1_0.version from users u1_0 join platform_roles r1_0 on r1_0.id=u1_0.role_id left join role_permissions p1_0 on r1_0.id=p1_0.role_id left join permissions p1_1 on p1_1.id=p1_0.permission_id where (u1_0.deleted_at IS NULL) and u1_0.username=?
Hibernate: select u1_0.id,u1_0.avatar_url,u1_0.created_at,u1_0.created_by,u1_0.deleted_at,u1_0.email,u1_0.first_name,u1_0.last_name,u1_0.password_hash,u1_0.role_id,r1_0.id,r1_0.created_at,r1_0.created_by,r1_0.deleted_at,r1_0.description,r1_0.name,p1_0.role_id,p1_1.id,p1_1.created_at,p1_1.created_by,p1_1.deleted_at,p1_1.description,p1_1.name,p1_1.updated_at,p1_1.updated_by,p1_1.version,r1_0.updated_at,r1_0.updated_by,r1_0.version,u1_0.status,u1_0.updated_at,u1_0.updated_by,u1_0.username,u1_0.version from users u1_0 join platform_roles r1_0 on r1_0.id=u1_0.role_id left join role_permissions p1_0 on r1_0.id=p1_0.role_id left join permissions p1_1 on p1_1.id=p1_0.permission_id where (u1_0.deleted_at IS NULL) and u1_0.username=?
2026-07-05T11:41:48.643+05:30 TRACE 13012 --- [decisionhub-backend] [           main] org.hibernate.orm.jdbc.bind              : binding parameter (1:VARCHAR) <- [otheruser]
2026-07-05T11:41:48.970+05:30 DEBUG 13012 --- [decisionhub-backend] [           main] org.hibernate.SQL                        : select rt1_0.id,rt1_0.created_at,rt1_0.created_by,rt1_0.deleted_at,rt1_0.expires_at,rt1_0.revoked,rt1_0.token,rt1_0.updated_at,rt1_0.updated_by,rt1_0.user_id,rt1_0.version from refresh_tokens rt1_0 where rt1_0.user_id=?
Hibernate: select rt1_0.id,rt1_0.created_at,rt1_0.created_by,rt1_0.deleted_at,rt1_0.expires_at,rt1_0.revoked,rt1_0.token,rt1_0.updated_at,rt1_0.updated_by,rt1_0.user_id,rt1_0.version from refresh_tokens rt1_0 where rt1_0.user_id=?
2026-07-05T11:41:48.971+05:30 TRACE 13012 --- [decisionhub-backend] [           main] org.hibernate.orm.jdbc.bind              : binding parameter (1:UUID) <- [deee7f8e-f643-4e04-9c0a-bb5c33df4571]
2026-07-05T11:41:48.972+05:30  INFO 13012 --- [decisionhub-backend] [           main] c.d.s.impl.AuthenticationServiceImpl     : User otheruser authenticated successfully
2026-07-05T11:41:48.973+05:30 DEBUG 13012 --- [decisionhub-backend] [           main] org.hibernate.SQL                        : insert into refresh_tokens (created_at,created_by,deleted_at,expires_at,revoked,token,updated_at,updated_by,user_id,version,id) values (?,?,?,?,?,?,?,?,?,?,?)
Hibernate: insert into refresh_tokens (created_at,created_by,deleted_at,expires_at,revoked,token,updated_at,updated_by,user_id,version,id) values (?,?,?,?,?,?,?,?,?,?,?)
2026-07-05T11:41:48.973+05:30 TRACE 13012 --- [decisionhub-backend] [           main] org.hibernate.orm.jdbc.bind              : binding parameter (1:TIMESTAMP_UTC) <- [2026-07-05T06:11:48.972344800Z]
2026-07-05T11:41:48.973+05:30 TRACE 13012 --- [decisionhub-backend] [           main] org.hibernate.orm.jdbc.bind              : binding parameter (2:VARCHAR) <- [null]
2026-07-05T11:41:48.973+05:30 TRACE 13012 --- [decisionhub-backend] [           main] org.hibernate.orm.jdbc.bind              : binding parameter (3:TIMESTAMP_UTC) <- [null]
2026-07-05T11:41:48.973+05:30 TRACE 13012 --- [decisionhub-backend] [           main] org.hibernate.orm.jdbc.bind              : binding parameter (4:TIMESTAMP_UTC) <- [2026-07-05T06:21:48.971298200Z]
2026-07-05T11:41:48.973+05:30 TRACE 13012 --- [decisionhub-backend] [           main] org.hibernate.orm.jdbc.bind              : binding parameter (5:BOOLEAN) <- [false]
2026-07-05T11:41:48.973+05:30 TRACE 13012 --- [decisionhub-backend] [           main] org.hibernate.orm.jdbc.bind              : binding parameter (6:VARCHAR) <- [2b6de350-a4e8-4587-8b4c-d3c3e60e6cbf]
2026-07-05T11:41:48.973+05:30 TRACE 13012 --- [decisionhub-backend] [           main] org.hibernate.orm.jdbc.bind              : binding parameter (7:TIMESTAMP_UTC) <- [2026-07-05T06:11:48.972344800Z]
2026-07-05T11:41:48.973+05:30 TRACE 13012 --- [decisionhub-backend] [           main] org.hibernate.orm.jdbc.bind              : binding parameter (8:VARCHAR) <- [null]
2026-07-05T11:41:48.973+05:30 TRACE 13012 --- [decisionhub-backend] [           main] org.hibernate.orm.jdbc.bind              : binding parameter (9:UUID) <- [deee7f8e-f643-4e04-9c0a-bb5c33df4571]
2026-07-05T11:41:48.973+05:30 TRACE 13012 --- [decisionhub-backend] [           main] org.hibernate.orm.jdbc.bind              : binding parameter (10:BIGINT) <- [0]
2026-07-05T11:41:48.973+05:30 TRACE 13012 --- [decisionhub-backend] [           main] org.hibernate.orm.jdbc.bind              : binding parameter (11:UUID) <- [15f958bf-a4b1-47ce-8201-5536ef3f8f89]
2026-07-05T11:41:48.974+05:30 DEBUG 13012 --- [decisionhub-backend] [           main] org.hibernate.SQL                        : insert into audit_logs (action,created_at,ip_address,new_value,old_value,request_id,target_id,target_table,user_id,user_agent,id) values (?,?,?,?,?,?,?,?,?,?,?)
Hibernate: insert into audit_logs (action,created_at,ip_address,new_value,old_value,request_id,target_id,target_table,user_id,user_agent,id) values (?,?,?,?,?,?,?,?,?,?,?)
2026-07-05T11:41:48.974+05:30 TRACE 13012 --- [decisionhub-backend] [           main] org.hibernate.orm.jdbc.bind              : binding parameter (1:VARCHAR) <- [LOGIN]
2026-07-05T11:41:48.974+05:30 TRACE 13012 --- [decisionhub-backend] [           main] org.hibernate.orm.jdbc.bind              : binding parameter (2:TIMESTAMP_UTC) <- [2026-07-05T06:11:48.972344800Z]
2026-07-05T11:41:48.974+05:30 TRACE 13012 --- [decisionhub-backend] [           main] org.hibernate.orm.jdbc.bind              : binding parameter (3:VARCHAR) <- [127.0.0.1]
2026-07-05T11:41:48.974+05:30 TRACE 13012 --- [decisionhub-backend] [           main] org.hibernate.orm.jdbc.bind              : binding parameter (4:JSON) <- [null]
2026-07-05T11:41:48.974+05:30 TRACE 13012 --- [decisionhub-backend] [           main] org.hibernate.orm.jdbc.bind              : binding parameter (5:JSON) <- [null]
2026-07-05T11:41:48.974+05:30 TRACE 13012 --- [decisionhub-backend] [           main] org.hibernate.orm.jdbc.bind              : binding parameter (6:VARCHAR) <- [null]
2026-07-05T11:41:48.974+05:30 TRACE 13012 --- [decisionhub-backend] [           main] org.hibernate.orm.jdbc.bind              : binding parameter (7:UUID) <- [deee7f8e-f643-4e04-9c0a-bb5c33df4571]
2026-07-05T11:41:48.974+05:30 TRACE 13012 --- [decisionhub-backend] [           main] org.hibernate.orm.jdbc.bind              : binding parameter (8:VARCHAR) <- [users]
2026-07-05T11:41:48.974+05:30 TRACE 13012 --- [decisionhub-backend] [           main] org.hibernate.orm.jdbc.bind              : binding parameter (9:UUID) <- [deee7f8e-f643-4e04-9c0a-bb5c33df4571]
2026-07-05T11:41:48.974+05:30 TRACE 13012 --- [decisionhub-backend] [           main] org.hibernate.orm.jdbc.bind              : binding parameter (10:VARCHAR) <- [null]
2026-07-05T11:41:48.974+05:30 TRACE 13012 --- [decisionhub-backend] [           main] org.hibernate.orm.jdbc.bind              : binding parameter (11:UUID) <- [0521c169-b482-45a4-a00f-1065f221818a]
2026-07-05T11:41:48.980+05:30 DEBUG 13012 --- [decisionhub-backend] [           main] org.hibernate.SQL                        : select u1_0.id,u1_0.avatar_url,u1_0.created_at,u1_0.created_by,u1_0.deleted_at,u1_0.email,u1_0.first_name,u1_0.last_name,u1_0.password_hash,u1_0.role_id,r1_0.id,r1_0.created_at,r1_0.created_by,r1_0.deleted_at,r1_0.description,r1_0.name,p1_0.role_id,p1_1.id,p1_1.created_at,p1_1.created_by,p1_1.deleted_at,p1_1.description,p1_1.name,p1_1.updated_at,p1_1.updated_by,p1_1.version,r1_0.updated_at,r1_0.updated_by,r1_0.version,u1_0.status,u1_0.updated_at,u1_0.updated_by,u1_0.username,u1_0.version from users u1_0 join platform_roles r1_0 on r1_0.id=u1_0.role_id left join role_permissions p1_0 on r1_0.id=p1_0.role_id left join permissions p1_1 on p1_1.id=p1_0.permission_id where (u1_0.deleted_at IS NULL) and u1_0.username=?
Hibernate: select u1_0.id,u1_0.avatar_url,u1_0.created_at,u1_0.created_by,u1_0.deleted_at,u1_0.email,u1_0.first_name,u1_0.last_name,u1_0.password_hash,u1_0.role_id,r1_0.id,r1_0.created_at,r1_0.created_by,r1_0.deleted_at,r1_0.description,r1_0.name,p1_0.role_id,p1_1.id,p1_1.created_at,p1_1.created_by,p1_1.deleted_at,p1_1.description,p1_1.name,p1_1.updated_at,p1_1.updated_by,p1_1.version,r1_0.updated_at,r1_0.updated_by,r1_0.version,u1_0.status,u1_0.updated_at,u1_0.updated_by,u1_0.username,u1_0.version from users u1_0 join platform_roles r1_0 on r1_0.id=u1_0.role_id left join role_permissions p1_0 on r1_0.id=p1_0.role_id left join permissions p1_1 on p1_1.id=p1_0.permission_id where (u1_0.deleted_at IS NULL) and u1_0.username=?
2026-07-05T11:41:48.980+05:30 TRACE 13012 --- [decisionhub-backend] [           main] org.hibernate.orm.jdbc.bind              : binding parameter (1:VARCHAR) <- [otheruser]
2026-07-05T11:41:48.989+05:30 DEBUG 13012 --- [decisionhub-backend] [           main] org.hibernate.SQL                        : select u1_0.id,u1_0.avatar_url,u1_0.created_at,u1_0.created_by,u1_0.deleted_at,u1_0.email,u1_0.first_name,u1_0.last_name,u1_0.password_hash,u1_0.role_id,r1_0.id,r1_0.created_at,r1_0.created_by,r1_0.deleted_at,r1_0.description,r1_0.name,p1_0.role_id,p1_1.id,p1_1.created_at,p1_1.created_by,p1_1.deleted_at,p1_1.description,p1_1.name,p1_1.updated_at,p1_1.updated_by,p1_1.version,r1_0.updated_at,r1_0.updated_by,r1_0.version,u1_0.status,u1_0.updated_at,u1_0.updated_by,u1_0.username,u1_0.version from users u1_0 join platform_roles r1_0 on r1_0.id=u1_0.role_id left join role_permissions p1_0 on r1_0.id=p1_0.role_id left join permissions p1_1 on p1_1.id=p1_0.permission_id where (u1_0.deleted_at IS NULL) and u1_0.username=?
Hibernate: select u1_0.id,u1_0.avatar_url,u1_0.created_at,u1_0.created_by,u1_0.deleted_at,u1_0.email,u1_0.first_name,u1_0.last_name,u1_0.password_hash,u1_0.role_id,r1_0.id,r1_0.created_at,r1_0.created_by,r1_0.deleted_at,r1_0.description,r1_0.name,p1_0.role_id,p1_1.id,p1_1.created_at,p1_1.created_by,p1_1.deleted_at,p1_1.description,p1_1.name,p1_1.updated_at,p1_1.updated_by,p1_1.version,r1_0.updated_at,r1_0.updated_by,r1_0.version,u1_0.status,u1_0.updated_at,u1_0.updated_by,u1_0.username,u1_0.version from users u1_0 join platform_roles r1_0 on r1_0.id=u1_0.role_id left join role_permissions p1_0 on r1_0.id=p1_0.role_id left join permissions p1_1 on p1_1.id=p1_0.permission_id where (u1_0.deleted_at IS NULL) and u1_0.username=?
2026-07-05T11:41:48.989+05:30 TRACE 13012 --- [decisionhub-backend] [           main] org.hibernate.orm.jdbc.bind              : binding parameter (1:VARCHAR) <- [creatoruser]
2026-07-05T11:41:48.991+05:30 DEBUG 13012 --- [decisionhub-backend] [           main] c.d.security.JwtAuthenticationFilter     : User creatoruser authenticated successfully via JWT
2026-07-05T11:41:49.003+05:30  INFO 13012 --- [decisionhub-backend] [           main] c.d.controller.DecisionController        : REST request to create decision board: Confidential Board
2026-07-05T11:41:49.004+05:30  INFO 13012 --- [decisionhub-backend] [           main] c.d.service.impl.DecisionServiceImpl     : Attempting to create decision board: Confidential Board
2026-07-05T11:41:49.005+05:30 DEBUG 13012 --- [decisionhub-backend] [           main] org.hibernate.SQL                        : select u1_0.id,u1_0.avatar_url,u1_0.created_at,u1_0.created_by,u1_0.deleted_at,u1_0.email,u1_0.first_name,u1_0.last_name,u1_0.password_hash,u1_0.role_id,u1_0.status,u1_0.updated_at,u1_0.updated_by,u1_0.username,u1_0.version from users u1_0 where u1_0.id=? and (u1_0.deleted_at IS NULL)
Hibernate: select u1_0.id,u1_0.avatar_url,u1_0.created_at,u1_0.created_by,u1_0.deleted_at,u1_0.email,u1_0.first_name,u1_0.last_name,u1_0.password_hash,u1_0.role_id,u1_0.status,u1_0.updated_at,u1_0.updated_by,u1_0.username,u1_0.version from users u1_0 where u1_0.id=? and (u1_0.deleted_at IS NULL)
2026-07-05T11:41:49.005+05:30 TRACE 13012 --- [decisionhub-backend] [           main] org.hibernate.orm.jdbc.bind              : binding parameter (1:UUID) <- [eebc6adc-b6ee-41bd-9ae7-a6622b9eb049]
2026-07-05T11:41:49.026+05:30 DEBUG 13012 --- [decisionhub-backend] [           main] c.d.service.impl.AuditServiceImpl        : Auditing action: DECISION_CREATED on target table: decision_boards by user: creatoruser
2026-07-05T11:41:49.027+05:30 DEBUG 13012 --- [decisionhub-backend] [           main] org.hibernate.SQL                        : insert into audit_logs (action,created_at,ip_address,new_value,old_value,request_id,target_id,target_table,user_id,user_agent,id) values (?,?,?,?,?,?,?,?,?,?,?)
Hibernate: insert into audit_logs (action,created_at,ip_address,new_value,old_value,request_id,target_id,target_table,user_id,user_agent,id) values (?,?,?,?,?,?,?,?,?,?,?)
2026-07-05T11:41:49.028+05:30 TRACE 13012 --- [decisionhub-backend] [           main] org.hibernate.orm.jdbc.bind              : binding parameter (1:VARCHAR) <- [DECISION_CREATED]
2026-07-05T11:41:49.028+05:30 TRACE 13012 --- [decisionhub-backend] [           main] org.hibernate.orm.jdbc.bind              : binding parameter (2:TIMESTAMP_UTC) <- [2026-07-05T06:11:49.027511800Z]
2026-07-05T11:41:49.028+05:30 TRACE 13012 --- [decisionhub-backend] [           main] org.hibernate.orm.jdbc.bind              : binding parameter (3:VARCHAR) <- [127.0.0.1]
2026-07-05T11:41:49.028+05:30 TRACE 13012 --- [decisionhub-backend] [           main] org.hibernate.orm.jdbc.bind              : binding parameter (4:JSON) <- [null]
2026-07-05T11:41:49.028+05:30 TRACE 13012 --- [decisionhub-backend] [           main] org.hibernate.orm.jdbc.bind              : binding parameter (5:JSON) <- [null]
2026-07-05T11:41:49.028+05:30 TRACE 13012 --- [decisionhub-backend] [           main] org.hibernate.orm.jdbc.bind              : binding parameter (6:VARCHAR) <- [null]
2026-07-05T11:41:49.028+05:30 TRACE 13012 --- [decisionhub-backend] [           main] org.hibernate.orm.jdbc.bind              : binding parameter (7:UUID) <- [00f05ac8-1c60-42b0-8385-8c7284d27ee4]
2026-07-05T11:41:49.028+05:30 TRACE 13012 --- [decisionhub-backend] [           main] org.hibernate.orm.jdbc.bind              : binding parameter (8:VARCHAR) <- [decision_boards]
2026-07-05T11:41:49.028+05:30 TRACE 13012 --- [decisionhub-backend] [           main] org.hibernate.orm.jdbc.bind              : binding parameter (9:UUID) <- [eebc6adc-b6ee-41bd-9ae7-a6622b9eb049]
2026-07-05T11:41:49.028+05:30 TRACE 13012 --- [decisionhub-backend] [           main] org.hibernate.orm.jdbc.bind              : binding parameter (10:VARCHAR) <- [null]
2026-07-05T11:41:49.028+05:30 TRACE 13012 --- [decisionhub-backend] [           main] org.hibernate.orm.jdbc.bind              : binding parameter (11:UUID) <- [27254f65-b8eb-4e0f-a375-3f5f3f5dd9d8]
2026-07-05T11:41:49.029+05:30  INFO 13012 --- [decisionhub-backend] [           main] c.d.service.impl.DecisionServiceImpl     : Decision board 'Confidential Board' created successfully with ID '00f05ac8-1c60-42b0-8385-8c7284d27ee4'
2026-07-05T11:41:49.036+05:30 DEBUG 13012 --- [decisionhub-backend] [           main] org.hibernate.SQL                        : insert into decision_boards (anonymity_type,category_id,community_id,created_at,created_by,creator_id,deadline,deleted_at,description,is_public,status,title,updated_at,updated_by,version,voting_type,id) values (?,?,?,?,?,?,?,?,?,?,?,?,?,?,?,?,?)
Hibernate: insert into decision_boards (anonymity_type,category_id,community_id,created_at,created_by,creator_id,deadline,deleted_at,description,is_public,status,title,updated_at,updated_by,version,voting_type,id) values (?,?,?,?,?,?,?,?,?,?,?,?,?,?,?,?,?)
2026-07-05T11:41:49.036+05:30 TRACE 13012 --- [decisionhub-backend] [           main] org.hibernate.orm.jdbc.bind              : binding parameter (1:VARCHAR) <- [PUBLIC]
2026-07-05T11:41:49.036+05:30 TRACE 13012 --- [decisionhub-backend] [           main] org.hibernate.orm.jdbc.bind              : binding parameter (2:UUID) <- [null]
2026-07-05T11:41:49.036+05:30 TRACE 13012 --- [decisionhub-backend] [           main] org.hibernate.orm.jdbc.bind              : binding parameter (3:UUID) <- [null]
2026-07-05T11:41:49.037+05:30 TRACE 13012 --- [decisionhub-backend] [           main] org.hibernate.orm.jdbc.bind              : binding parameter (4:TIMESTAMP_UTC) <- [2026-07-05T06:11:49.010554Z]
2026-07-05T11:41:49.037+05:30 TRACE 13012 --- [decisionhub-backend] [           main] org.hibernate.orm.jdbc.bind              : binding parameter (5:VARCHAR) <- [null]
2026-07-05T11:41:49.037+05:30 TRACE 13012 --- [decisionhub-backend] [           main] org.hibernate.orm.jdbc.bind              : binding parameter (6:UUID) <- [eebc6adc-b6ee-41bd-9ae7-a6622b9eb049]
2026-07-05T11:41:49.037+05:30 TRACE 13012 --- [decisionhub-backend] [           main] org.hibernate.orm.jdbc.bind              : binding parameter (7:TIMESTAMP_UTC) <- [null]
2026-07-05T11:41:49.037+05:30 TRACE 13012 --- [decisionhub-backend] [           main] org.hibernate.orm.jdbc.bind              : binding parameter (8:TIMESTAMP_UTC) <- [null]
2026-07-05T11:41:49.037+05:30 TRACE 13012 --- [decisionhub-backend] [           main] org.hibernate.orm.jdbc.bind              : binding parameter (9:VARCHAR) <- [Private planning workspace]
2026-07-05T11:41:49.037+05:30 TRACE 13012 --- [decisionhub-backend] [           main] org.hibernate.orm.jdbc.bind              : binding parameter (10:BOOLEAN) <- [false]
2026-07-05T11:41:49.037+05:30 TRACE 13012 --- [decisionhub-backend] [           main] org.hibernate.orm.jdbc.bind              : binding parameter (11:VARCHAR) <- [DRAFT]
2026-07-05T11:41:49.037+05:30 TRACE 13012 --- [decisionhub-backend] [           main] org.hibernate.orm.jdbc.bind              : binding parameter (12:VARCHAR) <- [Confidential Board]
2026-07-05T11:41:49.037+05:30 TRACE 13012 --- [decisionhub-backend] [           main] org.hibernate.orm.jdbc.bind              : binding parameter (13:TIMESTAMP_UTC) <- [2026-07-05T06:11:49.010554Z]
2026-07-05T11:41:49.037+05:30 TRACE 13012 --- [decisionhub-backend] [           main] org.hibernate.orm.jdbc.bind              : binding parameter (14:VARCHAR) <- [null]
2026-07-05T11:41:49.037+05:30 TRACE 13012 --- [decisionhub-backend] [           main] org.hibernate.orm.jdbc.bind              : binding parameter (15:BIGINT) <- [0]
2026-07-05T11:41:49.037+05:30 TRACE 13012 --- [decisionhub-backend] [           main] org.hibernate.orm.jdbc.bind              : binding parameter (16:VARCHAR) <- [SINGLE_CHOICE]
2026-07-05T11:41:49.037+05:30 TRACE 13012 --- [decisionhub-backend] [           main] org.hibernate.orm.jdbc.bind              : binding parameter (17:UUID) <- [00f05ac8-1c60-42b0-8385-8c7284d27ee4]
2026-07-05T11:41:49.039+05:30 DEBUG 13012 --- [decisionhub-backend] [           main] org.hibernate.SQL                        : insert into decision_options (created_at,created_by,decision_id,deleted_at,description,title,updated_at,updated_by,version,id) values (?,?,?,?,?,?,?,?,?,?)
Hibernate: insert into decision_options (created_at,created_by,decision_id,deleted_at,description,title,updated_at,updated_by,version,id) values (?,?,?,?,?,?,?,?,?,?)
2026-07-05T11:41:49.039+05:30 TRACE 13012 --- [decisionhub-backend] [           main] org.hibernate.orm.jdbc.bind              : binding parameter (1:TIMESTAMP_UTC) <- [2026-07-05T06:11:49.017184500Z]
2026-07-05T11:41:49.039+05:30 TRACE 13012 --- [decisionhub-backend] [           main] org.hibernate.orm.jdbc.bind              : binding parameter (2:VARCHAR) <- [null]
2026-07-05T11:41:49.039+05:30 TRACE 13012 --- [decisionhub-backend] [           main] org.hibernate.orm.jdbc.bind              : binding parameter (3:UUID) <- [00f05ac8-1c60-42b0-8385-8c7284d27ee4]
2026-07-05T11:41:49.039+05:30 TRACE 13012 --- [decisionhub-backend] [           main] org.hibernate.orm.jdbc.bind              : binding parameter (4:TIMESTAMP_UTC) <- [null]
2026-07-05T11:41:49.039+05:30 TRACE 13012 --- [decisionhub-backend] [           main] org.hibernate.orm.jdbc.bind              : binding parameter (5:VARCHAR) <- [desc]
2026-07-05T11:41:49.039+05:30 TRACE 13012 --- [decisionhub-backend] [           main] org.hibernate.orm.jdbc.bind              : binding parameter (6:VARCHAR) <- [OptA]
2026-07-05T11:41:49.039+05:30 TRACE 13012 --- [decisionhub-backend] [           main] org.hibernate.orm.jdbc.bind              : binding parameter (7:TIMESTAMP_UTC) <- [2026-07-05T06:11:49.017184500Z]
2026-07-05T11:41:49.039+05:30 TRACE 13012 --- [decisionhub-backend] [           main] org.hibernate.orm.jdbc.bind              : binding parameter (8:VARCHAR) <- [null]
2026-07-05T11:41:49.039+05:30 TRACE 13012 --- [decisionhub-backend] [           main] org.hibernate.orm.jdbc.bind              : binding parameter (9:BIGINT) <- [0]
2026-07-05T11:41:49.039+05:30 TRACE 13012 --- [decisionhub-backend] [           main] org.hibernate.orm.jdbc.bind              : binding parameter (10:UUID) <- [2e2e0b11-9499-4906-8509-8a74fe7e04a8]
2026-07-05T11:41:49.039+05:30 DEBUG 13012 --- [decisionhub-backend] [           main] org.hibernate.SQL                        : insert into decision_options (created_at,created_by,decision_id,deleted_at,description,title,updated_at,updated_by,version,id) values (?,?,?,?,?,?,?,?,?,?)
Hibernate: insert into decision_options (created_at,created_by,decision_id,deleted_at,description,title,updated_at,updated_by,version,id) values (?,?,?,?,?,?,?,?,?,?)
2026-07-05T11:41:49.039+05:30 TRACE 13012 --- [decisionhub-backend] [           main] org.hibernate.orm.jdbc.bind              : binding parameter (1:TIMESTAMP_UTC) <- [2026-07-05T06:11:49.021182200Z]
2026-07-05T11:41:49.039+05:30 TRACE 13012 --- [decisionhub-backend] [           main] org.hibernate.orm.jdbc.bind              : binding parameter (2:VARCHAR) <- [null]
2026-07-05T11:41:49.039+05:30 TRACE 13012 --- [decisionhub-backend] [           main] org.hibernate.orm.jdbc.bind              : binding parameter (3:UUID) <- [00f05ac8-1c60-42b0-8385-8c7284d27ee4]
2026-07-05T11:41:49.039+05:30 TRACE 13012 --- [decisionhub-backend] [           main] org.hibernate.orm.jdbc.bind              : binding parameter (4:TIMESTAMP_UTC) <- [null]
2026-07-05T11:41:49.039+05:30 TRACE 13012 --- [decisionhub-backend] [           main] org.hibernate.orm.jdbc.bind              : binding parameter (5:VARCHAR) <- [desc]
2026-07-05T11:41:49.039+05:30 TRACE 13012 --- [decisionhub-backend] [           main] org.hibernate.orm.jdbc.bind              : binding parameter (6:VARCHAR) <- [OptB]
2026-07-05T11:41:49.039+05:30 TRACE 13012 --- [decisionhub-backend] [           main] org.hibernate.orm.jdbc.bind              : binding parameter (7:TIMESTAMP_UTC) <- [2026-07-05T06:11:49.021182200Z]
2026-07-05T11:41:49.039+05:30 TRACE 13012 --- [decisionhub-backend] [           main] org.hibernate.orm.jdbc.bind              : binding parameter (8:VARCHAR) <- [null]
2026-07-05T11:41:49.039+05:30 TRACE 13012 --- [decisionhub-backend] [           main] org.hibernate.orm.jdbc.bind              : binding parameter (9:BIGINT) <- [0]
2026-07-05T11:41:49.039+05:30 TRACE 13012 --- [decisionhub-backend] [           main] org.hibernate.orm.jdbc.bind              : binding parameter (10:UUID) <- [10cc3324-590e-4521-a00b-68b1062fa03f]
2026-07-05T11:41:49.041+05:30 DEBUG 13012 --- [decisionhub-backend] [           main] org.hibernate.SQL                        : insert into decision_history (action_type,changes_json,created_at,created_by,decision_id,deleted_at,editor_id,updated_at,updated_by,version,id) values (?,?,?,?,?,?,?,?,?,?,?)
Hibernate: insert into decision_history (action_type,changes_json,created_at,created_by,decision_id,deleted_at,editor_id,updated_at,updated_by,version,id) values (?,?,?,?,?,?,?,?,?,?,?)
2026-07-05T11:41:49.041+05:30 TRACE 13012 --- [decisionhub-backend] [           main] org.hibernate.orm.jdbc.bind              : binding parameter (1:VARCHAR) <- [CREATE]
2026-07-05T11:41:49.041+05:30 TRACE 13012 --- [decisionhub-backend] [           main] org.hibernate.orm.jdbc.bind              : binding parameter (2:JSON) <- [{"status":"DRAFT"}]
2026-07-05T11:41:49.041+05:30 TRACE 13012 --- [decisionhub-backend] [           main] org.hibernate.orm.jdbc.bind              : binding parameter (3:TIMESTAMP_UTC) <- [2026-07-05T06:11:49.023687900Z]
2026-07-05T11:41:49.042+05:30 TRACE 13012 --- [decisionhub-backend] [           main] org.hibernate.orm.jdbc.bind              : binding parameter (4:VARCHAR) <- [null]
2026-07-05T11:41:49.042+05:30 TRACE 13012 --- [decisionhub-backend] [           main] org.hibernate.orm.jdbc.bind              : binding parameter (5:UUID) <- [00f05ac8-1c60-42b0-8385-8c7284d27ee4]
2026-07-05T11:41:49.042+05:30 TRACE 13012 --- [decisionhub-backend] [           main] org.hibernate.orm.jdbc.bind              : binding parameter (6:TIMESTAMP_UTC) <- [null]
2026-07-05T11:41:49.042+05:30 TRACE 13012 --- [decisionhub-backend] [           main] org.hibernate.orm.jdbc.bind              : binding parameter (7:UUID) <- [eebc6adc-b6ee-41bd-9ae7-a6622b9eb049]
2026-07-05T11:41:49.042+05:30 TRACE 13012 --- [decisionhub-backend] [           main] org.hibernate.orm.jdbc.bind              : binding parameter (8:TIMESTAMP_UTC) <- [2026-07-05T06:11:49.023687900Z]
2026-07-05T11:41:49.042+05:30 TRACE 13012 --- [decisionhub-backend] [           main] org.hibernate.orm.jdbc.bind              : binding parameter (9:VARCHAR) <- [null]
2026-07-05T11:41:49.042+05:30 TRACE 13012 --- [decisionhub-backend] [           main] org.hibernate.orm.jdbc.bind              : binding parameter (10:BIGINT) <- [0]
2026-07-05T11:41:49.042+05:30 TRACE 13012 --- [decisionhub-backend] [           main] org.hibernate.orm.jdbc.bind              : binding parameter (11:UUID) <- [a7c050e0-0772-4b36-bd8a-d2c8f0dba989]
2026-07-05T11:41:49.071+05:30 DEBUG 13012 --- [decisionhub-backend] [           main] org.hibernate.SQL                        : select u1_0.id,u1_0.avatar_url,u1_0.created_at,u1_0.created_by,u1_0.deleted_at,u1_0.email,u1_0.first_name,u1_0.last_name,u1_0.password_hash,u1_0.role_id,r1_0.id,r1_0.created_at,r1_0.created_by,r1_0.deleted_at,r1_0.description,r1_0.name,p1_0.role_id,p1_1.id,p1_1.created_at,p1_1.created_by,p1_1.deleted_at,p1_1.description,p1_1.name,p1_1.updated_at,p1_1.updated_by,p1_1.version,r1_0.updated_at,r1_0.updated_by,r1_0.version,u1_0.status,u1_0.updated_at,u1_0.updated_by,u1_0.username,u1_0.version from users u1_0 join platform_roles r1_0 on r1_0.id=u1_0.role_id left join role_permissions p1_0 on r1_0.id=p1_0.role_id left join permissions p1_1 on p1_1.id=p1_0.permission_id where (u1_0.deleted_at IS NULL) and u1_0.username=?
Hibernate: select u1_0.id,u1_0.avatar_url,u1_0.created_at,u1_0.created_by,u1_0.deleted_at,u1_0.email,u1_0.first_name,u1_0.last_name,u1_0.password_hash,u1_0.role_id,r1_0.id,r1_0.created_at,r1_0.created_by,r1_0.deleted_at,r1_0.description,r1_0.name,p1_0.role_id,p1_1.id,p1_1.created_at,p1_1.created_by,p1_1.deleted_at,p1_1.description,p1_1.name,p1_1.updated_at,p1_1.updated_by,p1_1.version,r1_0.updated_at,r1_0.updated_by,r1_0.version,u1_0.status,u1_0.updated_at,u1_0.updated_by,u1_0.username,u1_0.version from users u1_0 join platform_roles r1_0 on r1_0.id=u1_0.role_id left join role_permissions p1_0 on r1_0.id=p1_0.role_id left join permissions p1_1 on p1_1.id=p1_0.permission_id where (u1_0.deleted_at IS NULL) and u1_0.username=?
2026-07-05T11:41:49.071+05:30 TRACE 13012 --- [decisionhub-backend] [           main] org.hibernate.orm.jdbc.bind              : binding parameter (1:VARCHAR) <- [otheruser]
2026-07-05T11:41:49.074+05:30 DEBUG 13012 --- [decisionhub-backend] [           main] c.d.security.JwtAuthenticationFilter     : User otheruser authenticated successfully via JWT
2026-07-05T11:41:49.074+05:30 DEBUG 13012 --- [decisionhub-backend] [           main] c.d.controller.DecisionController        : REST request to get decision board by ID: 00f05ac8-1c60-42b0-8385-8c7284d27ee4
2026-07-05T11:41:49.075+05:30 DEBUG 13012 --- [decisionhub-backend] [           main] c.d.service.impl.DecisionServiceImpl     : Fetching decision by ID: 00f05ac8-1c60-42b0-8385-8c7284d27ee4
2026-07-05T11:41:49.080+05:30 DEBUG 13012 --- [decisionhub-backend] [           main] org.hibernate.SQL                        : select db1_0.id,db1_0.anonymity_type,c1_0.id,c1_0.created_at,c1_0.created_by,c1_0.deleted_at,c1_0.description,c1_0.icon,c1_0.name,c1_0.parent_category_id,c1_0.updated_at,c1_0.updated_by,c1_0.version,c2_0.id,c2_0.category_id,c2_0.created_at,c2_0.created_by,c2_0.creator_id,c2_0.deleted_at,c2_0.description,c2_0.name,c2_0.slug,c2_0.updated_at,c2_0.updated_by,c2_0.version,db1_0.created_at,db1_0.created_by,db1_0.creator_id,c5_0.id,c5_0.avatar_url,c5_0.created_at,c5_0.created_by,c5_0.deleted_at,c5_0.email,c5_0.first_name,c5_0.last_name,c5_0.password_hash,c5_0.role_id,c5_0.status,c5_0.updated_at,c5_0.updated_by,c5_0.username,c5_0.version,db1_0.deadline,db1_0.deleted_at,db1_0.description,db1_0.is_public,db1_0.status,t1_0.decision_id,t1_1.id,t1_1.created_at,t1_1.name,db1_0.title,db1_0.updated_at,db1_0.updated_by,db1_0.version,db1_0.voting_type from decision_boards db1_0 left join categories c1_0 on c1_0.id=db1_0.category_id and (c1_0.deleted_at IS NULL) left join communities c2_0 on c2_0.id=db1_0.community_id and (c2_0.deleted_at IS NULL) join users c5_0 on c5_0.id=db1_0.creator_id and (c5_0.deleted_at IS NULL) left join decision_tags t1_0 on db1_0.id=t1_0.decision_id left join tags t1_1 on t1_1.id=t1_0.tag_id where db1_0.id=? and (db1_0.deleted_at IS NULL)
Hibernate: select db1_0.id,db1_0.anonymity_type,c1_0.id,c1_0.created_at,c1_0.created_by,c1_0.deleted_at,c1_0.description,c1_0.icon,c1_0.name,c1_0.parent_category_id,c1_0.updated_at,c1_0.updated_by,c1_0.version,c2_0.id,c2_0.category_id,c2_0.created_at,c2_0.created_by,c2_0.creator_id,c2_0.deleted_at,c2_0.description,c2_0.name,c2_0.slug,c2_0.updated_at,c2_0.updated_by,c2_0.version,db1_0.created_at,db1_0.created_by,db1_0.creator_id,c5_0.id,c5_0.avatar_url,c5_0.created_at,c5_0.created_by,c5_0.deleted_at,c5_0.email,c5_0.first_name,c5_0.last_name,c5_0.password_hash,c5_0.role_id,c5_0.status,c5_0.updated_at,c5_0.updated_by,c5_0.username,c5_0.version,db1_0.deadline,db1_0.deleted_at,db1_0.description,db1_0.is_public,db1_0.status,t1_0.decision_id,t1_1.id,t1_1.created_at,t1_1.name,db1_0.title,db1_0.updated_at,db1_0.updated_by,db1_0.version,db1_0.voting_type from decision_boards db1_0 left join categories c1_0 on c1_0.id=db1_0.category_id and (c1_0.deleted_at IS NULL) left join communities c2_0 on c2_0.id=db1_0.community_id and (c2_0.deleted_at IS NULL) join users c5_0 on c5_0.id=db1_0.creator_id and (c5_0.deleted_at IS NULL) left join decision_tags t1_0 on db1_0.id=t1_0.decision_id left join tags t1_1 on t1_1.id=t1_0.tag_id where db1_0.id=? and (db1_0.deleted_at IS NULL)
2026-07-05T11:41:49.080+05:30 TRACE 13012 --- [decisionhub-backend] [           main] org.hibernate.orm.jdbc.bind              : binding parameter (1:UUID) <- [00f05ac8-1c60-42b0-8385-8c7284d27ee4]
2026-07-05T11:41:49.085+05:30  WARN 13012 --- [decisionhub-backend] [           main] c.d.exception.GlobalExceptionHandler     : Business rule violation: Not authorized to view this decision board on path /decisions/00f05ac8-1c60-42b0-8385-8c7284d27ee4
2026-07-05T11:41:49.090+05:30 DEBUG 13012 --- [decisionhub-backend] [           main] org.hibernate.SQL                        : select u1_0.id,u1_0.avatar_url,u1_0.created_at,u1_0.created_by,u1_0.deleted_at,u1_0.email,u1_0.first_name,u1_0.last_name,u1_0.password_hash,u1_0.role_id,r1_0.id,r1_0.created_at,r1_0.created_by,r1_0.deleted_at,r1_0.description,r1_0.name,p1_0.role_id,p1_1.id,p1_1.created_at,p1_1.created_by,p1_1.deleted_at,p1_1.description,p1_1.name,p1_1.updated_at,p1_1.updated_by,p1_1.version,r1_0.updated_at,r1_0.updated_by,r1_0.version,u1_0.status,u1_0.updated_at,u1_0.updated_by,u1_0.username,u1_0.version from users u1_0 join platform_roles r1_0 on r1_0.id=u1_0.role_id left join role_permissions p1_0 on r1_0.id=p1_0.role_id left join permissions p1_1 on p1_1.id=p1_0.permission_id where (u1_0.deleted_at IS NULL) and u1_0.username=?
Hibernate: select u1_0.id,u1_0.avatar_url,u1_0.created_at,u1_0.created_by,u1_0.deleted_at,u1_0.email,u1_0.first_name,u1_0.last_name,u1_0.password_hash,u1_0.role_id,r1_0.id,r1_0.created_at,r1_0.created_by,r1_0.deleted_at,r1_0.description,r1_0.name,p1_0.role_id,p1_1.id,p1_1.created_at,p1_1.created_by,p1_1.deleted_at,p1_1.description,p1_1.name,p1_1.updated_at,p1_1.updated_by,p1_1.version,r1_0.updated_at,r1_0.updated_by,r1_0.version,u1_0.status,u1_0.updated_at,u1_0.updated_by,u1_0.username,u1_0.version from users u1_0 join platform_roles r1_0 on r1_0.id=u1_0.role_id left join role_permissions p1_0 on r1_0.id=p1_0.role_id left join permissions p1_1 on p1_1.id=p1_0.permission_id where (u1_0.deleted_at IS NULL) and u1_0.username=?
2026-07-05T11:41:49.090+05:30 TRACE 13012 --- [decisionhub-backend] [           main] org.hibernate.orm.jdbc.bind              : binding parameter (1:VARCHAR) <- [creatoruser]
2026-07-05T11:41:49.092+05:30 DEBUG 13012 --- [decisionhub-backend] [           main] c.d.security.JwtAuthenticationFilter     : User creatoruser authenticated successfully via JWT
2026-07-05T11:41:49.094+05:30 DEBUG 13012 --- [decisionhub-backend] [           main] c.d.controller.DecisionController        : REST request to get decision board by ID: 00f05ac8-1c60-42b0-8385-8c7284d27ee4
2026-07-05T11:41:49.094+05:30 DEBUG 13012 --- [decisionhub-backend] [           main] c.d.service.impl.DecisionServiceImpl     : Fetching decision by ID: 00f05ac8-1c60-42b0-8385-8c7284d27ee4
2026-07-05T11:41:49.098+05:30 DEBUG 13012 --- [decisionhub-backend] [           main] org.hibernate.SQL                        : select db1_0.id,db1_0.anonymity_type,c1_0.id,c1_0.created_at,c1_0.created_by,c1_0.deleted_at,c1_0.description,c1_0.icon,c1_0.name,c1_0.parent_category_id,c1_0.updated_at,c1_0.updated_by,c1_0.version,c2_0.id,c2_0.category_id,c2_0.created_at,c2_0.created_by,c2_0.creator_id,c2_0.deleted_at,c2_0.description,c2_0.name,c2_0.slug,c2_0.updated_at,c2_0.updated_by,c2_0.version,db1_0.created_at,db1_0.created_by,db1_0.creator_id,c5_0.id,c5_0.avatar_url,c5_0.created_at,c5_0.created_by,c5_0.deleted_at,c5_0.email,c5_0.first_name,c5_0.last_name,c5_0.password_hash,c5_0.role_id,c5_0.status,c5_0.updated_at,c5_0.updated_by,c5_0.username,c5_0.version,db1_0.deadline,db1_0.deleted_at,db1_0.description,db1_0.is_public,db1_0.status,t1_0.decision_id,t1_1.id,t1_1.created_at,t1_1.name,db1_0.title,db1_0.updated_at,db1_0.updated_by,db1_0.version,db1_0.voting_type from decision_boards db1_0 left join categories c1_0 on c1_0.id=db1_0.category_id and (c1_0.deleted_at IS NULL) left join communities c2_0 on c2_0.id=db1_0.community_id and (c2_0.deleted_at IS NULL) join users c5_0 on c5_0.id=db1_0.creator_id and (c5_0.deleted_at IS NULL) left join decision_tags t1_0 on db1_0.id=t1_0.decision_id left join tags t1_1 on t1_1.id=t1_0.tag_id where db1_0.id=? and (db1_0.deleted_at IS NULL)
Hibernate: select db1_0.id,db1_0.anonymity_type,c1_0.id,c1_0.created_at,c1_0.created_by,c1_0.deleted_at,c1_0.description,c1_0.icon,c1_0.name,c1_0.parent_category_id,c1_0.updated_at,c1_0.updated_by,c1_0.version,c2_0.id,c2_0.category_id,c2_0.created_at,c2_0.created_by,c2_0.creator_id,c2_0.deleted_at,c2_0.description,c2_0.name,c2_0.slug,c2_0.updated_at,c2_0.updated_by,c2_0.version,db1_0.created_at,db1_0.created_by,db1_0.creator_id,c5_0.id,c5_0.avatar_url,c5_0.created_at,c5_0.created_by,c5_0.deleted_at,c5_0.email,c5_0.first_name,c5_0.last_name,c5_0.password_hash,c5_0.role_id,c5_0.status,c5_0.updated_at,c5_0.updated_by,c5_0.username,c5_0.version,db1_0.deadline,db1_0.deleted_at,db1_0.description,db1_0.is_public,db1_0.status,t1_0.decision_id,t1_1.id,t1_1.created_at,t1_1.name,db1_0.title,db1_0.updated_at,db1_0.updated_by,db1_0.version,db1_0.voting_type from decision_boards db1_0 left join categories c1_0 on c1_0.id=db1_0.category_id and (c1_0.deleted_at IS NULL) left join communities c2_0 on c2_0.id=db1_0.community_id and (c2_0.deleted_at IS NULL) join users c5_0 on c5_0.id=db1_0.creator_id and (c5_0.deleted_at IS NULL) left join decision_tags t1_0 on db1_0.id=t1_0.decision_id left join tags t1_1 on t1_1.id=t1_0.tag_id where db1_0.id=? and (db1_0.deleted_at IS NULL)
2026-07-05T11:41:49.098+05:30 TRACE 13012 --- [decisionhub-backend] [           main] org.hibernate.orm.jdbc.bind              : binding parameter (1:UUID) <- [00f05ac8-1c60-42b0-8385-8c7284d27ee4]
2026-07-05T11:41:49.104+05:30 DEBUG 13012 --- [decisionhub-backend] [           main] org.hibernate.SQL                        : select o1_0.decision_id,o1_0.id,o1_0.created_at,o1_0.created_by,o1_0.deleted_at,o1_0.description,o1_0.title,o1_0.updated_at,o1_0.updated_by,o1_0.version from decision_options o1_0 where o1_0.decision_id=? and (o1_0.deleted_at IS NULL)
Hibernate: select o1_0.decision_id,o1_0.id,o1_0.created_at,o1_0.created_by,o1_0.deleted_at,o1_0.description,o1_0.title,o1_0.updated_at,o1_0.updated_by,o1_0.version from decision_options o1_0 where o1_0.decision_id=? and (o1_0.deleted_at IS NULL)
2026-07-05T11:41:49.104+05:30 TRACE 13012 --- [decisionhub-backend] [           main] org.hibernate.orm.jdbc.bind              : binding parameter (1:UUID) <- [00f05ac8-1c60-42b0-8385-8c7284d27ee4]
2026-07-05T11:41:49.106+05:30 DEBUG 13012 --- [decisionhub-backend] [           main] org.hibernate.SQL                        : select cf1_0.decision_id,cf1_0.id,cf1_0.created_at,cf1_0.description,cf1_0.name,cf1_0.updated_at,cf1_0.version from comparison_factors cf1_0 where cf1_0.decision_id=?
Hibernate: select cf1_0.decision_id,cf1_0.id,cf1_0.created_at,cf1_0.description,cf1_0.name,cf1_0.updated_at,cf1_0.version from comparison_factors cf1_0 where cf1_0.decision_id=?
2026-07-05T11:41:49.107+05:30 TRACE 13012 --- [decisionhub-backend] [           main] org.hibernate.orm.jdbc.bind              : binding parameter (1:UUID) <- [00f05ac8-1c60-42b0-8385-8c7284d27ee4]
2026-07-05T11:41:49.108+05:30 DEBUG 13012 --- [decisionhub-backend] [           main] org.hibernate.SQL                        : select c1_0.option_id,c1_0.id,c1_0.created_at,c1_0.created_by,c1_0.criterion_name,c1_0.deleted_at,c1_0.remarks,c1_0.score,c1_0.updated_at,c1_0.updated_by,c1_0.version from option_criteria c1_0 where c1_0.option_id=?
Hibernate: select c1_0.option_id,c1_0.id,c1_0.created_at,c1_0.created_by,c1_0.criterion_name,c1_0.deleted_at,c1_0.remarks,c1_0.score,c1_0.updated_at,c1_0.updated_by,c1_0.version from option_criteria c1_0 where c1_0.option_id=?
2026-07-05T11:41:49.108+05:30 TRACE 13012 --- [decisionhub-backend] [           main] org.hibernate.orm.jdbc.bind              : binding parameter (1:UUID) <- [2e2e0b11-9499-4906-8509-8a74fe7e04a8]
2026-07-05T11:41:49.110+05:30 DEBUG 13012 --- [decisionhub-backend] [           main] org.hibernate.SQL                        : select cs1_0.option_id,cs1_0.factor_id,cs1_0.user_id,cs1_0.created_at,cs1_0.remarks,cs1_0.score,cs1_0.updated_at from comparison_scores cs1_0 where cs1_0.option_id=?
Hibernate: select cs1_0.option_id,cs1_0.factor_id,cs1_0.user_id,cs1_0.created_at,cs1_0.remarks,cs1_0.score,cs1_0.updated_at from comparison_scores cs1_0 where cs1_0.option_id=?
2026-07-05T11:41:49.110+05:30 TRACE 13012 --- [decisionhub-backend] [           main] org.hibernate.orm.jdbc.bind              : binding parameter (1:UUID) <- [2e2e0b11-9499-4906-8509-8a74fe7e04a8]
2026-07-05T11:41:49.111+05:30 DEBUG 13012 --- [decisionhub-backend] [           main] org.hibernate.SQL                        : select c1_0.option_id,c1_0.id,c1_0.created_at,c1_0.created_by,c1_0.criterion_name,c1_0.deleted_at,c1_0.remarks,c1_0.score,c1_0.updated_at,c1_0.updated_by,c1_0.version from option_criteria c1_0 where c1_0.option_id=?
Hibernate: select c1_0.option_id,c1_0.id,c1_0.created_at,c1_0.created_by,c1_0.criterion_name,c1_0.deleted_at,c1_0.remarks,c1_0.score,c1_0.updated_at,c1_0.updated_by,c1_0.version from option_criteria c1_0 where c1_0.option_id=?
2026-07-05T11:41:49.111+05:30 TRACE 13012 --- [decisionhub-backend] [           main] org.hibernate.orm.jdbc.bind              : binding parameter (1:UUID) <- [10cc3324-590e-4521-a00b-68b1062fa03f]
2026-07-05T11:41:49.111+05:30 DEBUG 13012 --- [decisionhub-backend] [           main] org.hibernate.SQL                        : select cs1_0.option_id,cs1_0.factor_id,cs1_0.user_id,cs1_0.created_at,cs1_0.remarks,cs1_0.score,cs1_0.updated_at from comparison_scores cs1_0 where cs1_0.option_id=?
Hibernate: select cs1_0.option_id,cs1_0.factor_id,cs1_0.user_id,cs1_0.created_at,cs1_0.remarks,cs1_0.score,cs1_0.updated_at from comparison_scores cs1_0 where cs1_0.option_id=?
2026-07-05T11:41:49.111+05:30 TRACE 13012 --- [decisionhub-backend] [           main] org.hibernate.orm.jdbc.bind              : binding parameter (1:UUID) <- [10cc3324-590e-4521-a00b-68b1062fa03f]
2026-07-05T11:41:49.112+05:30 DEBUG 13012 --- [decisionhub-backend] [           main] org.hibernate.SQL                        : select p1_0.decision_id,p1_0.id,p1_0.created_at,p1_0.question,p1_0.status,p1_0.updated_at,p1_0.version from polls p1_0 where p1_0.decision_id=?
Hibernate: select p1_0.decision_id,p1_0.id,p1_0.created_at,p1_0.question,p1_0.status,p1_0.updated_at,p1_0.version from polls p1_0 where p1_0.decision_id=?
2026-07-05T11:41:49.112+05:30 TRACE 13012 --- [decisionhub-backend] [           main] org.hibernate.orm.jdbc.bind              : binding parameter (1:UUID) <- [00f05ac8-1c60-42b0-8385-8c7284d27ee4]
]]></system-out>
  </testcase>
  <testcase name="testRepositoryFetchOptimization" classname="com.decisionhub.security.DecisionIntegrationTest" time="1.409">
    <system-out><![CDATA[2026-07-05T11:41:49.119+05:30 DEBUG 13012 --- [decisionhub-backend] [           main] org.hibernate.SQL                        : select do1_0.id,do1_0.created_at,do1_0.created_by,do1_0.decision_id,do1_0.deleted_at,do1_0.description,do1_0.title,do1_0.updated_at,do1_0.updated_by,do1_0.version from decision_options do1_0 where (do1_0.deleted_at IS NULL)
Hibernate: select do1_0.id,do1_0.created_at,do1_0.created_by,do1_0.decision_id,do1_0.deleted_at,do1_0.description,do1_0.title,do1_0.updated_at,do1_0.updated_by,do1_0.version from decision_options do1_0 where (do1_0.deleted_at IS NULL)
2026-07-05T11:41:49.122+05:30 DEBUG 13012 --- [decisionhub-backend] [           main] org.hibernate.SQL                        : select cs1_0.option_id,cs1_0.factor_id,cs1_0.user_id,cs1_0.created_at,cs1_0.remarks,cs1_0.score,cs1_0.updated_at from comparison_scores cs1_0 where cs1_0.option_id=?
Hibernate: select cs1_0.option_id,cs1_0.factor_id,cs1_0.user_id,cs1_0.created_at,cs1_0.remarks,cs1_0.score,cs1_0.updated_at from comparison_scores cs1_0 where cs1_0.option_id=?
2026-07-05T11:41:49.122+05:30 TRACE 13012 --- [decisionhub-backend] [           main] org.hibernate.orm.jdbc.bind              : binding parameter (1:UUID) <- [2e2e0b11-9499-4906-8509-8a74fe7e04a8]
2026-07-05T11:41:49.122+05:30 DEBUG 13012 --- [decisionhub-backend] [           main] org.hibernate.SQL                        : select c1_0.option_id,c1_0.id,c1_0.created_at,c1_0.created_by,c1_0.criterion_name,c1_0.deleted_at,c1_0.remarks,c1_0.score,c1_0.updated_at,c1_0.updated_by,c1_0.version from option_criteria c1_0 where c1_0.option_id=?
Hibernate: select c1_0.option_id,c1_0.id,c1_0.created_at,c1_0.created_by,c1_0.criterion_name,c1_0.deleted_at,c1_0.remarks,c1_0.score,c1_0.updated_at,c1_0.updated_by,c1_0.version from option_criteria c1_0 where c1_0.option_id=?
2026-07-05T11:41:49.122+05:30 TRACE 13012 --- [decisionhub-backend] [           main] org.hibernate.orm.jdbc.bind              : binding parameter (1:UUID) <- [2e2e0b11-9499-4906-8509-8a74fe7e04a8]
2026-07-05T11:41:49.123+05:30 DEBUG 13012 --- [decisionhub-backend] [           main] org.hibernate.SQL                        : select cs1_0.option_id,cs1_0.factor_id,cs1_0.user_id,cs1_0.created_at,cs1_0.remarks,cs1_0.score,cs1_0.updated_at from comparison_scores cs1_0 where cs1_0.option_id=?
Hibernate: select cs1_0.option_id,cs1_0.factor_id,cs1_0.user_id,cs1_0.created_at,cs1_0.remarks,cs1_0.score,cs1_0.updated_at from comparison_scores cs1_0 where cs1_0.option_id=?
2026-07-05T11:41:49.123+05:30 TRACE 13012 --- [decisionhub-backend] [           main] org.hibernate.orm.jdbc.bind              : binding parameter (1:UUID) <- [10cc3324-590e-4521-a00b-68b1062fa03f]
[...]
Hibernate: select r1_0.id,r1_0.created_at,r1_0.created_by,r1_0.deleted_at,r1_0.description,r1_0.name,r1_0.updated_at,r1_0.updated_by,r1_0.version from platform_roles r1_0 where r1_0.name=?
2026-07-05T11:41:55.477+05:30 TRACE 13012 --- [decisionhub-backend] [           main] org.hibernate.orm.jdbc.bind              : binding parameter (1:VARCHAR) <- [ROLE_USER]
2026-07-05T11:41:55.733+05:30  INFO 13012 --- [decisionhub-backend] [           main] c.d.s.impl.AuthenticationServiceImpl     : User registered successfully with ID: dc090005-6fbb-4930-b9c3-36b5cdeb38fd
2026-07-05T11:41:55.734+05:30 DEBUG 13012 --- [decisionhub-backend] [           main] org.hibernate.SQL                        : insert into users (avatar_url,created_at,created_by,deleted_at,email,first_name,last_name,password_hash,role_id,status,updated_at,updated_by,username,version,id) values (?,?,?,?,?,?,?,?,?,?,?,?,?,?,?)
Hibernate: insert into users (avatar_url,created_at,created_by,deleted_at,email,first_name,last_name,password_hash,role_id,status,updated_at,updated_by,username,version,id) values (?,?,?,?,?,?,?,?,?,?,?,?,?,?,?)
2026-07-05T11:41:55.734+05:30 TRACE 13012 --- [decisionhub-backend] [           main] org.hibernate.orm.jdbc.bind              : binding parameter (1:VARCHAR) <- [null]
2026-07-05T11:41:55.734+05:30 TRACE 13012 --- [decisionhub-backend] [           main] org.hibernate.orm.jdbc.bind              : binding parameter (2:TIMESTAMP_UTC) <- [2026-07-05T06:11:55.733327Z]
2026-07-05T11:41:55.734+05:30 TRACE 13012 --- [decisionhub-backend] [           main] org.hibernate.orm.jdbc.bind              : binding parameter (3:VARCHAR) <- [null]
2026-07-05T11:41:55.734+05:30 TRACE 13012 --- [decisionhub-backend] [           main] org.hibernate.orm.jdbc.bind              : binding parameter (4:TIMESTAMP_UTC) <- [null]
2026-07-05T11:41:55.734+05:30 TRACE 13012 --- [decisionhub-backend] [           main] org.hibernate.orm.jdbc.bind              : binding parameter (5:VARCHAR) <- [other@test.com]
2026-07-05T11:41:55.734+05:30 TRACE 13012 --- [decisionhub-backend] [           main] org.hibernate.orm.jdbc.bind              : binding parameter (6:VARCHAR) <- [Other]
2026-07-05T11:41:55.734+05:30 TRACE 13012 --- [decisionhub-backend] [           main] org.hibernate.orm.jdbc.bind              : binding parameter (7:VARCHAR) <- [User]
2026-07-05T11:41:55.734+05:30 TRACE 13012 --- [decisionhub-backend] [           main] org.hibernate.orm.jdbc.bind              : binding parameter (8:VARCHAR) <- [$2a$12$1stuT3hICTf9sxgvGgwMbumMLAtQO8KHVMnfcnYFkj67z4qm2unt2]
2026-07-05T11:41:55.734+05:30 TRACE 13012 --- [decisionhub-backend] [           main] org.hibernate.orm.jdbc.bind              : binding parameter (9:UUID) <- [208d2932-67f0-4c91-b6e1-f56fc9a66219]
2026-07-05T11:41:55.734+05:30 TRACE 13012 --- [decisionhub-backend] [           main] org.hibernate.orm.jdbc.bind              : binding parameter (10:VARCHAR) <- [ACTIVE]
2026-07-05T11:41:55.734+05:30 TRACE 13012 --- [decisionhub-backend] [           main] org.hibernate.orm.jdbc.bind              : binding parameter (11:TIMESTAMP_UTC) <- [2026-07-05T06:11:55.733327Z]
2026-07-05T11:41:55.734+05:30 TRACE 13012 --- [decisionhub-backend] [           main] org.hibernate.orm.jdbc.bind              : binding parameter (12:VARCHAR) <- [null]
2026-07-05T11:41:55.734+05:30 TRACE 13012 --- [decisionhub-backend] [           main] org.hibernate.orm.jdbc.bind              : binding parameter (13:VARCHAR) <- [otheruser]
2026-07-05T11:41:55.734+05:30 TRACE 13012 --- [decisionhub-backend] [           main] org.hibernate.orm.jdbc.bind              : binding parameter (14:BIGINT) <- [0]
2026-07-05T11:41:55.734+05:30 TRACE 13012 --- [decisionhub-backend] [           main] org.hibernate.orm.jdbc.bind              : binding parameter (15:UUID) <- [dc090005-6fbb-4930-b9c3-36b5cdeb38fd]
2026-07-05T11:41:55.735+05:30 DEBUG 13012 --- [decisionhub-backend] [           main] org.hibernate.SQL                        : insert into audit_logs (action,created_at,ip_address,new_value,old_value,request_id,target_id,target_table,user_id,user_agent,id) values (?,?,?,?,?,?,?,?,?,?,?)
Hibernate: insert into audit_logs (action,created_at,ip_address,new_value,old_value,request_id,target_id,target_table,user_id,user_agent,id) values (?,?,?,?,?,?,?,?,?,?,?)
2026-07-05T11:41:55.735+05:30 TRACE 13012 --- [decisionhub-backend] [           main] org.hibernate.orm.jdbc.bind              : binding parameter (1:VARCHAR) <- [REGISTER]
2026-07-05T11:41:55.735+05:30 TRACE 13012 --- [decisionhub-backend] [           main] org.hibernate.orm.jdbc.bind              : binding parameter (2:TIMESTAMP_UTC) <- [2026-07-05T06:11:55.733830500Z]
2026-07-05T11:41:55.735+05:30 TRACE 13012 --- [decisionhub-backend] [           main] org.hibernate.orm.jdbc.bind              : binding parameter (3:VARCHAR) <- [127.0.0.1]
2026-07-05T11:41:55.735+05:30 TRACE 13012 --- [decisionhub-backend] [           main] org.hibernate.orm.jdbc.bind              : binding parameter (4:JSON) <- [null]
2026-07-05T11:41:55.735+05:30 TRACE 13012 --- [decisionhub-backend] [           main] org.hibernate.orm.jdbc.bind              : binding parameter (5:JSON) <- [null]
2026-07-05T11:41:55.735+05:30 TRACE 13012 --- [decisionhub-backend] [           main] org.hibernate.orm.jdbc.bind              : binding parameter (6:VARCHAR) <- [null]
2026-07-05T11:41:55.735+05:30 TRACE 13012 --- [decisionhub-backend] [           main] org.hibernate.orm.jdbc.bind              : binding parameter (7:UUID) <- [dc090005-6fbb-4930-b9c3-36b5cdeb38fd]
2026-07-05T11:41:55.735+05:30 TRACE 13012 --- [decisionhub-backend] [           main] org.hibernate.orm.jdbc.bind              : binding parameter (8:VARCHAR) <- [users]
2026-07-05T11:41:55.735+05:30 TRACE 13012 --- [decisionhub-backend] [           main] org.hibernate.orm.jdbc.bind              : binding parameter (9:UUID) <- [dc090005-6fbb-4930-b9c3-36b5cdeb38fd]
2026-07-05T11:41:55.735+05:30 TRACE 13012 --- [decisionhub-backend] [           main] org.hibernate.orm.jdbc.bind              : binding parameter (10:VARCHAR) <- [null]
2026-07-05T11:41:55.735+05:30 TRACE 13012 --- [decisionhub-backend] [           main] org.hibernate.orm.jdbc.bind              : binding parameter (11:UUID) <- [04f6f852-fed0-4d17-90b1-d671145fc79f]
2026-07-05T11:41:55.739+05:30  INFO 13012 --- [decisionhub-backend] [           main] c.decisionhub.controller.AuthController  : Request received: Login user: otheruser
2026-07-05T11:41:55.739+05:30  INFO 13012 --- [decisionhub-backend] [           main] c.d.s.impl.AuthenticationServiceImpl     : Authenticating user: otheruser
2026-07-05T11:41:55.742+05:30 DEBUG 13012 --- [decisionhub-backend] [           main] org.hibernate.SQL                        : select u1_0.id,u1_0.avatar_url,u1_0.created_at,u1_0.created_by,u1_0.deleted_at,u1_0.email,u1_0.first_name,u1_0.last_name,u1_0.password_hash,u1_0.role_id,r1_0.id,r1_0.created_at,r1_0.created_by,r1_0.deleted_at,r1_0.description,r1_0.name,p1_0.role_id,p1_1.id,p1_1.created_at,p1_1.created_by,p1_1.deleted_at,p1_1.description,p1_1.name,p1_1.updated_at,p1_1.updated_by,p1_1.version,r1_0.updated_at,r1_0.updated_by,r1_0.version,u1_0.status,u1_0.updated_at,u1_0.updated_by,u1_0.username,u1_0.version from users u1_0 join platform_roles r1_0 on r1_0.id=u1_0.role_id left join role_permissions p1_0 on r1_0.id=p1_0.role_id left join permissions p1_1 on p1_1.id=p1_0.permission_id where (u1_0.deleted_at IS NULL) and u1_0.username=?
Hibernate: select u1_0.id,u1_0.avatar_url,u1_0.created_at,u1_0.created_by,u1_0.deleted_at,u1_0.email,u1_0.first_name,u1_0.last_name,u1_0.password_hash,u1_0.role_id,r1_0.id,r1_0.created_at,r1_0.created_by,r1_0.deleted_at,r1_0.description,r1_0.name,p1_0.role_id,p1_1.id,p1_1.created_at,p1_1.created_by,p1_1.deleted_at,p1_1.description,p1_1.name,p1_1.updated_at,p1_1.updated_by,p1_1.version,r1_0.updated_at,r1_0.updated_by,r1_0.version,u1_0.status,u1_0.updated_at,u1_0.updated_by,u1_0.username,u1_0.version from users u1_0 join platform_roles r1_0 on r1_0.id=u1_0.role_id left join role_permissions p1_0 on r1_0.id=p1_0.role_id left join permissions p1_1 on p1_1.id=p1_0.permission_id where (u1_0.deleted_at IS NULL) and u1_0.username=?
2026-07-05T11:41:55.742+05:30 TRACE 13012 --- [decisionhub-backend] [           main] org.hibernate.orm.jdbc.bind              : binding parameter (1:VARCHAR) <- [otheruser]
2026-07-05T11:41:55.996+05:30 DEBUG 13012 --- [decisionhub-backend] [           main] org.hibernate.SQL                        : select rt1_0.id,rt1_0.created_at,rt1_0.created_by,rt1_0.deleted_at,rt1_0.expires_at,rt1_0.revoked,rt1_0.token,rt1_0.updated_at,rt1_0.updated_by,rt1_0.user_id,rt1_0.version from refresh_tokens rt1_0 where rt1_0.user_id=?
Hibernate: select rt1_0.id,rt1_0.created_at,rt1_0.created_by,rt1_0.deleted_at,rt1_0.expires_at,rt1_0.revoked,rt1_0.token,rt1_0.updated_at,rt1_0.updated_by,rt1_0.user_id,rt1_0.version from refresh_tokens rt1_0 where rt1_0.user_id=?
2026-07-05T11:41:55.996+05:30 TRACE 13012 --- [decisionhub-backend] [           main] org.hibernate.orm.jdbc.bind              : binding parameter (1:UUID) <- [dc090005-6fbb-4930-b9c3-36b5cdeb38fd]
2026-07-05T11:41:55.997+05:30  INFO 13012 --- [decisionhub-backend] [           main] c.d.s.impl.AuthenticationServiceImpl     : User otheruser authenticated successfully
2026-07-05T11:41:55.998+05:30 DEBUG 13012 --- [decisionhub-backend] [           main] org.hibernate.SQL                        : insert into refresh_tokens (created_at,created_by,deleted_at,expires_at,revoked,token,updated_at,updated_by,user_id,version,id) values (?,?,?,?,?,?,?,?,?,?,?)
Hibernate: insert into refresh_tokens (created_at,created_by,deleted_at,expires_at,revoked,token,updated_at,updated_by,user_id,version,id) values (?,?,?,?,?,?,?,?,?,?,?)
2026-07-05T11:41:55.998+05:30 TRACE 13012 --- [decisionhub-backend] [           main] org.hibernate.orm.jdbc.bind              : binding parameter (1:TIMESTAMP_UTC) <- [2026-07-05T06:11:55.997279600Z]
2026-07-05T11:41:55.998+05:30 TRACE 13012 --- [decisionhub-backend] [           main] org.hibernate.orm.jdbc.bind              : binding parameter (2:VARCHAR) <- [null]
2026-07-05T11:41:55.998+05:30 TRACE 13012 --- [decisionhub-backend] [           main] org.hibernate.orm.jdbc.bind              : binding parameter (3:TIMESTAMP_UTC) <- [null]
2026-07-05T11:41:55.998+05:30 TRACE 13012 --- [decisionhub-backend] [           main] org.hibernate.orm.jdbc.bind              : binding parameter (4:TIMESTAMP_UTC) <- [2026-07-05T06:21:55.997279600Z]
2026-07-05T11:41:55.998+05:30 TRACE 13012 --- [decisionhub-backend] [           main] org.hibernate.orm.jdbc.bind              : binding parameter (5:BOOLEAN) <- [false]
2026-07-05T11:41:55.998+05:30 TRACE 13012 --- [decisionhub-backend] [           main] org.hibernate.orm.jdbc.bind              : binding parameter (6:VARCHAR) <- [5bf274ce-8c45-4b68-afc3-b6b92c61af3d]
2026-07-05T11:41:55.998+05:30 TRACE 13012 --- [decisionhub-backend] [           main] org.hibernate.orm.jdbc.bind              : binding parameter (7:TIMESTAMP_UTC) <- [2026-07-05T06:11:55.997279600Z]
2026-07-05T11:41:55.998+05:30 TRACE 13012 --- [decisionhub-backend] [           main] org.hibernate.orm.jdbc.bind              : binding parameter (8:VARCHAR) <- [null]
2026-07-05T11:41:55.998+05:30 TRACE 13012 --- [decisionhub-backend] [           main] org.hibernate.orm.jdbc.bind              : binding parameter (9:UUID) <- [dc090005-6fbb-4930-b9c3-36b5cdeb38fd]
2026-07-05T11:41:55.998+05:30 TRACE 13012 --- [decisionhub-backend] [           main] org.hibernate.orm.jdbc.bind              : binding parameter (10:BIGINT) <- [0]
2026-07-05T11:41:55.998+05:30 TRACE 13012 --- [decisionhub-backend] [           main] org.hibernate.orm.jdbc.bind              : binding parameter (11:UUID) <- [115351d6-4de1-48b2-b328-471b552a4631]
2026-07-05T11:41:55.998+05:30 DEBUG 13012 --- [decisionhub-backend] [           main] org.hibernate.SQL                        : insert into audit_logs (action,created_at,ip_address,new_value,old_value,request_id,target_id,target_table,user_id,user_agent,id) values (?,?,?,?,?,?,?,?,?,?,?)
Hibernate: insert into audit_logs (action,created_at,ip_address,new_value,old_value,request_id,target_id,target_table,user_id,user_agent,id) values (?,?,?,?,?,?,?,?,?,?,?)
2026-07-05T11:41:55.998+05:30 TRACE 13012 --- [decisionhub-backend] [           main] org.hibernate.orm.jdbc.bind              : binding parameter (1:VARCHAR) <- [LOGIN]
2026-07-05T11:41:55.998+05:30 TRACE 13012 --- [decisionhub-backend] [           main] org.hibernate.orm.jdbc.bind              : binding parameter (2:TIMESTAMP_UTC) <- [2026-07-05T06:11:55.997279600Z]
2026-07-05T11:41:55.998+05:30 TRACE 13012 --- [decisionhub-backend] [           main] org.hibernate.orm.jdbc.bind              : binding parameter (3:VARCHAR) <- [127.0.0.1]
2026-07-05T11:41:55.998+05:30 TRACE 13012 --- [decisionhub-backend] [           main] org.hibernate.orm.jdbc.bind              : binding parameter (4:JSON) <- [null]
2026-07-05T11:41:55.998+05:30 TRACE 13012 --- [decisionhub-backend] [           main] org.hibernate.orm.jdbc.bind              : binding parameter (5:JSON) <- [null]
2026-07-05T11:41:55.998+05:30 TRACE 13012 --- [decisionhub-backend] [           main] org.hibernate.orm.jdbc.bind              : binding parameter (6:VARCHAR) <- [null]
2026-07-05T11:41:55.998+05:30 TRACE 13012 --- [decisionhub-backend] [           main] org.hibernate.orm.jdbc.bind              : binding parameter (7:UUID) <- [dc090005-6fbb-4930-b9c3-36b5cdeb38fd]
2026-07-05T11:41:55.998+05:30 TRACE 13012 --- [decisionhub-backend] [           main] org.hibernate.orm.jdbc.bind              : binding parameter (8:VARCHAR) <- [users]
2026-07-05T11:41:55.998+05:30 TRACE 13012 --- [decisionhub-backend] [           main] org.hibernate.orm.jdbc.bind              : binding parameter (9:UUID) <- [dc090005-6fbb-4930-b9c3-36b5cdeb38fd]
2026-07-05T11:41:55.998+05:30 TRACE 13012 --- [decisionhub-backend] [           main] org.hibernate.orm.jdbc.bind              : binding parameter (10:VARCHAR) <- [null]
2026-07-05T11:41:55.998+05:30 TRACE 13012 --- [decisionhub-backend] [           main] org.hibernate.orm.jdbc.bind              : binding parameter (11:UUID) <- [75bc8b7a-161f-4f17-8408-c2a24fe163f7]
2026-07-05T11:41:56.003+05:30 DEBUG 13012 --- [decisionhub-backend] [           main] org.hibernate.SQL                        : select u1_0.id,u1_0.avatar_url,u1_0.created_at,u1_0.created_by,u1_0.deleted_at,u1_0.email,u1_0.first_name,u1_0.last_name,u1_0.password_hash,u1_0.role_id,r1_0.id,r1_0.created_at,r1_0.created_by,r1_0.deleted_at,r1_0.description,r1_0.name,p1_0.role_id,p1_1.id,p1_1.created_at,p1_1.created_by,p1_1.deleted_at,p1_1.description,p1_1.name,p1_1.updated_at,p1_1.updated_by,p1_1.version,r1_0.updated_at,r1_0.updated_by,r1_0.version,u1_0.status,u1_0.updated_at,u1_0.updated_by,u1_0.username,u1_0.version from users u1_0 join platform_roles r1_0 on r1_0.id=u1_0.role_id left join role_permissions p1_0 on r1_0.id=p1_0.role_id left join permissions p1_1 on p1_1.id=p1_0.permission_id where (u1_0.deleted_at IS NULL) and u1_0.username=?
Hibernate: select u1_0.id,u1_0.avatar_url,u1_0.created_at,u1_0.created_by,u1_0.deleted_at,u1_0.email,u1_0.first_name,u1_0.last_name,u1_0.password_hash,u1_0.role_id,r1_0.id,r1_0.created_at,r1_0.created_by,r1_0.deleted_at,r1_0.description,r1_0.name,p1_0.role_id,p1_1.id,p1_1.created_at,p1_1.created_by,p1_1.deleted_at,p1_1.description,p1_1.name,p1_1.updated_at,p1_1.updated_by,p1_1.version,r1_0.updated_at,r1_0.updated_by,r1_0.version,u1_0.status,u1_0.updated_at,u1_0.updated_by,u1_0.username,u1_0.version from users u1_0 join platform_roles r1_0 on r1_0.id=u1_0.role_id left join role_permissions p1_0 on r1_0.id=p1_0.role_id left join permissions p1_1 on p1_1.id=p1_0.permission_id where (u1_0.deleted_at IS NULL) and u1_0.username=?
2026-07-05T11:41:56.003+05:30 TRACE 13012 --- [decisionhub-backend] [           main] org.hibernate.orm.jdbc.bind              : binding parameter (1:VARCHAR) <- [otheruser]
2026-07-05T11:41:56.008+05:30 DEBUG 13012 --- [decisionhub-backend] [           main] org.hibernate.SQL                        : select u1_0.id,u1_0.avatar_url,u1_0.created_at,u1_0.created_by,u1_0.deleted_at,u1_0.email,u1_0.first_name,u1_0.last_name,u1_0.password_hash,u1_0.role_id,r1_0.id,r1_0.created_at,r1_0.created_by,r1_0.deleted_at,r1_0.description,r1_0.name,p1_0.role_id,p1_1.id,p1_1.created_at,p1_1.created_by,p1_1.deleted_at,p1_1.description,p1_1.name,p1_1.updated_at,p1_1.updated_by,p1_1.version,r1_0.updated_at,r1_0.updated_by,r1_0.version,u1_0.status,u1_0.updated_at,u1_0.updated_by,u1_0.username,u1_0.version from users u1_0 join platform_roles r1_0 on r1_0.id=u1_0.role_id left join role_permissions p1_0 on r1_0.id=p1_0.role_id left join permissions p1_1 on p1_1.id=p1_0.permission_id where (u1_0.deleted_at IS NULL) and u1_0.username=?
Hibernate: select u1_0.id,u1_0.avatar_url,u1_0.created_at,u1_0.created_by,u1_0.deleted_at,u1_0.email,u1_0.first_name,u1_0.last_name,u1_0.password_hash,u1_0.role_id,r1_0.id,r1_0.created_at,r1_0.created_by,r1_0.deleted_at,r1_0.description,r1_0.name,p1_0.role_id,p1_1.id,p1_1.created_at,p1_1.created_by,p1_1.deleted_at,p1_1.description,p1_1.name,p1_1.updated_at,p1_1.updated_by,p1_1.version,r1_0.updated_at,r1_0.updated_by,r1_0.version,u1_0.status,u1_0.updated_at,u1_0.updated_by,u1_0.username,u1_0.version from users u1_0 join platform_roles r1_0 on r1_0.id=u1_0.role_id left join role_permissions p1_0 on r1_0.id=p1_0.role_id left join permissions p1_1 on p1_1.id=p1_0.permission_id where (u1_0.deleted_at IS NULL) and u1_0.username=?
2026-07-05T11:41:56.008+05:30 TRACE 13012 --- [decisionhub-backend] [           main] org.hibernate.orm.jdbc.bind              : binding parameter (1:VARCHAR) <- [creatoruser]
2026-07-05T11:41:56.010+05:30 DEBUG 13012 --- [decisionhub-backend] [           main] c.d.security.JwtAuthenticationFilter     : User creatoruser authenticated successfully via JWT
2026-07-05T11:41:56.012+05:30  WARN 13012 --- [decisionhub-backend] [           main] c.d.exception.GlobalExceptionHandler     : Validation failure: Validation failed for argument [0] in public org.springframework.http.ResponseEntity<com.decisionhub.dto.DecisionResponse> com.decisionhub.controller.DecisionController.createDecision(com.decisionhub.dto.DecisionRequest,jakarta.servlet.http.HttpServletRequest): [Field error in object 'decisionRequest' on field 'options[0].title': rejected value []; codes [NotBlank.decisionRequest.options[0].title,NotBlank.decisionRequest.options.title,NotBlank.options[0].title,NotBlank.options.title,NotBlank.title,NotBlank.java.lang.String,NotBlank]; arguments [org.springframework.context.support.DefaultMessageSourceResolvable: codes [decisionRequest.options[0].title,options[0].title]; arguments []; default message [options[0].title]]; default message [Option title is required]]  on path /decisions
2026-07-05T11:41:56.014+05:30 DEBUG 13012 --- [decisionhub-backend] [           main] org.hibernate.SQL                        : select db1_0.id,db1_0.anonymity_type,db1_0.category_id,db1_0.community_id,db1_0.created_at,db1_0.created_by,db1_0.creator_id,db1_0.deadline,db1_0.deleted_at,db1_0.description,db1_0.is_public,db1_0.status,db1_0.title,db1_0.updated_at,db1_0.updated_by,db1_0.version,db1_0.voting_type from decision_boards db1_0 where (db1_0.deleted_at IS NULL)
Hibernate: select db1_0.id,db1_0.anonymity_type,db1_0.category_id,db1_0.community_id,db1_0.created_at,db1_0.created_by,db1_0.creator_id,db1_0.deadline,db1_0.deleted_at,db1_0.description,db1_0.is_public,db1_0.status,db1_0.title,db1_0.updated_at,db1_0.updated_by,db1_0.version,db1_0.voting_type from decision_boards db1_0 where (db1_0.deleted_at IS NULL)
]]></system-out>
  </testcase>
</testsuite>