<?xml version="1.0" encoding="UTF-8"?>
<testsuite xmlns:xsi="http://www.w3.org/2001/XMLSchema-instance" xsi:noNamespaceSchemaLocation="https://maven.apache.org/surefire/maven-surefire-plugin/xsd/surefire-test-report-3.0.xsd" version="3.0" name="com.decisionhub.security.CommunityIntegrationTest" time="3.359" tests="2" errors="0" skipped="0" failures="0">
  <properties>
[...]
</properties>
  <testcase name="testCommunityLifecycleWorkflows" classname="com.decisionhub.security.CommunityIntegrationTest" time="1.831">
    <system-out><![CDATA[2026-07-05T11:41:44.247+05:30 DEBUG 13012 --- [decisionhub-backend] [           main] org.hibernate.SQL                        : select cm1_0.community_id,cm1_0.user_id,cm1_0.joined_at,cm1_0.role,cm1_0.status,cm1_0.updated_at from community_members cm1_0
Hibernate: select cm1_0.community_id,cm1_0.user_id,cm1_0.joined_at,cm1_0.role,cm1_0.status,cm1_0.updated_at from community_members cm1_0
2026-07-05T11:41:44.256+05:30 DEBUG 13012 --- [decisionhub-backend] [           main] org.hibernate.SQL                        : delete from community_members where community_id=? and user_id=?
Hibernate: delete from community_members where community_id=? and user_id=?
2026-07-05T11:41:44.256+05:30 TRACE 13012 --- [decisionhub-backend] [           main] org.hibernate.orm.jdbc.bind              : binding parameter (1:UUID) <- [edccd2a1-c1dd-4fce-bd71-316d11839e33]
2026-07-05T11:41:44.256+05:30 TRACE 13012 --- [decisionhub-backend] [           main] org.hibernate.orm.jdbc.bind              : binding parameter (2:UUID) <- [93e0cf25-6a82-48af-bc7d-480686ddc0ac]
2026-07-05T11:41:44.257+05:30 DEBUG 13012 --- [decisionhub-backend] [           main] org.hibernate.SQL                        : delete from community_members where community_id=? and user_id=?
Hibernate: delete from community_members where community_id=? and user_id=?
2026-07-05T11:41:44.257+05:30 TRACE 13012 --- [decisionhub-backend] [           main] org.hibernate.orm.jdbc.bind              : binding parameter (1:UUID) <- [446fa049-ce9c-4ec7-b1ee-de2531083828]
2026-07-05T11:41:44.257+05:30 TRACE 13012 --- [decisionhub-backend] [           main] org.hibernate.orm.jdbc.bind              : binding parameter (2:UUID) <- [93e0cf25-6a82-48af-bc7d-480686ddc0ac]
2026-07-05T11:41:44.260+05:30 DEBUG 13012 --- [decisionhub-backend] [           main] org.hibernate.SQL                        : select c1_0.id,c1_0.category_id,c1_0.created_at,c1_0.created_by,c1_0.creator_id,c1_0.deleted_at,c1_0.description,c1_0.name,c1_0.slug,c1_0.updated_at,c1_0.updated_by,c1_0.version from communities c1_0 where (c1_0.deleted_at IS NULL)
Hibernate: select c1_0.id,c1_0.category_id,c1_0.created_at,c1_0.created_by,c1_0.creator_id,c1_0.deleted_at,c1_0.description,c1_0.name,c1_0.slug,c1_0.updated_at,c1_0.updated_by,c1_0.version from communities c1_0 where (c1_0.deleted_at IS NULL)
2026-07-05T11:41:44.262+05:30 DEBUG 13012 --- [decisionhub-backend] [           main] org.hibernate.SQL                        : UPDATE communities SET deleted_at = CURRENT_TIMESTAMP(6) WHERE id = ? AND version = ?
Hibernate: UPDATE communities SET deleted_at = CURRENT_TIMESTAMP(6) WHERE id = ? AND version = ?
2026-07-05T11:41:44.262+05:30 TRACE 13012 --- [decisionhub-backend] [           main] org.hibernate.orm.jdbc.bind              : binding parameter (1:UUID) <- [edccd2a1-c1dd-4fce-bd71-316d11839e33]
2026-07-05T11:41:44.262+05:30 TRACE 13012 --- [decisionhub-backend] [           main] org.hibernate.orm.jdbc.bind              : binding parameter (2:BIGINT) <- [0]
2026-07-05T11:41:44.264+05:30 DEBUG 13012 --- [decisionhub-backend] [           main] org.hibernate.SQL                        : UPDATE communities SET deleted_at = CURRENT_TIMESTAMP(6) WHERE id = ? AND version = ?
Hibernate: UPDATE communities SET deleted_at = CURRENT_TIMESTAMP(6) WHERE id = ? AND version = ?
2026-07-05T11:41:44.264+05:30 TRACE 13012 --- [decisionhub-backend] [           main] org.hibernate.orm.jdbc.bind              : binding parameter (1:UUID) <- [446fa049-ce9c-4ec7-b1ee-de2531083828]
2026-07-05T11:41:44.264+05:30 TRACE 13012 --- [decisionhub-backend] [           main] org.hibernate.orm.jdbc.bind              : binding parameter (2:BIGINT) <- [0]
2026-07-05T11:41:44.267+05:30 DEBUG 13012 --- [decisionhub-backend] [           main] org.hibernate.SQL                        : select u1_0.id,u1_0.avatar_url,u1_0.created_at,u1_0.created_by,u1_0.deleted_at,u1_0.email,u1_0.first_name,u1_0.last_name,u1_0.password_hash,u1_0.role_id,u1_0.status,u1_0.updated_at,u1_0.updated_by,u1_0.username,u1_0.version from users u1_0 where (u1_0.deleted_at IS NULL)
Hibernate: select u1_0.id,u1_0.avatar_url,u1_0.created_at,u1_0.created_by,u1_0.deleted_at,u1_0.email,u1_0.first_name,u1_0.last_name,u1_0.password_hash,u1_0.role_id,u1_0.status,u1_0.updated_at,u1_0.updated_by,u1_0.username,u1_0.version from users u1_0 where (u1_0.deleted_at IS NULL)
2026-07-05T11:41:44.269+05:30 DEBUG 13012 --- [decisionhub-backend] [           main] org.hibernate.SQL                        : UPDATE users SET deleted_at = CURRENT_TIMESTAMP(6) WHERE id = ? AND version = ?
Hibernate: UPDATE users SET deleted_at = CURRENT_TIMESTAMP(6) WHERE id = ? AND version = ?
2026-07-05T11:41:44.269+05:30 TRACE 13012 --- [decisionhub-backend] [           main] org.hibernate.orm.jdbc.bind              : binding parameter (1:UUID) <- [7e117d01-4738-491c-bc2c-39978bdb818e]
2026-07-05T11:41:44.269+05:30 TRACE 13012 --- [decisionhub-backend] [           main] org.hibernate.orm.jdbc.bind              : binding parameter (2:BIGINT) <- [0]
2026-07-05T11:41:44.272+05:30 DEBUG 13012 --- [decisionhub-backend] [           main] org.hibernate.SQL                        : select al1_0.id,al1_0.action,al1_0.created_at,al1_0.ip_address,al1_0.new_value,al1_0.old_value,al1_0.request_id,al1_0.target_id,al1_0.target_table,al1_0.user_id,al1_0.user_agent from audit_logs al1_0
Hibernate: select al1_0.id,al1_0.action,al1_0.created_at,al1_0.ip_address,al1_0.new_value,al1_0.old_value,al1_0.request_id,al1_0.target_id,al1_0.target_table,al1_0.user_id,al1_0.user_agent from audit_logs al1_0
2026-07-05T11:41:44.278+05:30 DEBUG 13012 --- [decisionhub-backend] [           main] org.hibernate.SQL                        : delete from audit_logs where id=?
Hibernate: delete from audit_logs where id=?
2026-07-05T11:41:44.278+05:30 TRACE 13012 --- [decisionhub-backend] [           main] org.hibernate.orm.jdbc.bind              : binding parameter (1:UUID) <- [a379e18f-39ae-46f5-963e-39e245214fc4]
2026-07-05T11:41:44.279+05:30 DEBUG 13012 --- [decisionhub-backend] [           main] org.hibernate.SQL                        : delete from audit_logs where id=?
Hibernate: delete from audit_logs where id=?
2026-07-05T11:41:44.279+05:30 TRACE 13012 --- [decisionhub-backend] [           main] org.hibernate.orm.jdbc.bind              : binding parameter (1:UUID) <- [b698a11e-5736-4b3b-875d-bbfda6837196]
2026-07-05T11:41:44.279+05:30 DEBUG 13012 --- [decisionhub-backend] [           main] org.hibernate.SQL                        : delete from audit_logs where id=?
Hibernate: delete from audit_logs where id=?
2026-07-05T11:41:44.279+05:30 TRACE 13012 --- [decisionhub-backend] [           main] org.hibernate.orm.jdbc.bind              : binding parameter (1:UUID) <- [511eb104-c9a7-452b-937f-4a6e81a367a9]
2026-07-05T11:41:44.280+05:30 DEBUG 13012 --- [decisionhub-backend] [           main] org.hibernate.SQL                        : delete from audit_logs where id=?
Hibernate: delete from audit_logs where id=?
2026-07-05T11:41:44.280+05:30 TRACE 13012 --- [decisionhub-backend] [           main] org.hibernate.orm.jdbc.bind              : binding parameter (1:UUID) <- [c7e6ead6-1ade-46a0-9e2a-c6db562fa62a]
2026-07-05T11:41:44.280+05:30 DEBUG 13012 --- [decisionhub-backend] [           main] org.hibernate.SQL                        : delete from audit_logs where id=?
Hibernate: delete from audit_logs where id=?
2026-07-05T11:41:44.280+05:30 TRACE 13012 --- [decisionhub-backend] [           main] org.hibernate.orm.jdbc.bind              : binding parameter (1:UUID) <- [12d9b2c6-8572-4671-8eb7-2f9ae5592bf7]
2026-07-05T11:41:44.281+05:30 DEBUG 13012 --- [decisionhub-backend] [           main] org.hibernate.SQL                        : delete from audit_logs where id=?
Hibernate: delete from audit_logs where id=?
2026-07-05T11:41:44.281+05:30 TRACE 13012 --- [decisionhub-backend] [           main] org.hibernate.orm.jdbc.bind              : binding parameter (1:UUID) <- [2599ed4d-36e5-4d4c-9cd5-9263790844fb]
2026-07-05T11:41:44.281+05:30 DEBUG 13012 --- [decisionhub-backend] [           main] org.hibernate.SQL                        : delete from audit_logs where id=?
Hibernate: delete from audit_logs where id=?
2026-07-05T11:41:44.281+05:30 TRACE 13012 --- [decisionhub-backend] [           main] org.hibernate.orm.jdbc.bind              : binding parameter (1:UUID) <- [ea0880be-8680-41c1-a287-107ae7d95551]
2026-07-05T11:41:44.282+05:30 DEBUG 13012 --- [decisionhub-backend] [           main] org.hibernate.SQL                        : delete from audit_logs where id=?
Hibernate: delete from audit_logs where id=?
2026-07-05T11:41:44.282+05:30 TRACE 13012 --- [decisionhub-backend] [           main] org.hibernate.orm.jdbc.bind              : binding parameter (1:UUID) <- [8a43f3e7-68e9-4cc5-b559-96d2b9ef1f60]
2026-07-05T11:41:44.282+05:30 DEBUG 13012 --- [decisionhub-backend] [           main] org.hibernate.SQL                        : delete from audit_logs where id=?
Hibernate: delete from audit_logs where id=?
2026-07-05T11:41:44.282+05:30 TRACE 13012 --- [decisionhub-backend] [           main] org.hibernate.orm.jdbc.bind              : binding parameter (1:UUID) <- [54f838fb-03e3-4c0a-9d53-14d971f2a68a]
2026-07-05T11:41:44.282+05:30 DEBUG 13012 --- [decisionhub-backend] [           main] org.hibernate.SQL                        : delete from audit_logs where id=?
Hibernate: delete from audit_logs where id=?
2026-07-05T11:41:44.282+05:30 TRACE 13012 --- [decisionhub-backend] [           main] org.hibernate.orm.jdbc.bind              : binding parameter (1:UUID) <- [33fedb77-a7be-4b24-98b5-f1e89adf30e7]
2026-07-05T11:41:44.283+05:30 DEBUG 13012 --- [decisionhub-backend] [           main] org.hibernate.SQL                        : delete from audit_logs where id=?
Hibernate: delete from audit_logs where id=?
2026-07-05T11:41:44.284+05:30 TRACE 13012 --- [decisionhub-backend] [           main] org.hibernate.orm.jdbc.bind              : binding parameter (1:UUID) <- [b726d5d2-5fee-455f-841f-f05c3dc33759]
2026-07-05T11:41:44.284+05:30 DEBUG 13012 --- [decisionhub-backend] [           main] org.hibernate.SQL                        : delete from audit_logs where id=?
Hibernate: delete from audit_logs where id=?
2026-07-05T11:41:44.284+05:30 TRACE 13012 --- [decisionhub-backend] [           main] org.hibernate.orm.jdbc.bind              : binding parameter (1:UUID) <- [403318f5-89f3-4636-9bc5-7955f581d72e]
2026-07-05T11:41:44.287+05:30  INFO 13012 --- [decisionhub-backend] [           main] c.decisionhub.controller.AuthController  : Request received: Register user: creatoruser
2026-07-05T11:41:44.287+05:30  INFO 13012 --- [decisionhub-backend] [           main] c.d.s.impl.AuthenticationServiceImpl     : Attempting registration for username: creatoruser and email: creator@test.com
2026-07-05T11:41:44.288+05:30 DEBUG 13012 --- [decisionhub-backend] [           main] org.hibernate.SQL                        : select u1_0.id from users u1_0 where (u1_0.deleted_at IS NULL) and u1_0.username=? fetch first ? rows only
Hibernate: select u1_0.id from users u1_0 where (u1_0.deleted_at IS NULL) and u1_0.username=? fetch first ? rows only
2026-07-05T11:41:44.288+05:30 TRACE 13012 --- [decisionhub-backend] [           main] org.hibernate.orm.jdbc.bind              : binding parameter (1:VARCHAR) <- [creatoruser]
2026-07-05T11:41:44.289+05:30 TRACE 13012 --- [decisionhub-backend] [           main] org.hibernate.orm.jdbc.bind              : binding parameter (2:INTEGER) <- [1]
2026-07-05T11:41:44.290+05:30 DEBUG 13012 --- [decisionhub-backend] [           main] org.hibernate.SQL                        : select u1_0.id from users u1_0 where (u1_0.deleted_at IS NULL) and u1_0.email=? fetch first ? rows only
Hibernate: select u1_0.id from users u1_0 where (u1_0.deleted_at IS NULL) and u1_0.email=? fetch first ? rows only
2026-07-05T11:41:44.290+05:30 TRACE 13012 --- [decisionhub-backend] [           main] org.hibernate.orm.jdbc.bind              : binding parameter (1:VARCHAR) <- [creator@test.com]
2026-07-05T11:41:44.290+05:30 TRACE 13012 --- [decisionhub-backend] [           main] org.hibernate.orm.jdbc.bind              : binding parameter (2:INTEGER) <- [1]
2026-07-05T11:41:44.291+05:30 DEBUG 13012 --- [decisionhub-backend] [           main] org.hibernate.SQL                        : select r1_0.id,r1_0.created_at,r1_0.created_by,r1_0.deleted_at,r1_0.description,r1_0.name,r1_0.updated_at,r1_0.updated_by,r1_0.version from platform_roles r1_0 where r1_0.name=?
Hibernate: select r1_0.id,r1_0.created_at,r1_0.created_by,r1_0.deleted_at,r1_0.description,r1_0.name,r1_0.updated_at,r1_0.updated_by,r1_0.version from platform_roles r1_0 where r1_0.name=?
2026-07-05T11:41:44.291+05:30 TRACE 13012 --- [decisionhub-backend] [           main] org.hibernate.orm.jdbc.bind              : binding parameter (1:VARCHAR) <- [ROLE_USER]
2026-07-05T11:41:44.618+05:30  INFO 13012 --- [decisionhub-backend] [           main] c.d.s.impl.AuthenticationServiceImpl     : User registered successfully with ID: 4bd770fa-c6da-4521-b867-428a9ad612d9
2026-07-05T11:41:44.620+05:30 DEBUG 13012 --- [decisionhub-backend] [           main] org.hibernate.SQL                        : insert into users (avatar_url,created_at,created_by,deleted_at,email,first_name,last_name,password_hash,role_id,status,updated_at,updated_by,username,version,id) values (?,?,?,?,?,?,?,?,?,?,?,?,?,?,?)
Hibernate: insert into users (avatar_url,created_at,created_by,deleted_at,email,first_name,last_name,password_hash,role_id,status,updated_at,updated_by,username,version,id) values (?,?,?,?,?,?,?,?,?,?,?,?,?,?,?)
2026-07-05T11:41:44.620+05:30 TRACE 13012 --- [decisionhub-backend] [           main] org.hibernate.orm.jdbc.bind              : binding parameter (1:VARCHAR) <- [null]
2026-07-05T11:41:44.620+05:30 TRACE 13012 --- [decisionhub-backend] [           main] org.hibernate.orm.jdbc.bind              : binding parameter (2:TIMESTAMP_UTC) <- [2026-07-05T06:11:44.617321Z]
2026-07-05T11:41:44.620+05:30 TRACE 13012 --- [decisionhub-backend] [           main] org.hibernate.orm.jdbc.bind              : binding parameter (3:VARCHAR) <- [null]
2026-07-05T11:41:44.620+05:30 TRACE 13012 --- [decisionhub-backend] [           main] org.hibernate.orm.jdbc.bind              : binding parameter (4:TIMESTAMP_UTC) <- [null]
2026-07-05T11:41:44.620+05:30 TRACE 13012 --- [decisionhub-backend] [           main] org.hibernate.orm.jdbc.bind              : binding parameter (5:VARCHAR) <- [creator@test.com]
2026-07-05T11:41:44.620+05:30 TRACE 13012 --- [decisionhub-backend] [           main] org.hibernate.orm.jdbc.bind              : binding parameter (6:VARCHAR) <- [Creator]
2026-07-05T11:41:44.620+05:30 TRACE 13012 --- [decisionhub-backend] [           main] org.hibernate.orm.jdbc.bind              : binding parameter (7:VARCHAR) <- [User]
2026-07-05T11:41:44.620+05:30 TRACE 13012 --- [decisionhub-backend] [           main] org.hibernate.orm.jdbc.bind              : binding parameter (8:VARCHAR) <- [$2a$12$RR6df/HyQqvh7vu4aDgsN.SbOu5CvXl.XKbOgQfHK1iVA0ASvPYsm]
2026-07-05T11:41:44.620+05:30 TRACE 13012 --- [decisionhub-backend] [           main] org.hibernate.orm.jdbc.bind              : binding parameter (9:UUID) <- [208d2932-67f0-4c91-b6e1-f56fc9a66219]
2026-07-05T11:41:44.620+05:30 TRACE 13012 --- [decisionhub-backend] [           main] org.hibernate.orm.jdbc.bind              : binding parameter (10:VARCHAR) <- [ACTIVE]
2026-07-05T11:41:44.620+05:30 TRACE 13012 --- [decisionhub-backend] [           main] org.hibernate.orm.jdbc.bind              : binding parameter (11:TIMESTAMP_UTC) <- [2026-07-05T06:11:44.617321Z]
2026-07-05T11:41:44.620+05:30 TRACE 13012 --- [decisionhub-backend] [           main] org.hibernate.orm.jdbc.bind              : binding parameter (12:VARCHAR) <- [null]
2026-07-05T11:41:44.620+05:30 TRACE 13012 --- [decisionhub-backend] [           main] org.hibernate.orm.jdbc.bind              : binding parameter (13:VARCHAR) <- [creatoruser]
2026-07-05T11:41:44.620+05:30 TRACE 13012 --- [decisionhub-backend] [           main] org.hibernate.orm.jdbc.bind              : binding parameter (14:BIGINT) <- [0]
2026-07-05T11:41:44.620+05:30 TRACE 13012 --- [decisionhub-backend] [           main] org.hibernate.orm.jdbc.bind              : binding parameter (15:UUID) <- [4bd770fa-c6da-4521-b867-428a9ad612d9]
2026-07-05T11:41:44.622+05:30 DEBUG 13012 --- [decisionhub-backend] [           main] org.hibernate.SQL                        : insert into audit_logs (action,created_at,ip_address,new_value,old_value,request_id,target_id,target_table,user_id,user_agent,id) values (?,?,?,?,?,?,?,?,?,?,?)
Hibernate: insert into audit_logs (action,created_at,ip_address,new_value,old_value,request_id,target_id,target_table,user_id,user_agent,id) values (?,?,?,?,?,?,?,?,?,?,?)
2026-07-05T11:41:44.622+05:30 TRACE 13012 --- [decisionhub-backend] [           main] org.hibernate.orm.jdbc.bind              : binding parameter (1:VARCHAR) <- [REGISTER]
2026-07-05T11:41:44.622+05:30 TRACE 13012 --- [decisionhub-backend] [           main] org.hibernate.orm.jdbc.bind              : binding parameter (2:TIMESTAMP_UTC) <- [2026-07-05T06:11:44.619319100Z]
2026-07-05T11:41:44.622+05:30 TRACE 13012 --- [decisionhub-backend] [           main] org.hibernate.orm.jdbc.bind              : binding parameter (3:VARCHAR) <- [127.0.0.1]
2026-07-05T11:41:44.622+05:30 TRACE 13012 --- [decisionhub-backend] [           main] org.hibernate.orm.jdbc.bind              : binding parameter (4:JSON) <- [null]
2026-07-05T11:41:44.622+05:30 TRACE 13012 --- [decisionhub-backend] [           main] org.hibernate.orm.jdbc.bind              : binding parameter (5:JSON) <- [null]
2026-07-05T11:41:44.622+05:30 TRACE 13012 --- [decisionhub-backend] [           main] org.hibernate.orm.jdbc.bind              : binding parameter (6:VARCHAR) <- [null]
2026-07-05T11:41:44.622+05:30 TRACE 13012 --- [decisionhub-backend] [           main] org.hibernate.orm.jdbc.bind              : binding parameter (7:UUID) <- [4bd770fa-c6da-4521-b867-428a9ad612d9]
2026-07-05T11:41:44.622+05:30 TRACE 13012 --- [decisionhub-backend] [           main] org.hibernate.orm.jdbc.bind              : binding parameter (8:VARCHAR) <- [users]
2026-07-05T11:41:44.622+05:30 TRACE 13012 --- [decisionhub-backend] [           main] org.hibernate.orm.jdbc.bind              : binding parameter (9:UUID) <- [4bd770fa-c6da-4521-b867-428a9ad612d9]
2026-07-05T11:41:44.622+05:30 TRACE 13012 --- [decisionhub-backend] [           main] org.hibernate.orm.jdbc.bind              : binding parameter (10:VARCHAR) <- [null]
2026-07-05T11:41:44.622+05:30 TRACE 13012 --- [decisionhub-backend] [           main] org.hibernate.orm.jdbc.bind              : binding parameter (11:UUID) <- [6c9aaf51-405d-4729-b986-84b3522480d2]
2026-07-05T11:41:44.627+05:30  INFO 13012 --- [decisionhub-backend] [           main] c.decisionhub.controller.AuthController  : Request received: Login user: creatoruser
2026-07-05T11:41:44.629+05:30  INFO 13012 --- [decisionhub-backend] [           main] c.d.s.impl.AuthenticationServiceImpl     : Authenticating user: creatoruser
2026-07-05T11:41:44.630+05:30 DEBUG 13012 --- [decisionhub-backend] [           main] org.hibernate.SQL                        : select u1_0.id,u1_0.avatar_url,u1_0.created_at,u1_0.created_by,u1_0.deleted_at,u1_0.email,u1_0.first_name,u1_0.last_name,u1_0.password_hash,u1_0.role_id,r1_0.id,r1_0.created_at,r1_0.created_by,r1_0.deleted_at,r1_0.description,r1_0.name,p1_0.role_id,p1_1.id,p1_1.created_at,p1_1.created_by,p1_1.deleted_at,p1_1.description,p1_1.name,p1_1.updated_at,p1_1.updated_by,p1_1.version,r1_0.updated_at,r1_0.updated_by,r1_0.version,u1_0.status,u1_0.updated_at,u1_0.updated_by,u1_0.username,u1_0.version from users u1_0 join platform_roles r1_0 on r1_0.id=u1_0.role_id left join role_permissions p1_0 on r1_0.id=p1_0.role_id left join permissions p1_1 on p1_1.id=p1_0.permission_id where (u1_0.deleted_at IS NULL) and u1_0.username=?
Hibernate: select u1_0.id,u1_0.avatar_url,u1_0.created_at,u1_0.created_by,u1_0.deleted_at,u1_0.email,u1_0.first_name,u1_0.last_name,u1_0.password_hash,u1_0.role_id,r1_0.id,r1_0.created_at,r1_0.created_by,r1_0.deleted_at,r1_0.description,r1_0.name,p1_0.role_id,p1_1.id,p1_1.created_at,p1_1.created_by,p1_1.deleted_at,p1_1.description,p1_1.name,p1_1.updated_at,p1_1.updated_by,p1_1.version,r1_0.updated_at,r1_0.updated_by,r1_0.version,u1_0.status,u1_0.updated_at,u1_0.updated_by,u1_0.username,u1_0.version from users u1_0 join platform_roles r1_0 on r1_0.id=u1_0.role_id left join role_permissions p1_0 on r1_0.id=p1_0.role_id left join permissions p1_1 on p1_1.id=p1_0.permission_id where (u1_0.deleted_at IS NULL) and u1_0.username=?
2026-07-05T11:41:44.630+05:30 TRACE 13012 --- [decisionhub-backend] [           main] org.hibernate.orm.jdbc.bind              : binding parameter (1:VARCHAR) <- [creatoruser]
2026-07-05T11:41:44.958+05:30 DEBUG 13012 --- [decisionhub-backend] [           main] org.hibernate.SQL                        : select rt1_0.id,rt1_0.created_at,rt1_0.created_by,rt1_0.deleted_at,rt1_0.expires_at,rt1_0.revoked,rt1_0.token,rt1_0.updated_at,rt1_0.updated_by,rt1_0.user_id,rt1_0.version from refresh_tokens rt1_0 where rt1_0.user_id=?
Hibernate: select rt1_0.id,rt1_0.created_at,rt1_0.created_by,rt1_0.deleted_at,rt1_0.expires_at,rt1_0.revoked,rt1_0.token,rt1_0.updated_at,rt1_0.updated_by,rt1_0.user_id,rt1_0.version from refresh_tokens rt1_0 where rt1_0.user_id=?
2026-07-05T11:41:44.958+05:30 TRACE 13012 --- [decisionhub-backend] [           main] org.hibernate.orm.jdbc.bind              : binding parameter (1:UUID) <- [4bd770fa-c6da-4521-b867-428a9ad612d9]
2026-07-05T11:41:44.961+05:30  INFO 13012 --- [decisionhub-backend] [           main] c.d.s.impl.AuthenticationServiceImpl     : User creatoruser authenticated successfully
2026-07-05T11:41:44.961+05:30 DEBUG 13012 --- [decisionhub-backend] [           main] org.hibernate.SQL                        : insert into refresh_tokens (created_at,created_by,deleted_at,expires_at,revoked,token,updated_at,updated_by,user_id,version,id) values (?,?,?,?,?,?,?,?,?,?,?)
Hibernate: insert into refresh_tokens (created_at,created_by,deleted_at,expires_at,revoked,token,updated_at,updated_by,user_id,version,id) values (?,?,?,?,?,?,?,?,?,?,?)
2026-07-05T11:41:44.961+05:30 TRACE 13012 --- [decisionhub-backend] [           main] org.hibernate.orm.jdbc.bind              : binding parameter (1:TIMESTAMP_UTC) <- [2026-07-05T06:11:44.960794700Z]
2026-07-05T11:41:44.961+05:30 TRACE 13012 --- [decisionhub-backend] [           main] org.hibernate.orm.jdbc.bind              : binding parameter (2:VARCHAR) <- [null]
2026-07-05T11:41:44.961+05:30 TRACE 13012 --- [decisionhub-backend] [           main] org.hibernate.orm.jdbc.bind              : binding parameter (3:TIMESTAMP_UTC) <- [null]
2026-07-05T11:41:44.961+05:30 TRACE 13012 --- [decisionhub-backend] [           main] org.hibernate.orm.jdbc.bind              : binding parameter (4:TIMESTAMP_UTC) <- [2026-07-05T06:21:44.959804600Z]
2026-07-05T11:41:44.961+05:30 TRACE 13012 --- [decisionhub-backend] [           main] org.hibernate.orm.jdbc.bind              : binding parameter (5:BOOLEAN) <- [false]
2026-07-05T11:41:44.961+05:30 TRACE 13012 --- [decisionhub-backend] [           main] org.hibernate.orm.jdbc.bind              : binding parameter (6:VARCHAR) <- [4bd139a8-6df4-485d-9774-bfab32b32079]
2026-07-05T11:41:44.961+05:30 TRACE 13012 --- [decisionhub-backend] [           main] org.hibernate.orm.jdbc.bind              : binding parameter (7:TIMESTAMP_UTC) <- [2026-07-05T06:11:44.960794700Z]
2026-07-05T11:41:44.961+05:30 TRACE 13012 --- [decisionhub-backend] [           main] org.hibernate.orm.jdbc.bind              : binding parameter (8:VARCHAR) <- [null]
2026-07-05T11:41:44.961+05:30 TRACE 13012 --- [decisionhub-backend] [           main] org.hibernate.orm.jdbc.bind              : binding parameter (9:UUID) <- [4bd770fa-c6da-4521-b867-428a9ad612d9]
2026-07-05T11:41:44.961+05:30 TRACE 13012 --- [decisionhub-backend] [           main] org.hibernate.orm.jdbc.bind              : binding parameter (10:BIGINT) <- [0]
2026-07-05T11:41:44.961+05:30 TRACE 13012 --- [decisionhub-backend] [           main] org.hibernate.orm.jdbc.bind              : binding parameter (11:UUID) <- [44063214-aa6b-4cc7-bd50-876c04bd5d1b]
2026-07-05T11:41:44.964+05:30 DEBUG 13012 --- [decisionhub-backend] [           main] org.hibernate.SQL                        : insert into audit_logs (action,created_at,ip_address,new_value,old_value,request_id,target_id,target_table,user_id,user_agent,id) values (?,?,?,?,?,?,?,?,?,?,?)
Hibernate: insert into audit_logs (action,created_at,ip_address,new_value,old_value,request_id,target_id,target_table,user_id,user_agent,id) values (?,?,?,?,?,?,?,?,?,?,?)
2026-07-05T11:41:44.964+05:30 TRACE 13012 --- [decisionhub-backend] [           main] org.hibernate.orm.jdbc.bind              : binding parameter (1:VARCHAR) <- [LOGIN]
2026-07-05T11:41:44.964+05:30 TRACE 13012 --- [decisionhub-backend] [           main] org.hibernate.orm.jdbc.bind              : binding parameter (2:TIMESTAMP_UTC) <- [2026-07-05T06:11:44.961794500Z]
2026-07-05T11:41:44.964+05:30 TRACE 13012 --- [decisionhub-backend] [           main] org.hibernate.orm.jdbc.bind              : binding parameter (3:VARCHAR) <- [127.0.0.1]
2026-07-05T11:41:44.964+05:30 TRACE 13012 --- [decisionhub-backend] [           main] org.hibernate.orm.jdbc.bind              : binding parameter (4:JSON) <- [null]
2026-07-05T11:41:44.964+05:30 TRACE 13012 --- [decisionhub-backend] [           main] org.hibernate.orm.jdbc.bind              : binding parameter (5:JSON) <- [null]
2026-07-05T11:41:44.964+05:30 TRACE 13012 --- [decisionhub-backend] [           main] org.hibernate.orm.jdbc.bind              : binding parameter (6:VARCHAR) <- [null]
2026-07-05T11:41:44.964+05:30 TRACE 13012 --- [decisionhub-backend] [           main] org.hibernate.orm.jdbc.bind              : binding parameter (7:UUID) <- [4bd770fa-c6da-4521-b867-428a9ad612d9]
2026-07-05T11:41:44.964+05:30 TRACE 13012 --- [decisionhub-backend] [           main] org.hibernate.orm.jdbc.bind              : binding parameter (8:VARCHAR) <- [users]
2026-07-05T11:41:44.964+05:30 TRACE 13012 --- [decisionhub-backend] [           main] org.hibernate.orm.jdbc.bind              : binding parameter (9:UUID) <- [4bd770fa-c6da-4521-b867-428a9ad612d9]
2026-07-05T11:41:44.964+05:30 TRACE 13012 --- [decisionhub-backend] [           main] org.hibernate.orm.jdbc.bind              : binding parameter (10:VARCHAR) <- [null]
2026-07-05T11:41:44.964+05:30 TRACE 13012 --- [decisionhub-backend] [           main] org.hibernate.orm.jdbc.bind              : binding parameter (11:UUID) <- [f92e476d-db17-4324-a981-4abc6c714b0d]
2026-07-05T11:41:44.972+05:30  INFO 13012 --- [decisionhub-backend] [           main] c.decisionhub.controller.AuthController  : Request received: Register user: memberuser
2026-07-05T11:41:44.973+05:30  INFO 13012 --- [decisionhub-backend] [           main] c.d.s.impl.AuthenticationServiceImpl     : Attempting registration for username: memberuser and email: member@test.com
2026-07-05T11:41:44.974+05:30 DEBUG 13012 --- [decisionhub-backend] [           main] org.hibernate.SQL                        : select u1_0.id from users u1_0 where (u1_0.deleted_at IS NULL) and u1_0.username=? fetch first ? rows only
Hibernate: select u1_0.id from users u1_0 where (u1_0.deleted_at IS NULL) and u1_0.username=? fetch first ? rows only
2026-07-05T11:41:44.974+05:30 TRACE 13012 --- [decisionhub-backend] [           main] org.hibernate.orm.jdbc.bind              : binding parameter (1:VARCHAR) <- [memberuser]
2026-07-05T11:41:44.974+05:30 TRACE 13012 --- [decisionhub-backend] [           main] org.hibernate.orm.jdbc.bind              : binding parameter (2:INTEGER) <- [1]
2026-07-05T11:41:44.976+05:30 DEBUG 13012 --- [decisionhub-backend] [           main] org.hibernate.SQL                        : select u1_0.id from users u1_0 where (u1_0.deleted_at IS NULL) and u1_0.email=? fetch first ? rows only
Hibernate: select u1_0.id from users u1_0 where (u1_0.deleted_at IS NULL) and u1_0.email=? fetch first ? rows only
2026-07-05T11:41:44.976+05:30 TRACE 13012 --- [decisionhub-backend] [           main] org.hibernate.orm.jdbc.bind              : binding parameter (1:VARCHAR) <- [member@test.com]
2026-07-05T11:41:44.976+05:30 TRACE 13012 --- [decisionhub-backend] [           main] org.hibernate.orm.jdbc.bind              : binding parameter (2:INTEGER) <- [1]
2026-07-05T11:41:44.977+05:30 DEBUG 13012 --- [decisionhub-backend] [           main] org.hibernate.SQL                        : select r1_0.id,r1_0.created_at,r1_0.created_by,r1_0.deleted_at,r1_0.description,r1_0.name,r1_0.updated_at,r1_0.updated_by,r1_0.version from platform_roles r1_0 where r1_0.name=?
Hibernate: select r1_0.id,r1_0.created_at,r1_0.created_by,r1_0.deleted_at,r1_0.description,r1_0.name,r1_0.updated_at,r1_0.updated_by,r1_0.version from platform_roles r1_0 where r1_0.name=?
2026-07-05T11:41:44.977+05:30 TRACE 13012 --- [decisionhub-backend] [           main] org.hibernate.orm.jdbc.bind              : binding parameter (1:VARCHAR) <- [ROLE_USER]
2026-07-05T11:41:45.284+05:30  INFO 13012 --- [decisionhub-backend] [           main] c.d.s.impl.AuthenticationServiceImpl     : User registered successfully with ID: ef75724a-e6a9-4187-9ea8-a240da441d9c
2026-07-05T11:41:45.285+05:30 DEBUG 13012 --- [decisionhub-backend] [           main] org.hibernate.SQL                        : insert into users (avatar_url,created_at,created_by,deleted_at,email,first_name,last_name,password_hash,role_id,status,updated_at,updated_by,username,version,id) values (?,?,?,?,?,?,?,?,?,?,?,?,?,?,?)
Hibernate: insert into users (avatar_url,created_at,created_by,deleted_at,email,first_name,last_name,password_hash,role_id,status,updated_at,updated_by,username,version,id) values (?,?,?,?,?,?,?,?,?,?,?,?,?,?,?)
2026-07-05T11:41:45.286+05:30 TRACE 13012 --- [decisionhub-backend] [           main] org.hibernate.orm.jdbc.bind              : binding parameter (1:VARCHAR) <- [null]
2026-07-05T11:41:45.286+05:30 TRACE 13012 --- [decisionhub-backend] [           main] org.hibernate.orm.jdbc.bind              : binding parameter (2:TIMESTAMP_UTC) <- [2026-07-05T06:11:45.284473800Z]
2026-07-05T11:41:45.286+05:30 TRACE 13012 --- [decisionhub-backend] [           main] org.hibernate.orm.jdbc.bind              : binding parameter (3:VARCHAR) <- [null]
2026-07-05T11:41:45.286+05:30 TRACE 13012 --- [decisionhub-backend] [           main] org.hibernate.orm.jdbc.bind              : binding parameter (4:TIMESTAMP_UTC) <- [null]
2026-07-05T11:41:45.286+05:30 TRACE 13012 --- [decisionhub-backend] [           main] org.hibernate.orm.jdbc.bind              : binding parameter (5:VARCHAR) <- [member@test.com]
2026-07-05T11:41:45.286+05:30 TRACE 13012 --- [decisionhub-backend] [           main] org.hibernate.orm.jdbc.bind              : binding parameter (6:VARCHAR) <- [Member]
2026-07-05T11:41:45.286+05:30 TRACE 13012 --- [decisionhub-backend] [           main] org.hibernate.orm.jdbc.bind              : binding parameter (7:VARCHAR) <- [User]
2026-07-05T11:41:45.286+05:30 TRACE 13012 --- [decisionhub-backend] [           main] org.hibernate.orm.jdbc.bind              : binding parameter (8:VARCHAR) <- [$2a$12$LK9IeP5a3Onm0fuxHzf0R.vyjbumun3mzGmPijdIvMF6LpIjVMqBi]
2026-07-05T11:41:45.286+05:30 TRACE 13012 --- [decisionhub-backend] [           main] org.hibernate.orm.jdbc.bind              : binding parameter (9:UUID) <- [208d2932-67f0-4c91-b6e1-f56fc9a66219]
2026-07-05T11:41:45.286+05:30 TRACE 13012 --- [decisionhub-backend] [           main] org.hibernate.orm.jdbc.bind              : binding parameter (10:VARCHAR) <- [ACTIVE]
2026-07-05T11:41:45.286+05:30 TRACE 13012 --- [decisionhub-backend] [           main] org.hibernate.orm.jdbc.bind              : binding parameter (11:TIMESTAMP_UTC) <- [2026-07-05T06:11:45.284473800Z]
2026-07-05T11:41:45.286+05:30 TRACE 13012 --- [decisionhub-backend] [           main] org.hibernate.orm.jdbc.bind              : binding parameter (12:VARCHAR) <- [null]
2026-07-05T11:41:45.286+05:30 TRACE 13012 --- [decisionhub-backend] [           main] org.hibernate.orm.jdbc.bind              : binding parameter (13:VARCHAR) <- [memberuser]
2026-07-05T11:41:45.286+05:30 TRACE 13012 --- [decisionhub-backend] [           main] org.hibernate.orm.jdbc.bind              : binding parameter (14:BIGINT) <- [0]
2026-07-05T11:41:45.286+05:30 TRACE 13012 --- [decisionhub-backend] [           main] org.hibernate.orm.jdbc.bind              : binding parameter (15:UUID) <- [ef75724a-e6a9-4187-9ea8-a240da441d9c]
2026-07-05T11:41:45.286+05:30 DEBUG 13012 --- [decisionhub-backend] [           main] org.hibernate.SQL                        : insert into audit_logs (action,created_at,ip_address,new_value,old_value,request_id,target_id,target_table,user_id,user_agent,id) values (?,?,?,?,?,?,?,?,?,?,?)
Hibernate: insert into audit_logs (action,created_at,ip_address,new_value,old_value,request_id,target_id,target_table,user_id,user_agent,id) values (?,?,?,?,?,?,?,?,?,?,?)
2026-07-05T11:41:45.286+05:30 TRACE 13012 --- [decisionhub-backend] [           main] org.hibernate.orm.jdbc.bind              : binding parameter (1:VARCHAR) <- [REGISTER]
2026-07-05T11:41:45.286+05:30 TRACE 13012 --- [decisionhub-backend] [           main] org.hibernate.orm.jdbc.bind              : binding parameter (2:TIMESTAMP_UTC) <- [2026-07-05T06:11:45.285477Z]
2026-07-05T11:41:45.286+05:30 TRACE 13012 --- [decisionhub-backend] [           main] org.hibernate.orm.jdbc.bind              : binding parameter (3:VARCHAR) <- [127.0.0.1]
2026-07-05T11:41:45.286+05:30 TRACE 13012 --- [decisionhub-backend] [           main] org.hibernate.orm.jdbc.bind              : binding parameter (4:JSON) <- [null]
2026-07-05T11:41:45.286+05:30 TRACE 13012 --- [decisionhub-backend] [           main] org.hibernate.orm.jdbc.bind              : binding parameter (5:JSON) <- [null]
2026-07-05T11:41:45.286+05:30 TRACE 13012 --- [decisionhub-backend] [           main] org.hibernate.orm.jdbc.bind              : binding parameter (6:VARCHAR) <- [null]
2026-07-05T11:41:45.286+05:30 TRACE 13012 --- [decisionhub-backend] [           main] org.hibernate.orm.jdbc.bind              : binding parameter (7:UUID) <- [ef75724a-e6a9-4187-9ea8-a240da441d9c]
2026-07-05T11:41:45.286+05:30 TRACE 13012 --- [decisionhub-backend] [           main] org.hibernate.orm.jdbc.bind              : binding parameter (8:VARCHAR) <- [users]
2026-07-05T11:41:45.286+05:30 TRACE 13012 --- [decisionhub-backend] [           main] org.hibernate.orm.jdbc.bind              : binding parameter (9:UUID) <- [ef75724a-e6a9-4187-9ea8-a240da441d9c]
2026-07-05T11:41:45.286+05:30 TRACE 13012 --- [decisionhub-backend] [           main] org.hibernate.orm.jdbc.bind              : binding parameter (10:VARCHAR) <- [null]
2026-07-05T11:41:45.286+05:30 TRACE 13012 --- [decisionhub-backend] [           main] org.hibernate.orm.jdbc.bind              : binding parameter (11:UUID) <- [85b78fff-8a75-43c9-8a1f-79cf66f0d324]
2026-07-05T11:41:45.293+05:30  INFO 13012 --- [decisionhub-backend] [           main] c.decisionhub.controller.AuthController  : Request received: Login user: memberuser
2026-07-05T11:41:45.293+05:30  INFO 13012 --- [decisionhub-backend] [           main] c.d.s.impl.AuthenticationServiceImpl     : Authenticating user: memberuser
2026-07-05T11:41:45.295+05:30 DEBUG 13012 --- [decisionhub-backend] [           main] org.hibernate.SQL                        : select u1_0.id,u1_0.avatar_url,u1_0.created_at,u1_0.created_by,u1_0.deleted_at,u1_0.email,u1_0.first_name,u1_0.last_name,u1_0.password_hash,u1_0.role_id,r1_0.id,r1_0.created_at,r1_0.created_by,r1_0.deleted_at,r1_0.description,r1_0.name,p1_0.role_id,p1_1.id,p1_1.created_at,p1_1.created_by,p1_1.deleted_at,p1_1.description,p1_1.name,p1_1.updated_at,p1_1.updated_by,p1_1.version,r1_0.updated_at,r1_0.updated_by,r1_0.version,u1_0.status,u1_0.updated_at,u1_0.updated_by,u1_0.username,u1_0.version from users u1_0 join platform_roles r1_0 on r1_0.id=u1_0.role_id left join role_permissions p1_0 on r1_0.id=p1_0.role_id left join permissions p1_1 on p1_1.id=p1_0.permission_id where (u1_0.deleted_at IS NULL) and u1_0.username=?
Hibernate: select u1_0.id,u1_0.avatar_url,u1_0.created_at,u1_0.created_by,u1_0.deleted_at,u1_0.email,u1_0.first_name,u1_0.last_name,u1_0.password_hash,u1_0.role_id,r1_0.id,r1_0.created_at,r1_0.created_by,r1_0.deleted_at,r1_0.description,r1_0.name,p1_0.role_id,p1_1.id,p1_1.created_at,p1_1.created_by,p1_1.deleted_at,p1_1.description,p1_1.name,p1_1.updated_at,p1_1.updated_by,p1_1.version,r1_0.updated_at,r1_0.updated_by,r1_0.version,u1_0.status,u1_0.updated_at,u1_0.updated_by,u1_0.username,u1_0.version from users u1_0 join platform_roles r1_0 on r1_0.id=u1_0.role_id left join role_permissions p1_0 on r1_0.id=p1_0.role_id left join permissions p1_1 on p1_1.id=p1_0.permission_id where (u1_0.deleted_at IS NULL) and u1_0.username=?
2026-07-05T11:41:45.295+05:30 TRACE 13012 --- [decisionhub-backend] [           main] org.hibernate.orm.jdbc.bind              : binding parameter (1:VARCHAR) <- [memberuser]
2026-07-05T11:41:45.629+05:30 DEBUG 13012 --- [decisionhub-backend] [           main] org.hibernate.SQL                        : select rt1_0.id,rt1_0.created_at,rt1_0.created_by,rt1_0.deleted_at,rt1_0.expires_at,rt1_0.revoked,rt1_0.token,rt1_0.updated_at,rt1_0.updated_by,rt1_0.user_id,rt1_0.version from refresh_tokens rt1_0 where rt1_0.user_id=?
Hibernate: select rt1_0.id,rt1_0.created_at,rt1_0.created_by,rt1_0.deleted_at,rt1_0.expires_at,rt1_0.revoked,rt1_0.token,rt1_0.updated_at,rt1_0.updated_by,rt1_0.user_id,rt1_0.version from refresh_tokens rt1_0 where rt1_0.user_id=?
2026-07-05T11:41:45.629+05:30 TRACE 13012 --- [decisionhub-backend] [           main] org.hibernate.orm.jdbc.bind              : binding parameter (1:UUID) <- [ef75724a-e6a9-4187-9ea8-a240da441d9c]
2026-07-05T11:41:45.631+05:30  INFO 13012 --- [decisionhub-backend] [           main] c.d.s.impl.AuthenticationServiceImpl     : User memberuser authenticated successfully
2026-07-05T11:41:45.632+05:30 DEBUG 13012 --- [decisionhub-backend] [           main] org.hibernate.SQL                        : insert into refresh_tokens (created_at,created_by,deleted_at,expires_at,revoked,token,updated_at,updated_by,user_id,version,id) values (?,?,?,?,?,?,?,?,?,?,?)
Hibernate: insert into refresh_tokens (created_at,created_by,deleted_at,expires_at,revoked,token,updated_at,updated_by,user_id,version,id) values (?,?,?,?,?,?,?,?,?,?,?)
2026-07-05T11:41:45.632+05:30 TRACE 13012 --- [decisionhub-backend] [           main] org.hibernate.orm.jdbc.bind              : binding parameter (1:TIMESTAMP_UTC) <- [2026-07-05T06:11:45.631249300Z]
2026-07-05T11:41:45.632+05:30 TRACE 13012 --- [decisionhub-backend] [           main] org.hibernate.orm.jdbc.bind              : binding parameter (2:VARCHAR) <- [null]
2026-07-05T11:41:45.632+05:30 TRACE 13012 --- [decisionhub-backend] [           main] org.hibernate.orm.jdbc.bind              : binding parameter (3:TIMESTAMP_UTC) <- [null]
2026-07-05T11:41:45.632+05:30 TRACE 13012 --- [decisionhub-backend] [           main] org.hibernate.orm.jdbc.bind              : binding parameter (4:TIMESTAMP_UTC) <- [2026-07-05T06:21:45.630247900Z]
2026-07-05T11:41:45.632+05:30 TRACE 13012 --- [decisionhub-backend] [           main] org.hibernate.orm.jdbc.bind              : binding parameter (5:BOOLEAN) <- [false]
2026-07-05T11:41:45.632+05:30 TRACE 13012 --- [decisionhub-backend] [           main] org.hibernate.orm.jdbc.bind              : binding parameter (6:VARCHAR) <- [87dba1bc-89da-4929-a8a9-5498e024d181]
2026-07-05T11:41:45.632+05:30 TRACE 13012 --- [decisionhub-backend] [           main] org.hibernate.orm.jdbc.bind              : binding parameter (7:TIMESTAMP_UTC) <- [2026-07-05T06:11:45.631249300Z]
2026-07-05T11:41:45.632+05:30 TRACE 13012 --- [decisionhub-backend] [           main] org.hibernate.orm.jdbc.bind              : binding parameter (8:VARCHAR) <- [null]
2026-07-05T11:41:45.632+05:30 TRACE 13012 --- [decisionhub-backend] [           main] org.hibernate.orm.jdbc.bind              : binding parameter (9:UUID) <- [ef75724a-e6a9-4187-9ea8-a240da441d9c]
2026-07-05T11:41:45.632+05:30 TRACE 13012 --- [decisionhub-backend] [           main] org.hibernate.orm.jdbc.bind              : binding parameter (10:BIGINT) <- [0]
2026-07-05T11:41:45.632+05:30 TRACE 13012 --- [decisionhub-backend] [           main] org.hibernate.orm.jdbc.bind              : binding parameter (11:UUID) <- [eb924b04-c656-4e23-bbd3-a5a1915ba4b9]
2026-07-05T11:41:45.633+05:30 DEBUG 13012 --- [decisionhub-backend] [           main] org.hibernate.SQL                        : insert into audit_logs (action,created_at,ip_address,new_value,old_value,request_id,target_id,target_table,user_id,user_agent,id) values (?,?,?,?,?,?,?,?,?,?,?)
Hibernate: insert into audit_logs (action,created_at,ip_address,new_value,old_value,request_id,target_id,target_table,user_id,user_agent,id) values (?,?,?,?,?,?,?,?,?,?,?)
2026-07-05T11:41:45.634+05:30 TRACE 13012 --- [decisionhub-backend] [           main] org.hibernate.orm.jdbc.bind              : binding parameter (1:VARCHAR) <- [LOGIN]
2026-07-05T11:41:45.634+05:30 TRACE 13012 --- [decisionhub-backend] [           main] org.hibernate.orm.jdbc.bind              : binding parameter (2:TIMESTAMP_UTC) <- [2026-07-05T06:11:45.631249300Z]
2026-07-05T11:41:45.634+05:30 TRACE 13012 --- [decisionhub-backend] [           main] org.hibernate.orm.jdbc.bind              : binding parameter (3:VARCHAR) <- [127.0.0.1]
2026-07-05T11:41:45.634+05:30 TRACE 13012 --- [decisionhub-backend] [           main] org.hibernate.orm.jdbc.bind              : binding parameter (4:JSON) <- [null]
2026-07-05T11:41:45.634+05:30 TRACE 13012 --- [decisionhub-backend] [           main] org.hibernate.orm.jdbc.bind              : binding parameter (5:JSON) <- [null]
2026-07-05T11:41:45.634+05:30 TRACE 13012 --- [decisionhub-backend] [           main] org.hibernate.orm.jdbc.bind              : binding parameter (6:VARCHAR) <- [null]
2026-07-05T11:41:45.634+05:30 TRACE 13012 --- [decisionhub-backend] [           main] org.hibernate.orm.jdbc.bind              : binding parameter (7:UUID) <- [ef75724a-e6a9-4187-9ea8-a240da441d9c]
2026-07-05T11:41:45.634+05:30 TRACE 13012 --- [decisionhub-backend] [           main] org.hibernate.orm.jdbc.bind              : binding parameter (8:VARCHAR) <- [users]
2026-07-05T11:41:45.634+05:30 TRACE 13012 --- [decisionhub-backend] [           main] org.hibernate.orm.jdbc.bind              : binding parameter (9:UUID) <- [ef75724a-e6a9-4187-9ea8-a240da441d9c]
2026-07-05T11:41:45.634+05:30 TRACE 13012 --- [decisionhub-backend] [           main] org.hibernate.orm.jdbc.bind              : binding parameter (10:VARCHAR) <- [null]
2026-07-05T11:41:45.634+05:30 TRACE 13012 --- [decisionhub-backend] [           main] org.hibernate.orm.jdbc.bind              : binding parameter (11:UUID) <- [266edb16-ce9d-40c3-b76e-23867d7d3dbe]
2026-07-05T11:41:45.644+05:30 DEBUG 13012 --- [decisionhub-backend] [           main] org.hibernate.SQL                        : select u1_0.id,u1_0.avatar_url,u1_0.created_at,u1_0.created_by,u1_0.deleted_at,u1_0.email,u1_0.first_name,u1_0.last_name,u1_0.password_hash,u1_0.role_id,r1_0.id,r1_0.created_at,r1_0.created_by,r1_0.deleted_at,r1_0.description,r1_0.name,p1_0.role_id,p1_1.id,p1_1.created_at,p1_1.created_by,p1_1.deleted_at,p1_1.description,p1_1.name,p1_1.updated_at,p1_1.updated_by,p1_1.version,r1_0.updated_at,r1_0.updated_by,r1_0.version,u1_0.status,u1_0.updated_at,u1_0.updated_by,u1_0.username,u1_0.version from users u1_0 join platform_roles r1_0 on r1_0.id=u1_0.role_id left join role_permissions p1_0 on r1_0.id=p1_0.role_id left join permissions p1_1 on p1_1.id=p1_0.permission_id where (u1_0.deleted_at IS NULL) and u1_0.username=?
Hibernate: select u1_0.id,u1_0.avatar_url,u1_0.created_at,u1_0.created_by,u1_0.deleted_at,u1_0.email,u1_0.first_name,u1_0.last_name,u1_0.password_hash,u1_0.role_id,r1_0.id,r1_0.created_at,r1_0.created_by,r1_0.deleted_at,r1_0.description,r1_0.name,p1_0.role_id,p1_1.id,p1_1.created_at,p1_1.created_by,p1_1.deleted_at,p1_1.description,p1_1.name,p1_1.updated_at,p1_1.updated_by,p1_1.version,r1_0.updated_at,r1_0.updated_by,r1_0.version,u1_0.status,u1_0.updated_at,u1_0.updated_by,u1_0.username,u1_0.version from users u1_0 join platform_roles r1_0 on r1_0.id=u1_0.role_id left join role_permissions p1_0 on r1_0.id=p1_0.role_id left join permissions p1_1 on p1_1.id=p1_0.permission_id where (u1_0.deleted_at IS NULL) and u1_0.username=?
2026-07-05T11:41:45.644+05:30 TRACE 13012 --- [decisionhub-backend] [           main] org.hibernate.orm.jdbc.bind              : binding parameter (1:VARCHAR) <- [creatoruser]
2026-07-05T11:41:45.646+05:30 DEBUG 13012 --- [decisionhub-backend] [           main] c.d.security.JwtAuthenticationFilter     : User creatoruser authenticated successfully via JWT
2026-07-05T11:41:45.655+05:30  INFO 13012 --- [decisionhub-backend] [           main] c.d.controller.CommunityController       : REST request to create community: Software Engineering Workspace
2026-07-05T11:41:45.656+05:30  INFO 13012 --- [decisionhub-backend] [           main] c.d.service.impl.CommunityServiceImpl    : Attempting to create community: Software Engineering Workspace
2026-07-05T11:41:45.657+05:30 DEBUG 13012 --- [decisionhub-backend] [           main] org.hibernate.SQL                        : select c1_0.id,c1_0.category_id,c1_0.created_at,c1_0.created_by,c1_0.creator_id,c1_0.deleted_at,c1_0.description,c1_0.name,c1_0.slug,c1_0.updated_at,c1_0.updated_by,c1_0.version from communities c1_0 where (c1_0.deleted_at IS NULL) and c1_0.slug=?
Hibernate: select c1_0.id,c1_0.category_id,c1_0.created_at,c1_0.created_by,c1_0.creator_id,c1_0.deleted_at,c1_0.description,c1_0.name,c1_0.slug,c1_0.updated_at,c1_0.updated_by,c1_0.version from communities c1_0 where (c1_0.deleted_at IS NULL) and c1_0.slug=?
2026-07-05T11:41:45.657+05:30 TRACE 13012 --- [decisionhub-backend] [           main] org.hibernate.orm.jdbc.bind              : binding parameter (1:VARCHAR) <- [software-eng]
2026-07-05T11:41:45.661+05:30 DEBUG 13012 --- [decisionhub-backend] [           main] org.hibernate.SQL                        : select u1_0.id,u1_0.avatar_url,u1_0.created_at,u1_0.created_by,u1_0.deleted_at,u1_0.email,u1_0.first_name,u1_0.last_name,u1_0.password_hash,u1_0.role_id,u1_0.status,u1_0.updated_at,u1_0.updated_by,u1_0.username,u1_0.version from users u1_0 where u1_0.id=? and (u1_0.deleted_at IS NULL)
Hibernate: select u1_0.id,u1_0.avatar_url,u1_0.created_at,u1_0.created_by,u1_0.deleted_at,u1_0.email,u1_0.first_name,u1_0.last_name,u1_0.password_hash,u1_0.role_id,u1_0.status,u1_0.updated_at,u1_0.updated_by,u1_0.username,u1_0.version from users u1_0 where u1_0.id=? and (u1_0.deleted_at IS NULL)
2026-07-05T11:41:45.662+05:30 TRACE 13012 --- [decisionhub-backend] [           main] org.hibernate.orm.jdbc.bind              : binding parameter (1:UUID) <- [4bd770fa-c6da-4521-b867-428a9ad612d9]
2026-07-05T11:41:45.674+05:30 DEBUG 13012 --- [decisionhub-backend] [           main] org.hibernate.SQL                        : select cm1_0.community_id,cm1_0.user_id,cm1_0.joined_at,cm1_0.role,cm1_0.status,cm1_0.updated_at from community_members cm1_0 where (cm1_0.community_id,cm1_0.user_id) in ((?,?))
Hibernate: select cm1_0.community_id,cm1_0.user_id,cm1_0.joined_at,cm1_0.role,cm1_0.status,cm1_0.updated_at from community_members cm1_0 where (cm1_0.community_id,cm1_0.user_id) in ((?,?))
2026-07-05T11:41:45.674+05:30 TRACE 13012 --- [decisionhub-backend] [           main] org.hibernate.orm.jdbc.bind              : binding parameter (1:UUID) <- [ab6ed690-794f-4056-bdbd-f7b259166ba8]
2026-07-05T11:41:45.674+05:30 TRACE 13012 --- [decisionhub-backend] [           main] org.hibernate.orm.jdbc.bind              : binding parameter (2:UUID) <- [4bd770fa-c6da-4521-b867-428a9ad612d9]
2026-07-05T11:41:45.682+05:30 DEBUG 13012 --- [decisionhub-backend] [           main] c.d.service.impl.AuditServiceImpl        : Auditing action: COMMUNITY_CREATED on target table: communities by user: creatoruser
2026-07-05T11:41:45.683+05:30 DEBUG 13012 --- [decisionhub-backend] [           main] org.hibernate.SQL                        : insert into audit_logs (action,created_at,ip_address,new_value,old_value,request_id,target_id,target_table,user_id,user_agent,id) values (?,?,?,?,?,?,?,?,?,?,?)
Hibernate: insert into audit_logs (action,created_at,ip_address,new_value,old_value,request_id,target_id,target_table,user_id,user_agent,id) values (?,?,?,?,?,?,?,?,?,?,?)
2026-07-05T11:41:45.683+05:30 TRACE 13012 --- [decisionhub-backend] [           main] org.hibernate.orm.jdbc.bind              : binding parameter (1:VARCHAR) <- [COMMUNITY_CREATED]
2026-07-05T11:41:45.683+05:30 TRACE 13012 --- [decisionhub-backend] [           main] org.hibernate.orm.jdbc.bind              : binding parameter (2:TIMESTAMP_UTC) <- [2026-07-05T06:11:45.682630800Z]
2026-07-05T11:41:45.683+05:30 TRACE 13012 --- [decisionhub-backend] [           main] org.hibernate.orm.jdbc.bind              : binding parameter (3:VARCHAR) <- [127.0.0.1]
2026-07-05T11:41:45.683+05:30 TRACE 13012 --- [decisionhub-backend] [           main] org.hibernate.orm.jdbc.bind              : binding parameter (4:JSON) <- [null]
2026-07-05T11:41:45.683+05:30 TRACE 13012 --- [decisionhub-backend] [           main] org.hibernate.orm.jdbc.bind              : binding parameter (5:JSON) <- [null]
2026-07-05T11:41:45.683+05:30 TRACE 13012 --- [decisionhub-backend] [           main] org.hibernate.orm.jdbc.bind              : binding parameter (6:VARCHAR) <- [null]
2026-07-05T11:41:45.683+05:30 TRACE 13012 --- [decisionhub-backend] [           main] org.hibernate.orm.jdbc.bind              : binding parameter (7:UUID) <- [ab6ed690-794f-4056-bdbd-f7b259166ba8]
2026-07-05T11:41:45.683+05:30 TRACE 13012 --- [decisionhub-backend] [           main] org.hibernate.orm.jdbc.bind              : binding parameter (8:VARCHAR) <- [communities]
2026-07-05T11:41:45.683+05:30 TRACE 13012 --- [decisionhub-backend] [           main] org.hibernate.orm.jdbc.bind              : binding parameter (9:UUID) <- [4bd770fa-c6da-4521-b867-428a9ad612d9]
2026-07-05T11:41:45.683+05:30 TRACE 13012 --- [decisionhub-backend] [           main] org.hibernate.orm.jdbc.bind              : binding parameter (10:VARCHAR) <- [null]
2026-07-05T11:41:45.685+05:30 TRACE 13012 --- [decisionhub-backend] [           main] org.hibernate.orm.jdbc.bind              : binding parameter (11:UUID) <- [08a7a257-7509-43bb-86d7-d20c44ffa5e6]
2026-07-05T11:41:45.694+05:30 DEBUG 13012 --- [decisionhub-backend] [           main] c.d.service.impl.AuditServiceImpl        : Auditing action: MEMBER_JOINED on target table: community_members by user: creatoruser
2026-07-05T11:41:45.695+05:30 DEBUG 13012 --- [decisionhub-backend] [           main] org.hibernate.SQL                        : insert into audit_logs (action,created_at,ip_address,new_value,old_value,request_id,target_id,target_table,user_id,user_agent,id) values (?,?,?,?,?,?,?,?,?,?,?)
Hibernate: insert into audit_logs (action,created_at,ip_address,new_value,old_value,request_id,target_id,target_table,user_id,user_agent,id) values (?,?,?,?,?,?,?,?,?,?,?)
2026-07-05T11:41:45.696+05:30 TRACE 13012 --- [decisionhub-backend] [           main] org.hibernate.orm.jdbc.bind              : binding parameter (1:VARCHAR) <- [MEMBER_JOINED]
2026-07-05T11:41:45.696+05:30 TRACE 13012 --- [decisionhub-backend] [           main] org.hibernate.orm.jdbc.bind              : binding parameter (2:TIMESTAMP_UTC) <- [2026-07-05T06:11:45.694770900Z]
2026-07-05T11:41:45.696+05:30 TRACE 13012 --- [decisionhub-backend] [           main] org.hibernate.orm.jdbc.bind              : binding parameter (3:VARCHAR) <- [127.0.0.1]
2026-07-05T11:41:45.696+05:30 TRACE 13012 --- [decisionhub-backend] [           main] org.hibernate.orm.jdbc.bind              : binding parameter (4:JSON) <- [null]
2026-07-05T11:41:45.696+05:30 TRACE 13012 --- [decisionhub-backend] [           main] org.hibernate.orm.jdbc.bind              : binding parameter (5:JSON) <- [null]
2026-07-05T11:41:45.696+05:30 TRACE 13012 --- [decisionhub-backend] [           main] org.hibernate.orm.jdbc.bind              : binding parameter (6:VARCHAR) <- [null]
2026-07-05T11:41:45.696+05:30 TRACE 13012 --- [decisionhub-backend] [           main] org.hibernate.orm.jdbc.bind              : binding parameter (7:UUID) <- [ab6ed690-794f-4056-bdbd-f7b259166ba8]
2026-07-05T11:41:45.696+05:30 TRACE 13012 --- [decisionhub-backend] [           main] org.hibernate.orm.jdbc.bind              : binding parameter (8:VARCHAR) <- [community_members]
2026-07-05T11:41:45.696+05:30 TRACE 13012 --- [decisionhub-backend] [           main] org.hibernate.orm.jdbc.bind              : binding parameter (9:UUID) <- [4bd770fa-c6da-4521-b867-428a9ad612d9]
2026-07-05T11:41:45.696+05:30 TRACE 13012 --- [decisionhub-backend] [           main] org.hibernate.orm.jdbc.bind              : binding parameter (10:VARCHAR) <- [null]
2026-07-05T11:41:45.696+05:30 TRACE 13012 --- [decisionhub-backend] [           main] org.hibernate.orm.jdbc.bind              : binding parameter (11:UUID) <- [6fc805e2-059b-4cee-8c24-25df4f7ff5ef]
2026-07-05T11:41:45.698+05:30  INFO 13012 --- [decisionhub-backend] [           main] c.d.service.impl.CommunityServiceImpl    : Community 'Software Engineering Workspace' created successfully
2026-07-05T11:41:45.699+05:30 DEBUG 13012 --- [decisionhub-backend] [           main] org.hibernate.SQL                        : insert into communities (category_id,created_at,created_by,creator_id,deleted_at,description,name,slug,updated_at,updated_by,version,id) values (?,?,?,?,?,?,?,?,?,?,?,?)
Hibernate: insert into communities (category_id,created_at,created_by,creator_id,deleted_at,description,name,slug,updated_at,updated_by,version,id) values (?,?,?,?,?,?,?,?,?,?,?,?)
2026-07-05T11:41:45.699+05:30 TRACE 13012 --- [decisionhub-backend] [           main] org.hibernate.orm.jdbc.bind              : binding parameter (1:UUID) <- [null]
2026-07-05T11:41:45.699+05:30 TRACE 13012 --- [decisionhub-backend] [           main] org.hibernate.orm.jdbc.bind              : binding parameter (2:TIMESTAMP_UTC) <- [2026-07-05T06:11:45.665745700Z]
2026-07-05T11:41:45.700+05:30 TRACE 13012 --- [decisionhub-backend] [           main] org.hibernate.orm.jdbc.bind              : binding parameter (3:VARCHAR) <- [null]
2026-07-05T11:41:45.700+05:30 TRACE 13012 --- [decisionhub-backend] [           main] org.hibernate.orm.jdbc.bind              : binding parameter (4:UUID) <- [4bd770fa-c6da-4521-b867-428a9ad612d9]
2026-07-05T11:41:45.700+05:30 TRACE 13012 --- [decisionhub-backend] [           main] org.hibernate.orm.jdbc.bind              : binding parameter (5:TIMESTAMP_UTC) <- [null]
2026-07-05T11:41:45.700+05:30 TRACE 13012 --- [decisionhub-backend] [           main] org.hibernate.orm.jdbc.bind              : binding parameter (6:VARCHAR) <- [A workspace for software engineering professionals and researchers.]
2026-07-05T11:41:45.700+05:30 TRACE 13012 --- [decisionhub-backend] [           main] org.hibernate.orm.jdbc.bind              : binding parameter (7:VARCHAR) <- [Software Engineering Workspace]
2026-07-05T11:41:45.700+05:30 TRACE 13012 --- [decisionhub-backend] [           main] org.hibernate.orm.jdbc.bind              : binding parameter (8:VARCHAR) <- [software-eng]
2026-07-05T11:41:45.700+05:30 TRACE 13012 --- [decisionhub-backend] [           main] org.hibernate.orm.jdbc.bind              : binding parameter (9:TIMESTAMP_UTC) <- [2026-07-05T06:11:45.665745700Z]
2026-07-05T11:41:45.700+05:30 TRACE 13012 --- [decisionhub-backend] [           main] org.hibernate.orm.jdbc.bind              : binding parameter (10:VARCHAR) <- [null]
2026-07-05T11:41:45.700+05:30 TRACE 13012 --- [decisionhub-backend] [           main] org.hibernate.orm.jdbc.bind              : binding parameter (11:BIGINT) <- [0]
2026-07-05T11:41:45.700+05:30 TRACE 13012 --- [decisionhub-backend] [           main] org.hibernate.orm.jdbc.bind              : binding parameter (12:UUID) <- [ab6ed690-794f-4056-bdbd-f7b259166ba8]
2026-07-05T11:41:45.702+05:30 DEBUG 13012 --- [decisionhub-backend] [           main] org.hibernate.SQL                        : insert into community_members (joined_at,role,status,updated_at,community_id,user_id) values (?,?,?,?,?,?)
Hibernate: insert into community_members (joined_at,role,status,updated_at,community_id,user_id) values (?,?,?,?,?,?)
2026-07-05T11:41:45.702+05:30 TRACE 13012 --- [decisionhub-backend] [           main] org.hibernate.orm.jdbc.bind              : binding parameter (1:TIMESTAMP_UTC) <- [2026-07-05T06:11:45.676629400Z]
2026-07-05T11:41:45.702+05:30 TRACE 13012 --- [decisionhub-backend] [           main] org.hibernate.orm.jdbc.bind              : binding parameter (2:VARCHAR) <- [MODERATOR]
2026-07-05T11:41:45.702+05:30 TRACE 13012 --- [decisionhub-backend] [           main] org.hibernate.orm.jdbc.bind              : binding parameter (3:VARCHAR) <- [ACTIVE]
2026-07-05T11:41:45.702+05:30 TRACE 13012 --- [decisionhub-backend] [           main] org.hibernate.orm.jdbc.bind              : binding parameter (4:TIMESTAMP_UTC) <- [2026-07-05T06:11:45.676629400Z]
2026-07-05T11:41:45.702+05:30 TRACE 13012 --- [decisionhub-backend] [           main] org.hibernate.orm.jdbc.bind              : binding parameter (5:UUID) <- [ab6ed690-794f-4056-bdbd-f7b259166ba8]
2026-07-05T11:41:45.702+05:30 TRACE 13012 --- [decisionhub-backend] [           main] org.hibernate.orm.jdbc.bind              : binding parameter (6:UUID) <- [4bd770fa-c6da-4521-b867-428a9ad612d9]
2026-07-05T11:41:45.729+05:30 DEBUG 13012 --- [decisionhub-backend] [           main] c.d.controller.CommunityController       : REST request to get community members list for ID: ab6ed690-794f-4056-bdbd-f7b259166ba8
2026-07-05T11:41:45.729+05:30 DEBUG 13012 --- [decisionhub-backend] [           main] c.d.service.impl.CommunityServiceImpl    : Fetching members list for community: ab6ed690-794f-4056-bdbd-f7b259166ba8
2026-07-05T11:41:45.739+05:30 DEBUG 13012 --- [decisionhub-backend] [           main] org.hibernate.SQL                        : select count(*) from communities c1_0 where (c1_0.deleted_at IS NULL) and c1_0.id=?
Hibernate: select count(*) from communities c1_0 where (c1_0.deleted_at IS NULL) and c1_0.id=?
2026-07-05T11:41:45.740+05:30 TRACE 13012 --- [decisionhub-backend] [           main] org.hibernate.orm.jdbc.bind              : binding parameter (1:UUID) <- [ab6ed690-794f-4056-bdbd-f7b259166ba8]
2026-07-05T11:41:45.743+05:30 DEBUG 13012 --- [decisionhub-backend] [           main] org.hibernate.SQL                        : select cm1_0.community_id,cm1_0.user_id,cm1_0.joined_at,cm1_0.role,cm1_0.status,cm1_0.updated_at from community_members cm1_0 where cm1_0.community_id=?
Hibernate: select cm1_0.community_id,cm1_0.user_id,cm1_0.joined_at,cm1_0.role,cm1_0.status,cm1_0.updated_at from community_members cm1_0 where cm1_0.community_id=?
2026-07-05T11:41:45.743+05:30 TRACE 13012 --- [decisionhub-backend] [           main] org.hibernate.orm.jdbc.bind              : binding parameter (1:UUID) <- [ab6ed690-794f-4056-bdbd-f7b259166ba8]
2026-07-05T11:41:45.746+05:30 DEBUG 13012 --- [decisionhub-backend] [           main] org.hibernate.SQL                        : select u1_0.id,u1_0.avatar_url,u1_0.created_at,u1_0.created_by,u1_0.deleted_at,u1_0.email,u1_0.first_name,u1_0.last_name,u1_0.password_hash,u1_0.role_id,u1_0.status,u1_0.updated_at,u1_0.updated_by,u1_0.username,u1_0.version from users u1_0 where u1_0.id=? and (u1_0.deleted_at IS NULL)
Hibernate: select u1_0.id,u1_0.avatar_url,u1_0.created_at,u1_0.created_by,u1_0.deleted_at,u1_0.email,u1_0.first_name,u1_0.last_name,u1_0.password_hash,u1_0.role_id,u1_0.status,u1_0.updated_at,u1_0.updated_by,u1_0.username,u1_0.version from users u1_0 where u1_0.id=? and (u1_0.deleted_at IS NULL)
2026-07-05T11:41:45.746+05:30 TRACE 13012 --- [decisionhub-backend] [           main] org.hibernate.orm.jdbc.bind              : binding parameter (1:UUID) <- [4bd770fa-c6da-4521-b867-428a9ad612d9]
2026-07-05T11:41:45.759+05:30 DEBUG 13012 --- [decisionhub-backend] [           main] org.hibernate.SQL                        : select al1_0.id,al1_0.action,al1_0.created_at,al1_0.ip_address,al1_0.new_value,al1_0.old_value,al1_0.request_id,al1_0.target_id,al1_0.target_table,al1_0.user_id,al1_0.user_agent from audit_logs al1_0
Hibernate: select al1_0.id,al1_0.action,al1_0.created_at,al1_0.ip_address,al1_0.new_value,al1_0.old_value,al1_0.request_id,al1_0.target_id,al1_0.target_table,al1_0.user_id,al1_0.user_agent from audit_logs al1_0
2026-07-05T11:41:45.768+05:30 DEBUG 13012 --- [decisionhub-backend] [           main] org.hibernate.SQL                        : select u1_0.id,u1_0.avatar_url,u1_0.created_at,u1_0.created_by,u1_0.deleted_at,u1_0.email,u1_0.first_name,u1_0.last_name,u1_0.password_hash,u1_0.role_id,r1_0.id,r1_0.created_at,r1_0.created_by,r1_0.deleted_at,r1_0.description,r1_0.name,p1_0.role_id,p1_1.id,p1_1.created_at,p1_1.created_by,p1_1.deleted_at,p1_1.description,p1_1.name,p1_1.updated_at,p1_1.updated_by,p1_1.version,r1_0.updated_at,r1_0.updated_by,r1_0.version,u1_0.status,u1_0.updated_at,u1_0.updated_by,u1_0.username,u1_0.version from users u1_0 join platform_roles r1_0 on r1_0.id=u1_0.role_id left join role_permissions p1_0 on r1_0.id=p1_0.role_id left join permissions p1_1 on p1_1.id=p1_0.permission_id where (u1_0.deleted_at IS NULL) and u1_0.username=?
Hibernate: select u1_0.id,u1_0.avatar_url,u1_0.created_at,u1_0.created_by,u1_0.deleted_at,u1_0.email,u1_0.first_name,u1_0.last_name,u1_0.password_hash,u1_0.role_id,r1_0.id,r1_0.created_at,r1_0.created_by,r1_0.deleted_at,r1_0.description,r1_0.name,p1_0.role_id,p1_1.id,p1_1.created_at,p1_1.created_by,p1_1.deleted_at,p1_1.description,p1_1.name,p1_1.updated_at,p1_1.updated_by,p1_1.version,r1_0.updated_at,r1_0.updated_by,r1_0.version,u1_0.status,u1_0.updated_at,u1_0.updated_by,u1_0.username,u1_0.version from users u1_0 join platform_roles r1_0 on r1_0.id=u1_0.role_id left join role_permissions p1_0 on r1_0.id=p1_0.role_id left join permissions p1_1 on p1_1.id=p1_0.permission_id where (u1_0.deleted_at IS NULL) and u1_0.username=?
2026-07-05T11:41:45.768+05:30 TRACE 13012 --- [decisionhub-backend] [           main] org.hibernate.orm.jdbc.bind              : binding parameter (1:VARCHAR) <- [creatoruser]
2026-07-05T11:41:45.772+05:30 DEBUG 13012 --- [decisionhub-backend] [           main] c.d.security.JwtAuthenticationFilter     : User creatoruser authenticated successfully via JWT
2026-07-05T11:41:45.774+05:30  INFO 13012 --- [decisionhub-backend] [           main] c.d.controller.CommunityController       : REST request to create community: Software Engineering Workspace
2026-07-05T11:41:45.774+05:30  INFO 13012 --- [decisionhub-backend] [           main] c.d.service.impl.CommunityServiceImpl    : Attempting to create community: Software Engineering Workspace
2026-07-05T11:41:45.776+05:30 DEBUG 13012 --- [decisionhub-backend] [           main] org.hibernate.SQL                        : select c1_0.id,c1_0.category_id,c1_0.created_at,c1_0.created_by,c1_0.creator_id,c1_0.deleted_at,c1_0.description,c1_0.name,c1_0.slug,c1_0.updated_at,c1_0.updated_by,c1_0.version from communities c1_0 where (c1_0.deleted_at IS NULL) and c1_0.slug=?
Hibernate: select c1_0.id,c1_0.category_id,c1_0.created_at,c1_0.created_by,c1_0.creator_id,c1_0.deleted_at,c1_0.description,c1_0.name,c1_0.slug,c1_0.updated_at,c1_0.updated_by,c1_0.version from communities c1_0 where (c1_0.deleted_at IS NULL) and c1_0.slug=?
2026-07-05T11:41:45.776+05:30 TRACE 13012 --- [decisionhub-backend] [           main] org.hibernate.orm.jdbc.bind              : binding parameter (1:VARCHAR) <- [software-eng]
2026-07-05T11:41:45.778+05:30  WARN 13012 --- [decisionhub-backend] [           main] c.d.exception.GlobalExceptionHandler     : Business rule violation: Slug 'software-eng' is already in use by another community on path /communities
2026-07-05T11:41:45.784+05:30 DEBUG 13012 --- [decisionhub-backend] [           main] org.hibernate.SQL                        : select u1_0.id,u1_0.avatar_url,u1_0.created_at,u1_0.created_by,u1_0.deleted_at,u1_0.email,u1_0.first_name,u1_0.last_name,u1_0.password_hash,u1_0.role_id,r1_0.id,r1_0.created_at,r1_0.created_by,r1_0.deleted_at,r1_0.description,r1_0.name,p1_0.role_id,p1_1.id,p1_1.created_at,p1_1.created_by,p1_1.deleted_at,p1_1.description,p1_1.name,p1_1.updated_at,p1_1.updated_by,p1_1.version,r1_0.updated_at,r1_0.updated_by,r1_0.version,u1_0.status,u1_0.updated_at,u1_0.updated_by,u1_0.username,u1_0.version from users u1_0 join platform_roles r1_0 on r1_0.id=u1_0.role_id left join role_permissions p1_0 on r1_0.id=p1_0.role_id left join permissions p1_1 on p1_1.id=p1_0.permission_id where (u1_0.deleted_at IS NULL) and u1_0.username=?
Hibernate: select u1_0.id,u1_0.avatar_url,u1_0.created_at,u1_0.created_by,u1_0.deleted_at,u1_0.email,u1_0.first_name,u1_0.last_name,u1_0.password_hash,u1_0.role_id,r1_0.id,r1_0.created_at,r1_0.created_by,r1_0.deleted_at,r1_0.description,r1_0.name,p1_0.role_id,p1_1.id,p1_1.created_at,p1_1.created_by,p1_1.deleted_at,p1_1.description,p1_1.name,p1_1.updated_at,p1_1.updated_by,p1_1.version,r1_0.updated_at,r1_0.updated_by,r1_0.version,u1_0.status,u1_0.updated_at,u1_0.updated_by,u1_0.username,u1_0.version from users u1_0 join platform_roles r1_0 on r1_0.id=u1_0.role_id left join role_permissions p1_0 on r1_0.id=p1_0.role_id left join permissions p1_1 on p1_1.id=p1_0.permission_id where (u1_0.deleted_at IS NULL) and u1_0.username=?
2026-07-05T11:41:45.784+05:30 TRACE 13012 --- [decisionhub-backend] [           main] org.hibernate.orm.jdbc.bind              : binding parameter (1:VARCHAR) <- [memberuser]
2026-07-05T11:41:45.789+05:30 DEBUG 13012 --- [decisionhub-backend] [           main] c.d.security.JwtAuthenticationFilter     : User memberuser authenticated successfully via JWT
2026-07-05T11:41:45.790+05:30  INFO 13012 --- [decisionhub-backend] [           main] c.d.controller.CommunityController       : REST request to join community: ab6ed690-794f-4056-bdbd-f7b259166ba8
2026-07-05T11:41:45.790+05:30  INFO 13012 --- [decisionhub-backend] [           main] c.d.service.impl.CommunityServiceImpl    : User requesting to join community: ab6ed690-794f-4056-bdbd-f7b259166ba8
2026-07-05T11:41:45.791+05:30 DEBUG 13012 --- [decisionhub-backend] [           main] org.hibernate.SQL                        : select c1_0.id,c1_0.category_id,c1_0.created_at,c1_0.created_by,c1_0.creator_id,c1_0.deleted_at,c1_0.description,c1_0.name,c1_0.slug,c1_0.updated_at,c1_0.updated_by,c1_0.version from communities c1_0 where c1_0.id=? and (c1_0.deleted_at IS NULL)
Hibernate: select c1_0.id,c1_0.category_id,c1_0.created_at,c1_0.created_by,c1_0.creator_id,c1_0.deleted_at,c1_0.description,c1_0.name,c1_0.slug,c1_0.updated_at,c1_0.updated_by,c1_0.version from communities c1_0 where c1_0.id=? and (c1_0.deleted_at IS NULL)
2026-07-05T11:41:45.791+05:30 TRACE 13012 --- [decisionhub-backend] [           main] org.hibernate.orm.jdbc.bind              : binding parameter (1:UUID) <- [ab6ed690-794f-4056-bdbd-f7b259166ba8]
2026-07-05T11:41:45.793+05:30 DEBUG 13012 --- [decisionhub-backend] [           main] org.hibernate.SQL                        : select u1_0.id,u1_0.avatar_url,u1_0.created_at,u1_0.created_by,u1_0.deleted_at,u1_0.email,u1_0.first_name,u1_0.last_name,u1_0.password_hash,u1_0.role_id,u1_0.status,u1_0.updated_at,u1_0.updated_by,u1_0.username,u1_0.version from users u1_0 where u1_0.id=? and (u1_0.deleted_at IS NULL)
Hibernate: select u1_0.id,u1_0.avatar_url,u1_0.created_at,u1_0.created_by,u1_0.deleted_at,u1_0.email,u1_0.first_name,u1_0.last_name,u1_0.password_hash,u1_0.role_id,u1_0.status,u1_0.updated_at,u1_0.updated_by,u1_0.username,u1_0.version from users u1_0 where u1_0.id=? and (u1_0.deleted_at IS NULL)
2026-07-05T11:41:45.793+05:30 TRACE 13012 --- [decisionhub-backend] [           main] org.hibernate.orm.jdbc.bind              : binding parameter (1:UUID) <- [ef75724a-e6a9-4187-9ea8-a240da441d9c]
2026-07-05T11:41:45.796+05:30 DEBUG 13012 --- [decisionhub-backend] [           main] org.hibernate.SQL                        : select cm1_0.community_id,cm1_0.user_id,cm1_0.joined_at,cm1_0.role,cm1_0.status,cm1_0.updated_at from community_members cm1_0 where (cm1_0.community_id,cm1_0.user_id) in ((?,?))
Hibernate: select cm1_0.community_id,cm1_0.user_id,cm1_0.joined_at,cm1_0.role,cm1_0.status,cm1_0.updated_at from community_members cm1_0 where (cm1_0.community_id,cm1_0.user_id) in ((?,?))
2026-07-05T11:41:45.796+05:30 TRACE 13012 --- [decisionhub-backend] [           main] org.hibernate.orm.jdbc.bind              : binding parameter (1:UUID) <- [ab6ed690-794f-4056-bdbd-f7b259166ba8]
2026-07-05T11:41:45.796+05:30 TRACE 13012 --- [decisionhub-backend] [           main] org.hibernate.orm.jdbc.bind              : binding parameter (2:UUID) <- [ef75724a-e6a9-4187-9ea8-a240da441d9c]
2026-07-05T11:41:45.797+05:30 DEBUG 13012 --- [decisionhub-backend] [           main] org.hibernate.SQL                        : select cm1_0.community_id,cm1_0.user_id,cm1_0.joined_at,cm1_0.role,cm1_0.status,cm1_0.updated_at from community_members cm1_0 where (cm1_0.community_id,cm1_0.user_id) in ((?,?))
Hibernate: select cm1_0.community_id,cm1_0.user_id,cm1_0.joined_at,cm1_0.role,cm1_0.status,cm1_0.updated_at from community_members cm1_0 where (cm1_0.community_id,cm1_0.user_id) in ((?,?))
2026-07-05T11:41:45.797+05:30 TRACE 13012 --- [decisionhub-backend] [           main] org.hibernate.orm.jdbc.bind              : binding parameter (1:UUID) <- [ab6ed690-794f-4056-bdbd-f7b259166ba8]
2026-07-05T11:41:45.797+05:30 TRACE 13012 --- [decisionhub-backend] [           main] org.hibernate.orm.jdbc.bind              : binding parameter (2:UUID) <- [ef75724a-e6a9-4187-9ea8-a240da441d9c]
2026-07-05T11:41:45.799+05:30 DEBUG 13012 --- [decisionhub-backend] [           main] c.d.service.impl.AuditServiceImpl        : Auditing action: MEMBER_JOINED on target table: community_members by user: memberuser
2026-07-05T11:41:45.800+05:30 DEBUG 13012 --- [decisionhub-backend] [           main] org.hibernate.SQL                        : insert into audit_logs (action,created_at,ip_address,new_value,old_value,request_id,target_id,target_table,user_id,user_agent,id) values (?,?,?,?,?,?,?,?,?,?,?)
Hibernate: insert into audit_logs (action,created_at,ip_address,new_value,old_value,request_id,target_id,target_table,user_id,user_agent,id) values (?,?,?,?,?,?,?,?,?,?,?)
2026-07-05T11:41:45.800+05:30 TRACE 13012 --- [decisionhub-backend] [           main] org.hibernate.orm.jdbc.bind              : binding parameter (1:VARCHAR) <- [MEMBER_JOINED]
2026-07-05T11:41:45.800+05:30 TRACE 13012 --- [decisionhub-backend] [           main] org.hibernate.orm.jdbc.bind              : binding parameter (2:TIMESTAMP_UTC) <- [2026-07-05T06:11:45.799985100Z]
2026-07-05T11:41:45.800+05:30 TRACE 13012 --- [decisionhub-backend] [           main] org.hibernate.orm.jdbc.bind              : binding parameter (3:VARCHAR) <- [127.0.0.1]
2026-07-05T11:41:45.800+05:30 TRACE 13012 --- [decisionhub-backend] [           main] org.hibernate.orm.jdbc.bind              : binding parameter (4:JSON) <- [null]
2026-07-05T11:41:45.800+05:30 TRACE 13012 --- [decisionhub-backend] [           main] org.hibernate.orm.jdbc.bind              : binding parameter (5:JSON) <- [null]
2026-07-05T11:41:45.800+05:30 TRACE 13012 --- [decisionhub-backend] [           main] org.hibernate.orm.jdbc.bind              : binding parameter (6:VARCHAR) <- [null]
2026-07-05T11:41:45.800+05:30 TRACE 13012 --- [decisionhub-backend] [           main] org.hibernate.orm.jdbc.bind              : binding parameter (7:UUID) <- [ab6ed690-794f-4056-bdbd-f7b259166ba8]
2026-07-05T11:41:45.800+05:30 TRACE 13012 --- [decisionhub-backend] [           main] org.hibernate.orm.jdbc.bind              : binding parameter (8:VARCHAR) <- [community_members]
2026-07-05T11:41:45.800+05:30 TRACE 13012 --- [decisionhub-backend] [           main] org.hibernate.orm.jdbc.bind              : binding parameter (9:UUID) <- [ef75724a-e6a9-4187-9ea8-a240da441d9c]
2026-07-05T11:41:45.800+05:30 TRACE 13012 --- [decisionhub-backend] [           main] org.hibernate.orm.jdbc.bind              : binding parameter (10:VARCHAR) <- [null]
2026-07-05T11:41:45.800+05:30 TRACE 13012 --- [decisionhub-backend] [           main] org.hibernate.orm.jdbc.bind              : binding parameter (11:UUID) <- [c5577463-4f04-426b-a372-abe4771052ee]
2026-07-05T11:41:45.805+05:30  INFO 13012 --- [decisionhub-backend] [           main] c.d.service.impl.CommunityServiceImpl    : User 'memberuser' joined community 'Software Engineering Workspace'
2026-07-05T11:41:45.806+05:30 DEBUG 13012 --- [decisionhub-backend] [           main] org.hibernate.SQL                        : insert into community_members (joined_at,role,status,updated_at,community_id,user_id) values (?,?,?,?,?,?)
Hibernate: insert into community_members (joined_at,role,status,updated_at,community_id,user_id) values (?,?,?,?,?,?)
2026-07-05T11:41:45.806+05:30 TRACE 13012 --- [decisionhub-backend] [           main] org.hibernate.orm.jdbc.bind              : binding parameter (1:TIMESTAMP_UTC) <- [2026-07-05T06:11:45.798990600Z]
2026-07-05T11:41:45.806+05:30 TRACE 13012 --- [decisionhub-backend] [           main] org.hibernate.orm.jdbc.bind              : binding parameter (2:VARCHAR) <- [MEMBER]
2026-07-05T11:41:45.806+05:30 TRACE 13012 --- [decisionhub-backend] [           main] org.hibernate.orm.jdbc.bind              : binding parameter (3:VARCHAR) <- [ACTIVE]
2026-07-05T11:41:45.806+05:30 TRACE 13012 --- [decisionhub-backend] [           main] org.hibernate.orm.jdbc.bind              : binding parameter (4:TIMESTAMP_UTC) <- [2026-07-05T06:11:45.798990600Z]
2026-07-05T11:41:45.806+05:30 TRACE 13012 --- [decisionhub-backend] [           main] org.hibernate.orm.jdbc.bind              : binding parameter (5:UUID) <- [ab6ed690-794f-4056-bdbd-f7b259166ba8]
2026-07-05T11:41:45.806+05:30 TRACE 13012 --- [decisionhub-backend] [           main] org.hibernate.orm.jdbc.bind              : binding parameter (6:UUID) <- [ef75724a-e6a9-4187-9ea8-a240da441d9c]
2026-07-05T11:41:45.814+05:30 DEBUG 13012 --- [decisionhub-backend] [           main] org.hibernate.SQL                        : select u1_0.id,u1_0.avatar_url,u1_0.created_at,u1_0.created_by,u1_0.deleted_at,u1_0.email,u1_0.first_name,u1_0.last_name,u1_0.password_hash,u1_0.role_id,r1_0.id,r1_0.created_at,r1_0.created_by,r1_0.deleted_at,r1_0.description,r1_0.name,p1_0.role_id,p1_1.id,p1_1.created_at,p1_1.created_by,p1_1.deleted_at,p1_1.description,p1_1.name,p1_1.updated_at,p1_1.updated_by,p1_1.version,r1_0.updated_at,r1_0.updated_by,r1_0.version,u1_0.status,u1_0.updated_at,u1_0.updated_by,u1_0.username,u1_0.version from users u1_0 join platform_roles r1_0 on r1_0.id=u1_0.role_id left join role_permissions p1_0 on r1_0.id=p1_0.role_id left join permissions p1_1 on p1_1.id=p1_0.permission_id where (u1_0.deleted_at IS NULL) and u1_0.username=?
Hibernate: select u1_0.id,u1_0.avatar_url,u1_0.created_at,u1_0.created_by,u1_0.deleted_at,u1_0.email,u1_0.first_name,u1_0.last_name,u1_0.password_hash,u1_0.role_id,r1_0.id,r1_0.created_at,r1_0.created_by,r1_0.deleted_at,r1_0.description,r1_0.name,p1_0.role_id,p1_1.id,p1_1.created_at,p1_1.created_by,p1_1.deleted_at,p1_1.description,p1_1.name,p1_1.updated_at,p1_1.updated_by,p1_1.version,r1_0.updated_at,r1_0.updated_by,r1_0.version,u1_0.status,u1_0.updated_at,u1_0.updated_by,u1_0.username,u1_0.version from users u1_0 join platform_roles r1_0 on r1_0.id=u1_0.role_id left join role_permissions p1_0 on r1_0.id=p1_0.role_id left join permissions p1_1 on p1_1.id=p1_0.permission_id where (u1_0.deleted_at IS NULL) and u1_0.username=?
2026-07-05T11:41:45.814+05:30 TRACE 13012 --- [decisionhub-backend] [           main] org.hibernate.orm.jdbc.bind              : binding parameter (1:VARCHAR) <- [memberuser]
2026-07-05T11:41:45.816+05:30 DEBUG 13012 --- [decisionhub-backend] [           main] c.d.security.JwtAuthenticationFilter     : User memberuser authenticated successfully via JWT
2026-07-05T11:41:45.818+05:30  INFO 13012 --- [decisionhub-backend] [           main] c.d.controller.CommunityController       : REST request to join community: ab6ed690-794f-4056-bdbd-f7b259166ba8
2026-07-05T11:41:45.818+05:30  INFO 13012 --- [decisionhub-backend] [           main] c.d.service.impl.CommunityServiceImpl    : User requesting to join community: ab6ed690-794f-4056-bdbd-f7b259166ba8
2026-07-05T11:41:45.820+05:30 DEBUG 13012 --- [decisionhub-backend] [           main] org.hibernate.SQL                        : select c1_0.id,c1_0.category_id,c1_0.created_at,c1_0.created_by,c1_0.creator_id,c1_0.deleted_at,c1_0.description,c1_0.name,c1_0.slug,c1_0.updated_at,c1_0.updated_by,c1_0.version from communities c1_0 where c1_0.id=? and (c1_0.deleted_at IS NULL)
Hibernate: select c1_0.id,c1_0.category_id,c1_0.created_at,c1_0.created_by,c1_0.creator_id,c1_0.deleted_at,c1_0.description,c1_0.name,c1_0.slug,c1_0.updated_at,c1_0.updated_by,c1_0.version from communities c1_0 where c1_0.id=? and (c1_0.deleted_at IS NULL)
2026-07-05T11:41:45.820+05:30 TRACE 13012 --- [decisionhub-backend] [           main] org.hibernate.orm.jdbc.bind              : binding parameter (1:UUID) <- [ab6ed690-794f-4056-bdbd-f7b259166ba8]
2026-07-05T11:41:45.822+05:30 DEBUG 13012 --- [decisionhub-backend] [           main] org.hibernate.SQL                        : select u1_0.id,u1_0.avatar_url,u1_0.created_at,u1_0.created_by,u1_0.deleted_at,u1_0.email,u1_0.first_name,u1_0.last_name,u1_0.password_hash,u1_0.role_id,u1_0.status,u1_0.updated_at,u1_0.updated_by,u1_0.username,u1_0.version from users u1_0 where u1_0.id=? and (u1_0.deleted_at IS NULL)
Hibernate: select u1_0.id,u1_0.avatar_url,u1_0.created_at,u1_0.created_by,u1_0.deleted_at,u1_0.email,u1_0.first_name,u1_0.last_name,u1_0.password_hash,u1_0.role_id,u1_0.status,u1_0.updated_at,u1_0.updated_by,u1_0.username,u1_0.version from users u1_0 where u1_0.id=? and (u1_0.deleted_at IS NULL)
2026-07-05T11:41:45.822+05:30 TRACE 13012 --- [decisionhub-backend] [           main] org.hibernate.orm.jdbc.bind              : binding parameter (1:UUID) <- [ef75724a-e6a9-4187-9ea8-a240da441d9c]
2026-07-05T11:41:45.823+05:30 DEBUG 13012 --- [decisionhub-backend] [           main] org.hibernate.SQL                        : select cm1_0.community_id,cm1_0.user_id,cm1_0.joined_at,cm1_0.role,cm1_0.status,cm1_0.updated_at from community_members cm1_0 where (cm1_0.community_id,cm1_0.user_id) in ((?,?))
[...]
2026-07-05T11:41:47.496+05:30 DEBUG 13012 --- [decisionhub-backend] [           main] org.hibernate.SQL                        : select u1_0.id,u1_0.avatar_url,u1_0.created_at,u1_0.created_by,u1_0.deleted_at,u1_0.email,u1_0.first_name,u1_0.last_name,u1_0.password_hash,u1_0.role_id,r1_0.id,r1_0.created_at,r1_0.created_by,r1_0.deleted_at,r1_0.description,r1_0.name,p1_0.role_id,p1_1.id,p1_1.created_at,p1_1.created_by,p1_1.deleted_at,p1_1.description,p1_1.name,p1_1.updated_at,p1_1.updated_by,p1_1.version,r1_0.updated_at,r1_0.updated_by,r1_0.version,u1_0.status,u1_0.updated_at,u1_0.updated_by,u1_0.username,u1_0.version from users u1_0 join platform_roles r1_0 on r1_0.id=u1_0.role_id left join role_permissions p1_0 on r1_0.id=p1_0.role_id left join permissions p1_1 on p1_1.id=p1_0.permission_id where (u1_0.deleted_at IS NULL) and u1_0.username=?
Hibernate: select u1_0.id,u1_0.avatar_url,u1_0.created_at,u1_0.created_by,u1_0.deleted_at,u1_0.email,u1_0.first_name,u1_0.last_name,u1_0.password_hash,u1_0.role_id,r1_0.id,r1_0.created_at,r1_0.created_by,r1_0.deleted_at,r1_0.description,r1_0.name,p1_0.role_id,p1_1.id,p1_1.created_at,p1_1.created_by,p1_1.deleted_at,p1_1.description,p1_1.name,p1_1.updated_at,p1_1.updated_by,p1_1.version,r1_0.updated_at,r1_0.updated_by,r1_0.version,u1_0.status,u1_0.updated_at,u1_0.updated_by,u1_0.username,u1_0.version from users u1_0 join platform_roles r1_0 on r1_0.id=u1_0.role_id left join role_permissions p1_0 on r1_0.id=p1_0.role_id left join permissions p1_1 on p1_1.id=p1_0.permission_id where (u1_0.deleted_at IS NULL) and u1_0.username=?
2026-07-05T11:41:47.497+05:30 TRACE 13012 --- [decisionhub-backend] [           main] org.hibernate.orm.jdbc.bind              : binding parameter (1:VARCHAR) <- [creatoruser]
2026-07-05T11:41:47.500+05:30 DEBUG 13012 --- [decisionhub-backend] [           main] c.d.security.JwtAuthenticationFilter     : User creatoruser authenticated successfully via JWT
2026-07-05T11:41:47.501+05:30  INFO 13012 --- [decisionhub-backend] [           main] c.d.controller.CommunityController       : REST request to create community: PostgreSQL Engines
2026-07-05T11:41:47.501+05:30  INFO 13012 --- [decisionhub-backend] [           main] c.d.service.impl.CommunityServiceImpl    : Attempting to create community: PostgreSQL Engines
2026-07-05T11:41:47.505+05:30 DEBUG 13012 --- [decisionhub-backend] [           main] org.hibernate.SQL                        : select c1_0.id,c1_0.category_id,c1_0.created_at,c1_0.created_by,c1_0.creator_id,c1_0.deleted_at,c1_0.description,c1_0.name,c1_0.slug,c1_0.updated_at,c1_0.updated_by,c1_0.version from communities c1_0 where (c1_0.deleted_at IS NULL) and c1_0.slug=?
Hibernate: select c1_0.id,c1_0.category_id,c1_0.created_at,c1_0.created_by,c1_0.creator_id,c1_0.deleted_at,c1_0.description,c1_0.name,c1_0.slug,c1_0.updated_at,c1_0.updated_by,c1_0.version from communities c1_0 where (c1_0.deleted_at IS NULL) and c1_0.slug=?
2026-07-05T11:41:47.505+05:30 TRACE 13012 --- [decisionhub-backend] [           main] org.hibernate.orm.jdbc.bind              : binding parameter (1:VARCHAR) <- [postgres-dev]
2026-07-05T11:41:47.506+05:30 DEBUG 13012 --- [decisionhub-backend] [           main] org.hibernate.SQL                        : select u1_0.id,u1_0.avatar_url,u1_0.created_at,u1_0.created_by,u1_0.deleted_at,u1_0.email,u1_0.first_name,u1_0.last_name,u1_0.password_hash,u1_0.role_id,u1_0.status,u1_0.updated_at,u1_0.updated_by,u1_0.username,u1_0.version from users u1_0 where u1_0.id=? and (u1_0.deleted_at IS NULL)
Hibernate: select u1_0.id,u1_0.avatar_url,u1_0.created_at,u1_0.created_by,u1_0.deleted_at,u1_0.email,u1_0.first_name,u1_0.last_name,u1_0.password_hash,u1_0.role_id,u1_0.status,u1_0.updated_at,u1_0.updated_by,u1_0.username,u1_0.version from users u1_0 where u1_0.id=? and (u1_0.deleted_at IS NULL)
2026-07-05T11:41:47.506+05:30 TRACE 13012 --- [decisionhub-backend] [           main] org.hibernate.orm.jdbc.bind              : binding parameter (1:UUID) <- [0a7911f6-69f2-4bb1-a91e-7ad90c93cafd]
2026-07-05T11:41:47.508+05:30 DEBUG 13012 --- [decisionhub-backend] [           main] org.hibernate.SQL                        : select cm1_0.community_id,cm1_0.user_id,cm1_0.joined_at,cm1_0.role,cm1_0.status,cm1_0.updated_at from community_members cm1_0 where (cm1_0.community_id,cm1_0.user_id) in ((?,?))
Hibernate: select cm1_0.community_id,cm1_0.user_id,cm1_0.joined_at,cm1_0.role,cm1_0.status,cm1_0.updated_at from community_members cm1_0 where (cm1_0.community_id,cm1_0.user_id) in ((?,?))
2026-07-05T11:41:47.508+05:30 TRACE 13012 --- [decisionhub-backend] [           main] org.hibernate.orm.jdbc.bind              : binding parameter (1:UUID) <- [dec3596f-e03b-4558-9a29-7294a2a3b4b4]
2026-07-05T11:41:47.508+05:30 TRACE 13012 --- [decisionhub-backend] [           main] org.hibernate.orm.jdbc.bind              : binding parameter (2:UUID) <- [0a7911f6-69f2-4bb1-a91e-7ad90c93cafd]
2026-07-05T11:41:47.510+05:30 DEBUG 13012 --- [decisionhub-backend] [           main] c.d.service.impl.AuditServiceImpl        : Auditing action: COMMUNITY_CREATED on target table: communities by user: creatoruser
2026-07-05T11:41:47.511+05:30 DEBUG 13012 --- [decisionhub-backend] [           main] org.hibernate.SQL                        : insert into audit_logs (action,created_at,ip_address,new_value,old_value,request_id,target_id,target_table,user_id,user_agent,id) values (?,?,?,?,?,?,?,?,?,?,?)
Hibernate: insert into audit_logs (action,created_at,ip_address,new_value,old_value,request_id,target_id,target_table,user_id,user_agent,id) values (?,?,?,?,?,?,?,?,?,?,?)
2026-07-05T11:41:47.512+05:30 TRACE 13012 --- [decisionhub-backend] [           main] org.hibernate.orm.jdbc.bind              : binding parameter (1:VARCHAR) <- [COMMUNITY_CREATED]
2026-07-05T11:41:47.512+05:30 TRACE 13012 --- [decisionhub-backend] [           main] org.hibernate.orm.jdbc.bind              : binding parameter (2:TIMESTAMP_UTC) <- [2026-07-05T06:11:47.510140200Z]
2026-07-05T11:41:47.512+05:30 TRACE 13012 --- [decisionhub-backend] [           main] org.hibernate.orm.jdbc.bind              : binding parameter (3:VARCHAR) <- [127.0.0.1]
2026-07-05T11:41:47.512+05:30 TRACE 13012 --- [decisionhub-backend] [           main] org.hibernate.orm.jdbc.bind              : binding parameter (4:JSON) <- [null]
2026-07-05T11:41:47.512+05:30 TRACE 13012 --- [decisionhub-backend] [           main] org.hibernate.orm.jdbc.bind              : binding parameter (5:JSON) <- [null]
2026-07-05T11:41:47.512+05:30 TRACE 13012 --- [decisionhub-backend] [           main] org.hibernate.orm.jdbc.bind              : binding parameter (6:VARCHAR) <- [null]
2026-07-05T11:41:47.512+05:30 TRACE 13012 --- [decisionhub-backend] [           main] org.hibernate.orm.jdbc.bind              : binding parameter (7:UUID) <- [dec3596f-e03b-4558-9a29-7294a2a3b4b4]
2026-07-05T11:41:47.512+05:30 TRACE 13012 --- [decisionhub-backend] [           main] org.hibernate.orm.jdbc.bind              : binding parameter (8:VARCHAR) <- [communities]
2026-07-05T11:41:47.512+05:30 TRACE 13012 --- [decisionhub-backend] [           main] org.hibernate.orm.jdbc.bind              : binding parameter (9:UUID) <- [0a7911f6-69f2-4bb1-a91e-7ad90c93cafd]
2026-07-05T11:41:47.512+05:30 TRACE 13012 --- [decisionhub-backend] [           main] org.hibernate.orm.jdbc.bind              : binding parameter (10:VARCHAR) <- [null]
2026-07-05T11:41:47.512+05:30 TRACE 13012 --- [decisionhub-backend] [           main] org.hibernate.orm.jdbc.bind              : binding parameter (11:UUID) <- [9b4c4369-a9a1-4c65-8bbe-146df6c3e90d]
2026-07-05T11:41:47.513+05:30 DEBUG 13012 --- [decisionhub-backend] [           main] c.d.service.impl.AuditServiceImpl        : Auditing action: MEMBER_JOINED on target table: community_members by user: creatoruser
2026-07-05T11:41:47.514+05:30 DEBUG 13012 --- [decisionhub-backend] [           main] org.hibernate.SQL                        : insert into audit_logs (action,created_at,ip_address,new_value,old_value,request_id,target_id,target_table,user_id,user_agent,id) values (?,?,?,?,?,?,?,?,?,?,?)
Hibernate: insert into audit_logs (action,created_at,ip_address,new_value,old_value,request_id,target_id,target_table,user_id,user_agent,id) values (?,?,?,?,?,?,?,?,?,?,?)
2026-07-05T11:41:47.515+05:30 TRACE 13012 --- [decisionhub-backend] [           main] org.hibernate.orm.jdbc.bind              : binding parameter (1:VARCHAR) <- [MEMBER_JOINED]
2026-07-05T11:41:47.515+05:30 TRACE 13012 --- [decisionhub-backend] [           main] org.hibernate.orm.jdbc.bind              : binding parameter (2:TIMESTAMP_UTC) <- [2026-07-05T06:11:47.514654Z]
2026-07-05T11:41:47.515+05:30 TRACE 13012 --- [decisionhub-backend] [           main] org.hibernate.orm.jdbc.bind              : binding parameter (3:VARCHAR) <- [127.0.0.1]
2026-07-05T11:41:47.515+05:30 TRACE 13012 --- [decisionhub-backend] [           main] org.hibernate.orm.jdbc.bind              : binding parameter (4:JSON) <- [null]
2026-07-05T11:41:47.515+05:30 TRACE 13012 --- [decisionhub-backend] [           main] org.hibernate.orm.jdbc.bind              : binding parameter (5:JSON) <- [null]
2026-07-05T11:41:47.515+05:30 TRACE 13012 --- [decisionhub-backend] [           main] org.hibernate.orm.jdbc.bind              : binding parameter (6:VARCHAR) <- [null]
2026-07-05T11:41:47.515+05:30 TRACE 13012 --- [decisionhub-backend] [           main] org.hibernate.orm.jdbc.bind              : binding parameter (7:UUID) <- [dec3596f-e03b-4558-9a29-7294a2a3b4b4]
2026-07-05T11:41:47.515+05:30 TRACE 13012 --- [decisionhub-backend] [           main] org.hibernate.orm.jdbc.bind              : binding parameter (8:VARCHAR) <- [community_members]
2026-07-05T11:41:47.515+05:30 TRACE 13012 --- [decisionhub-backend] [           main] org.hibernate.orm.jdbc.bind              : binding parameter (9:UUID) <- [0a7911f6-69f2-4bb1-a91e-7ad90c93cafd]
2026-07-05T11:41:47.515+05:30 TRACE 13012 --- [decisionhub-backend] [           main] org.hibernate.orm.jdbc.bind              : binding parameter (10:VARCHAR) <- [null]
2026-07-05T11:41:47.515+05:30 TRACE 13012 --- [decisionhub-backend] [           main] org.hibernate.orm.jdbc.bind              : binding parameter (11:UUID) <- [34682037-5f18-4d0f-a4cd-454cfa6c9bf0]
2026-07-05T11:41:47.517+05:30  INFO 13012 --- [decisionhub-backend] [           main] c.d.service.impl.CommunityServiceImpl    : Community 'PostgreSQL Engines' created successfully
2026-07-05T11:41:47.518+05:30 DEBUG 13012 --- [decisionhub-backend] [           main] org.hibernate.SQL                        : insert into communities (category_id,created_at,created_by,creator_id,deleted_at,description,name,slug,updated_at,updated_by,version,id) values (?,?,?,?,?,?,?,?,?,?,?,?)
Hibernate: insert into communities (category_id,created_at,created_by,creator_id,deleted_at,description,name,slug,updated_at,updated_by,version,id) values (?,?,?,?,?,?,?,?,?,?,?,?)
2026-07-05T11:41:47.518+05:30 TRACE 13012 --- [decisionhub-backend] [           main] org.hibernate.orm.jdbc.bind              : binding parameter (1:UUID) <- [null]
2026-07-05T11:41:47.518+05:30 TRACE 13012 --- [decisionhub-backend] [           main] org.hibernate.orm.jdbc.bind              : binding parameter (2:TIMESTAMP_UTC) <- [2026-07-05T06:11:47.507146200Z]
2026-07-05T11:41:47.518+05:30 TRACE 13012 --- [decisionhub-backend] [           main] org.hibernate.orm.jdbc.bind              : binding parameter (3:VARCHAR) <- [null]
2026-07-05T11:41:47.518+05:30 TRACE 13012 --- [decisionhub-backend] [           main] org.hibernate.orm.jdbc.bind              : binding parameter (4:UUID) <- [0a7911f6-69f2-4bb1-a91e-7ad90c93cafd]
2026-07-05T11:41:47.518+05:30 TRACE 13012 --- [decisionhub-backend] [           main] org.hibernate.orm.jdbc.bind              : binding parameter (5:TIMESTAMP_UTC) <- [null]
2026-07-05T11:41:47.518+05:30 TRACE 13012 --- [decisionhub-backend] [           main] org.hibernate.orm.jdbc.bind              : binding parameter (6:VARCHAR) <- [Advanced database engine architectures.]
2026-07-05T11:41:47.518+05:30 TRACE 13012 --- [decisionhub-backend] [           main] org.hibernate.orm.jdbc.bind              : binding parameter (7:VARCHAR) <- [PostgreSQL Engines]
2026-07-05T11:41:47.519+05:30 TRACE 13012 --- [decisionhub-backend] [           main] org.hibernate.orm.jdbc.bind              : binding parameter (8:VARCHAR) <- [postgres-dev]
2026-07-05T11:41:47.519+05:30 TRACE 13012 --- [decisionhub-backend] [           main] org.hibernate.orm.jdbc.bind              : binding parameter (9:TIMESTAMP_UTC) <- [2026-07-05T06:11:47.507146200Z]
2026-07-05T11:41:47.519+05:30 TRACE 13012 --- [decisionhub-backend] [           main] org.hibernate.orm.jdbc.bind              : binding parameter (10:VARCHAR) <- [null]
2026-07-05T11:41:47.519+05:30 TRACE 13012 --- [decisionhub-backend] [           main] org.hibernate.orm.jdbc.bind              : binding parameter (11:BIGINT) <- [0]
2026-07-05T11:41:47.519+05:30 TRACE 13012 --- [decisionhub-backend] [           main] org.hibernate.orm.jdbc.bind              : binding parameter (12:UUID) <- [dec3596f-e03b-4558-9a29-7294a2a3b4b4]
2026-07-05T11:41:47.520+05:30 DEBUG 13012 --- [decisionhub-backend] [           main] org.hibernate.SQL                        : insert into community_members (joined_at,role,status,updated_at,community_id,user_id) values (?,?,?,?,?,?)
Hibernate: insert into community_members (joined_at,role,status,updated_at,community_id,user_id) values (?,?,?,?,?,?)
2026-07-05T11:41:47.520+05:30 TRACE 13012 --- [decisionhub-backend] [           main] org.hibernate.orm.jdbc.bind              : binding parameter (1:TIMESTAMP_UTC) <- [2026-07-05T06:11:47.509140400Z]
2026-07-05T11:41:47.520+05:30 TRACE 13012 --- [decisionhub-backend] [           main] org.hibernate.orm.jdbc.bind              : binding parameter (2:VARCHAR) <- [MODERATOR]
2026-07-05T11:41:47.520+05:30 TRACE 13012 --- [decisionhub-backend] [           main] org.hibernate.orm.jdbc.bind              : binding parameter (3:VARCHAR) <- [ACTIVE]
2026-07-05T11:41:47.520+05:30 TRACE 13012 --- [decisionhub-backend] [           main] org.hibernate.orm.jdbc.bind              : binding parameter (4:TIMESTAMP_UTC) <- [2026-07-05T06:11:47.509140400Z]
2026-07-05T11:41:47.520+05:30 TRACE 13012 --- [decisionhub-backend] [           main] org.hibernate.orm.jdbc.bind              : binding parameter (5:UUID) <- [dec3596f-e03b-4558-9a29-7294a2a3b4b4]
2026-07-05T11:41:47.520+05:30 TRACE 13012 --- [decisionhub-backend] [           main] org.hibernate.orm.jdbc.bind              : binding parameter (6:UUID) <- [0a7911f6-69f2-4bb1-a91e-7ad90c93cafd]
2026-07-05T11:41:47.526+05:30 DEBUG 13012 --- [decisionhub-backend] [           main] c.d.controller.CommunityController       : REST request to search communities with query: Spring
2026-07-05T11:41:47.527+05:30 DEBUG 13012 --- [decisionhub-backend] [           main] c.d.service.impl.CommunityServiceImpl    : Performing full-text search on communities with query: Spring
2026-07-05T11:41:47.554+05:30 DEBUG 13012 --- [decisionhub-backend] [           main] org.hibernate.SQL                        : SELECT * FROM communities WHERE deleted_at IS NULL AND to_tsvector('english', coalesce(name, '') || ' ' || coalesce(description, '')) @@ plainto_tsquery('english', ?) fetch first ? rows only
Hibernate: SELECT * FROM communities WHERE deleted_at IS NULL AND to_tsvector('english', coalesce(name, '') || ' ' || coalesce(description, '')) @@ plainto_tsquery('english', ?) fetch first ? rows only
2026-07-05T11:41:47.554+05:30 TRACE 13012 --- [decisionhub-backend] [           main] org.hibernate.orm.jdbc.bind              : binding parameter (1:VARCHAR) <- [Spring]
2026-07-05T11:41:47.570+05:30 DEBUG 13012 --- [decisionhub-backend] [           main] org.hibernate.SQL                        : select u1_0.id,u1_0.avatar_url,u1_0.created_at,u1_0.created_by,u1_0.deleted_at,u1_0.email,u1_0.first_name,u1_0.last_name,u1_0.password_hash,u1_0.role_id,u1_0.status,u1_0.updated_at,u1_0.updated_by,u1_0.username,u1_0.version from users u1_0 where u1_0.id=? and (u1_0.deleted_at IS NULL)
Hibernate: select u1_0.id,u1_0.avatar_url,u1_0.created_at,u1_0.created_by,u1_0.deleted_at,u1_0.email,u1_0.first_name,u1_0.last_name,u1_0.password_hash,u1_0.role_id,u1_0.status,u1_0.updated_at,u1_0.updated_by,u1_0.username,u1_0.version from users u1_0 where u1_0.id=? and (u1_0.deleted_at IS NULL)
2026-07-05T11:41:47.570+05:30 TRACE 13012 --- [decisionhub-backend] [           main] org.hibernate.orm.jdbc.bind              : binding parameter (1:UUID) <- [0a7911f6-69f2-4bb1-a91e-7ad90c93cafd]
2026-07-05T11:41:47.577+05:30 DEBUG 13012 --- [decisionhub-backend] [           main] c.d.controller.CommunityController       : REST request to search communities with query: Database
2026-07-05T11:41:47.578+05:30 DEBUG 13012 --- [decisionhub-backend] [           main] c.d.service.impl.CommunityServiceImpl    : Performing full-text search on communities with query: Database
2026-07-05T11:41:47.578+05:30 DEBUG 13012 --- [decisionhub-backend] [           main] org.hibernate.SQL                        : SELECT * FROM communities WHERE deleted_at IS NULL AND to_tsvector('english', coalesce(name, '') || ' ' || coalesce(description, '')) @@ plainto_tsquery('english', ?) fetch first ? rows only
Hibernate: SELECT * FROM communities WHERE deleted_at IS NULL AND to_tsvector('english', coalesce(name, '') || ' ' || coalesce(description, '')) @@ plainto_tsquery('english', ?) fetch first ? rows only
2026-07-05T11:41:47.578+05:30 TRACE 13012 --- [decisionhub-backend] [           main] org.hibernate.orm.jdbc.bind              : binding parameter (1:VARCHAR) <- [Database]
2026-07-05T11:41:47.580+05:30 DEBUG 13012 --- [decisionhub-backend] [           main] org.hibernate.SQL                        : select u1_0.id,u1_0.avatar_url,u1_0.created_at,u1_0.created_by,u1_0.deleted_at,u1_0.email,u1_0.first_name,u1_0.last_name,u1_0.password_hash,u1_0.role_id,u1_0.status,u1_0.updated_at,u1_0.updated_by,u1_0.username,u1_0.version from users u1_0 where u1_0.id=? and (u1_0.deleted_at IS NULL)
Hibernate: select u1_0.id,u1_0.avatar_url,u1_0.created_at,u1_0.created_by,u1_0.deleted_at,u1_0.email,u1_0.first_name,u1_0.last_name,u1_0.password_hash,u1_0.role_id,u1_0.status,u1_0.updated_at,u1_0.updated_by,u1_0.username,u1_0.version from users u1_0 where u1_0.id=? and (u1_0.deleted_at IS NULL)
2026-07-05T11:41:47.580+05:30 TRACE 13012 --- [decisionhub-backend] [           main] org.hibernate.orm.jdbc.bind              : binding parameter (1:UUID) <- [0a7911f6-69f2-4bb1-a91e-7ad90c93cafd]
2026-07-05T11:41:47.584+05:30 DEBUG 13012 --- [decisionhub-backend] [           main] c.d.controller.CommunityController       : REST request to search communities with query: NonExistentWord
2026-07-05T11:41:47.584+05:30 DEBUG 13012 --- [decisionhub-backend] [           main] c.d.service.impl.CommunityServiceImpl    : Performing full-text search on communities with query: NonExistentWord
2026-07-05T11:41:47.585+05:30 DEBUG 13012 --- [decisionhub-backend] [           main] org.hibernate.SQL                        : SELECT * FROM communities WHERE deleted_at IS NULL AND to_tsvector('english', coalesce(name, '') || ' ' || coalesce(description, '')) @@ plainto_tsquery('english', ?) fetch first ? rows only
Hibernate: SELECT * FROM communities WHERE deleted_at IS NULL AND to_tsvector('english', coalesce(name, '') || ' ' || coalesce(description, '')) @@ plainto_tsquery('english', ?) fetch first ? rows only
2026-07-05T11:41:47.585+05:30 TRACE 13012 --- [decisionhub-backend] [           main] org.hibernate.orm.jdbc.bind              : binding parameter (1:VARCHAR) <- [NonExistentWord]
]]></system-out>
  </testcase>
</testsuite>